KODI-TXUPDATE v0.500 Logfile

2015-05-03 21:25+0000	INFO	Root Directory: kodi-translations/kodi-main/
2015-05-03 21:25+0000	INFO	HTTPHandler: Succesfuly found the .passwsords.xml file: kodi-translations/kodi-main/.passwords.xml
2015-05-03 21:25+0000	INFO	HTTPHandler: found login credentials for website prefix: https://www.transifex.com/api/2/project/
2015-05-03 21:25+0000	INFO	HTTPHandler: found login credentials for website prefix: https://api.github.com/
2015-05-03 21:25+0000	INFO	HTTPHandler: found login credentials for website prefix: https://raw.github.com/
2015-05-03 21:25+0000	INFO	HTTPHandler: found login credentials for website prefix: https://raw2.github.com/
2015-05-03 21:25+0000	INFO	HTTPHandler: found login credentials for website prefix: https://raw.githubusercontent.com/
2015-05-03 21:25+0000	INFO	HTTPHandler: found login credentials for website prefix: https://raw2.githubusercontent.com/
2015-05-03 21:25+0000	INFO	HTTPHandler: Cache directory set to: kodi-translations/kodi-main/.httpcache
2015-05-03 21:25+0000	INFO	UpdXMLHandler: Succesfuly found the update.xml file in the specified project directory
2015-05-03 21:25+0000	INFO	UpdXMLHandler: Found http cache expire time in kodi-txupdate.xml file: 60
2015-05-03 21:25+0000	INFO	UpdXMLHandler: Found projectname in kodi-txupdate.xml file: xbmc-main
2015-05-03 21:25+0000	INFO	UpdXMLHandler: Found target projectname in kodi-txupdate.xml file: update-test1
2015-05-03 21:25+0000	INFO	UpdXMLHandler: Found long projectname in kodi-txupdate.xml file: Kodi Main
2015-05-03 21:25+0000	INFO	UpdXMLHandler: Found tx langformat in kodi-txupdate.xml file: $(OLDLCODE)
2015-05-03 21:25+0000	INFO	UpdXMLHandler: Found target tx langformat in kodi-txupdate.xml file: $(LCODE)
2015-05-03 21:25+0000	INFO	UpdXMLHandler: Found addon.xml langformat in kodi-txupdate.xml file: $(OLDLCODE)
2015-05-03 21:25+0000	INFO	UpdXMLHandler: Found language database URL in kodi-txupdate.xml file: https://raw.github.com/xbmc/translations/master/tool/lang-database/kodi-languages.json
2015-05-03 21:25+0000	INFO	UpdXMLHandler: found base language code format in kodi-txupdate.xml file: $(LCODE)
2015-05-03 21:25+0000	INFO	UpdXMLHandler: Found min completion percentage in kodi-txupdate.xml file: 1%
2015-05-03 21:25+0000	INFO	UpdXMLHandler: No merged language file directory specified in kodi-txupdate.xml file. Using default value: merged-langfiles
2015-05-03 21:25+0000	INFO	UpdXMLHandler: Found sourcelcode in kodi-txupdate.xml file: en_GB
2015-05-03 21:25+0000	INFO	UpdXMLHandler: No temp tx update language file directory specified in kodi-txupdate.xml file. Using default value: tempfiles_txupdate
2015-05-03 21:25+0000	INFO	UpdXMLHandler: Found support email address in kodi-txupdate.xml file: http://trac.xbmc.org/
2015-05-03 21:25+0000	INFO	UpdXMLHandler: Found language team format to put into PO files in kodi-txupdate.xml file: $(GUILNAME)
2015-05-03 21:25+0000	INFO	UpdXMLHandler: found resource in update.xml file: kodi.core, Type: , SubDir: kodi.core/resource.language.$(LOWLCODE)/addon.xml
2015-05-03 21:25+0000	INFO	UpdXMLHandler: UpstreamURL entry is empty for resource repository.xbmc.org, which means we have no language files for this addon
2015-05-03 21:25+0000	INFO	UpdXMLHandler: found resource in update.xml file: repository.xbmc.org, Type: , SubDir: repository.xbmc.org/addon.xml
2015-05-03 21:25+0000	INFO	UpdXMLHandler: UpstreamURL entry is empty for resource screensaver.rsxs.euphoria, which means we have no language files for this addon
2015-05-03 21:25+0000	INFO	UpdXMLHandler: found resource in update.xml file: screensaver.rsxs.euphoria, Type: , SubDir: screensaver.rsxs.euphoria/addon.xml
2015-05-03 21:25+0000	INFO	UpdXMLHandler: UpstreamURL entry is empty for resource screensaver.rsxs.plasma, which means we have no language files for this addon
2015-05-03 21:25+0000	INFO	UpdXMLHandler: found resource in update.xml file: screensaver.rsxs.plasma, Type: , SubDir: screensaver.rsxs.plasma/addon.xml
2015-05-03 21:25+0000	INFO	UpdXMLHandler: UpstreamURL entry is empty for resource screensaver.rsxs.solarwinds, which means we have no language files for this addon
2015-05-03 21:25+0000	INFO	UpdXMLHandler: found resource in update.xml file: screensaver.rsxs.solarwinds, Type: , SubDir: screensaver.rsxs.solarwinds/addon.xml
2015-05-03 21:25+0000	INFO	UpdXMLHandler: UpstreamURL entry is empty for resource screensaver.xbmc.builtin.black, which means we have no language files for this addon
2015-05-03 21:25+0000	INFO	UpdXMLHandler: found resource in update.xml file: screensaver.xbmc.builtin.black, Type: , SubDir: screensaver.xbmc.builtin.black/addon.xml
2015-05-03 21:25+0000	INFO	UpdXMLHandler: found resource in update.xml file: screensaver.xbmc.builtin.dim, Type: , SubDir: screensaver.xbmc.builtin.dim/addon.xml
2015-05-03 21:25+0000	INFO	UpdXMLHandler: found resource in update.xml file: skin.confluence, Type: , SubDir: skin.confluence/addon.xml
2015-05-03 21:25+0000	INFO	UpdXMLHandler: found resource in update.xml file: visualization.dxspectrum, Type: , SubDir: visualization.dxspectrum/addon.xml
2015-05-03 21:25+0000	INFO	UpdXMLHandler: found resource in update.xml file: visualization.glspectrum, Type: , SubDir: visualization.glspectrum/addon.xml
2015-05-03 21:25+0000	INFO	UpdXMLHandler: found resource in update.xml file: visualization.milkdrop, Type: , SubDir: visualization.milkdrop/addon.xml
2015-05-03 21:25+0000	INFO	UpdXMLHandler: found resource in update.xml file: visualization.projectm, Type: , SubDir: visualization.projectm/addon.xml
2015-05-03 21:25+0000	INFO	UpdXMLHandler: UpstreamURL entry is empty for resource visualization.waveform, which means we have no language files for this addon
2015-05-03 21:25+0000	INFO	UpdXMLHandler: found resource in update.xml file: visualization.waveform, Type: , SubDir: visualization.waveform/addon.xml
2015-05-03 21:25+0000	INFO	UpdXMLHandler: UpstreamURL entry is empty for resource webinterface.default, which means we have no language files for this addon
2015-05-03 21:25+0000	INFO	UpdXMLHandler: found resource in update.xml file: webinterface.default, Type: , SubDir: webinterface.default/addon.xml
2015-05-03 21:25+0000	INFO	UpdXMLHandler: found resource in update.xml file: visualization.vortex, Type: , SubDir: visualization.vortex/addon.xml
2015-05-03 21:25+0000	INFO	UpdXMLHandler: found resource in update.xml file: visualization.fishbmc, Type: , SubDir: visualization.fishbmc/addon.xml
2015-05-03 21:25+0000	INFO	UpdXMLHandler: found resource in update.xml file: pvr.argustv, Type: , SubDir: pvr.argustv/addon.xml
2015-05-03 21:25+0000	INFO	UpdXMLHandler: found resource in update.xml file: pvr.hts, Type: , SubDir: pvr.hts/addon.xml
2015-05-03 21:25+0000	INFO	UpdXMLHandler: found resource in update.xml file: pvr.iptvsimple, Type: , SubDir: pvr.iptvsimple/addon.xml
2015-05-03 21:25+0000	INFO	UpdXMLHandler: found resource in update.xml file: pvr.mediaportal.tvserver, Type: , SubDir: pvr.mediaportal.tvserver/addon.xml
2015-05-03 21:25+0000	INFO	UpdXMLHandler: found resource in update.xml file: pvr.nextpvr, Type: , SubDir: pvr.nextpvr/addon.xml
2015-05-03 21:25+0000	INFO	UpdXMLHandler: found resource in update.xml file: pvr.vdr.vnsi, Type: , SubDir: pvr.vdr.vnsi/addon.xml
2015-05-03 21:25+0000	INFO	UpdXMLHandler: found resource in update.xml file: pvr.vuplus, Type: , SubDir: pvr.vuplus/addon.xml
2015-05-03 21:25+0000	INFO	UpdXMLHandler: found resource in update.xml file: pvr.mythtv, Type: , SubDir: pvr.mythtv/addon.xml
2015-05-03 21:25+0000	INFO	UpdXMLHandler: found resource in update.xml file: pvr.dvbviewer, Type: , SubDir: pvr.dvbviewer/addon.xml
2015-05-03 21:25+0000	INFO	UpdXMLHandler: UpstreamURL entry is empty for resource pvr.demo, which means we have no language files for this addon
2015-05-03 21:25+0000	INFO	UpdXMLHandler: found resource in update.xml file: pvr.demo, Type: , SubDir: pvr.demo/addon.xml
2015-05-03 21:25+0000	INFO	UpdXMLHandler: found resource in update.xml file: pvr.njoy, Type: , SubDir: pvr.njoy/addon.xml
2015-05-03 21:25+0000	INFO	UpdXMLHandler: found resource in update.xml file: pvr.dvblink, Type: , SubDir: pvr.dvblink/addon.xml
2015-05-03 21:25+0000	INFO	UpdXMLHandler: found resource in update.xml file: pvr.wmc, Type: , SubDir: pvr.wmc/addon.xml
2015-05-03 21:25+0000	INFO	UpdXMLHandler: found resource in update.xml file: pvr.filmon, Type: , SubDir: pvr.filmon/addon.xml
2015-05-03 21:25+0000	INFO	UpdXMLHandler: found resource in update.xml file: pvr.pctv, Type: , SubDir: pvr.pctv/addon.xml
2015-05-03 21:25+0000	INFO	UpdXMLHandler: found resource in update.xml file: pvr.vbox, Type: , SubDir: pvr.vbox/addon.xml
2015-05-03 21:25+0000	INFO	UpdXMLHandler: found resource in update.xml file: pvr.stalker, Type: , SubDir: pvr.stalker/addon.xml
2015-05-03 21:25+0000	INFO	LCodeHandler: Succesfully fetched 73 language codes from URL https://raw.github.com/xbmc/translations/master/tool/lang-database/kodi-languages.json
2015-05-03 21:25+0000	INFO	HTTPHandler: curlURLToCache finished with success from URL https://www.transifex.com/api/2/project/update-test1/resources/ to cachefile kodi-translations/kodi-main/.httpcache/GET/https%30//www.transifex.com/api/2/project/update-test1/resources-, read filesize: 405bytes
2015-05-03 21:25+0000	INFO	JSONHandler: found resource on Transifex server: kodi-core
2015-05-03 21:25+0000	INFO	JSONHandler: found resource on Transifex server: pvr-iptvsimple
2015-05-03 21:25+0000	INFO	JSONHandler: Found 2 resources at Transifex server
2015-05-03 21:25+0000	INFO	CProjectHandler::UploadTXUpdateFiles: Uploading resource: kodi.core, from langdir: kodi-translations/kodi-main/tempfiles_txupdate/kodi.core/
2015-05-03 21:25+0000	INFO	HTTPHandler::PutFileToURL: Uploading file to Transifex: kodi-translations/kodi-main/tempfiles_txupdate/kodi.core/en_GB/strings.po
2015-05-03 21:25+0000	INFO	HTTPHandler::curlFileToURL finished with success from File kodi-translations/kodi-main/tempfiles_txupdate/kodi.core/en_GB/strings.po to URL https://www.transifex.com/api/2/project/update-test1/resource/kodi-core/content/
2015-05-03 21:25+0000	INFO	HTTPHandler::PutFileToURL: File upload was successful so creating a copy at the .httpcache directory
2015-05-03 21:25+0000	INFO	HTTPHandler::PutFileToURL: Uploading file to Transifex: kodi-translations/kodi-main/tempfiles_txupdate/kodi.core/tr_TR/strings.po
2015-05-03 21:25+0000	INFO	HTTPHandler::curlFileToURL finished with success from File kodi-translations/kodi-main/tempfiles_txupdate/kodi.core/tr_TR/strings.po to URL https://www.transifex.com/api/2/project/update-test1/resource/kodi-core/translation/tr_TR/
2015-05-03 21:25+0000	INFO	HTTPHandler::PutFileToURL: File upload was successful so creating a copy at the .httpcache directory
2015-05-03 21:25+0000	INFO	CProjectHandler::UploadTXUpdateFiles: Uploading resource: pvr.argustv, from langdir: kodi-translations/kodi-main/tempfiles_txupdate/pvr.argustv/
2015-05-03 21:25+0000	INFO	CProjectHandler::GetLangsFromDir: no English directory found at langdir: kodi-translations/kodi-main/tempfiles_txupdate/pvr.argustv/, skipping upload for this resource.
2015-05-03 21:25+0000	INFO	CProjectHandler::UploadTXUpdateFiles: Uploading resource: pvr.demo, from langdir: kodi-translations/kodi-main/tempfiles_txupdate/pvr.demo/
2015-05-03 21:25+0000	INFO	CProjectHandler::GetLangsFromDir: no English directory found at langdir: kodi-translations/kodi-main/tempfiles_txupdate/pvr.demo/, skipping upload for this resource.
2015-05-03 21:25+0000	INFO	CProjectHandler::UploadTXUpdateFiles: Uploading resource: pvr.dvblink, from langdir: kodi-translations/kodi-main/tempfiles_txupdate/pvr.dvblink/
2015-05-03 21:25+0000	INFO	CProjectHandler::GetLangsFromDir: no English directory found at langdir: kodi-translations/kodi-main/tempfiles_txupdate/pvr.dvblink/, skipping upload for this resource.
2015-05-03 21:25+0000	INFO	CProjectHandler::UploadTXUpdateFiles: Uploading resource: pvr.dvbviewer, from langdir: kodi-translations/kodi-main/tempfiles_txupdate/pvr.dvbviewer/
2015-05-03 21:25+0000	INFO	CProjectHandler::GetLangsFromDir: no English directory found at langdir: kodi-translations/kodi-main/tempfiles_txupdate/pvr.dvbviewer/, skipping upload for this resource.
2015-05-03 21:25+0000	INFO	CProjectHandler::UploadTXUpdateFiles: Uploading resource: pvr.filmon, from langdir: kodi-translations/kodi-main/tempfiles_txupdate/pvr.filmon/
2015-05-03 21:25+0000	INFO	CProjectHandler::GetLangsFromDir: no English directory found at langdir: kodi-translations/kodi-main/tempfiles_txupdate/pvr.filmon/, skipping upload for this resource.
2015-05-03 21:25+0000	INFO	CProjectHandler::UploadTXUpdateFiles: Uploading resource: pvr.hts, from langdir: kodi-translations/kodi-main/tempfiles_txupdate/pvr.hts/
2015-05-03 21:25+0000	INFO	CProjectHandler::GetLangsFromDir: no English directory found at langdir: kodi-translations/kodi-main/tempfiles_txupdate/pvr.hts/, skipping upload for this resource.
2015-05-03 21:25+0000	INFO	CProjectHandler::UploadTXUpdateFiles: Uploading resource: pvr.iptvsimple, from langdir: kodi-translations/kodi-main/tempfiles_txupdate/pvr.iptvsimple/
2015-05-03 21:25+0000	INFO	HTTPHandler::PutFileToURL: Uploading file to Transifex: kodi-translations/kodi-main/tempfiles_txupdate/pvr.iptvsimple/en_GB/strings.po
2015-05-03 21:25+0000	INFO	HTTPHandler::curlFileToURL finished with success from File kodi-translations/kodi-main/tempfiles_txupdate/pvr.iptvsimple/en_GB/strings.po to URL https://www.transifex.com/api/2/project/update-test1/resource/pvr-iptvsimple/content/
2015-05-03 21:25+0000	INFO	HTTPHandler::PutFileToURL: File upload was successful so creating a copy at the .httpcache directory
2015-05-03 21:25+0000	INFO	CProjectHandler::UploadTXUpdateFiles: Uploading resource: pvr.mediaportal.tvserver, from langdir: kodi-translations/kodi-main/tempfiles_txupdate/pvr.mediaportal.tvserver/
2015-05-03 21:25+0000	INFO	CProjectHandler::GetLangsFromDir: no English directory found at langdir: kodi-translations/kodi-main/tempfiles_txupdate/pvr.mediaportal.tvserver/, skipping upload for this resource.
2015-05-03 21:25+0000	INFO	CProjectHandler::UploadTXUpdateFiles: Uploading resource: pvr.mythtv, from langdir: kodi-translations/kodi-main/tempfiles_txupdate/pvr.mythtv/
2015-05-03 21:25+0000	INFO	CProjectHandler::GetLangsFromDir: no English directory found at langdir: kodi-translations/kodi-main/tempfiles_txupdate/pvr.mythtv/, skipping upload for this resource.
2015-05-03 21:25+0000	INFO	CProjectHandler::UploadTXUpdateFiles: Uploading resource: pvr.nextpvr, from langdir: kodi-translations/kodi-main/tempfiles_txupdate/pvr.nextpvr/
2015-05-03 21:25+0000	INFO	CProjectHandler::GetLangsFromDir: no English directory found at langdir: kodi-translations/kodi-main/tempfiles_txupdate/pvr.nextpvr/, skipping upload for this resource.
2015-05-03 21:25+0000	INFO	CProjectHandler::UploadTXUpdateFiles: Uploading resource: pvr.njoy, from langdir: kodi-translations/kodi-main/tempfiles_txupdate/pvr.njoy/
2015-05-03 21:25+0000	INFO	CProjectHandler::GetLangsFromDir: no English directory found at langdir: kodi-translations/kodi-main/tempfiles_txupdate/pvr.njoy/, skipping upload for this resource.
2015-05-03 21:25+0000	INFO	CProjectHandler::UploadTXUpdateFiles: Uploading resource: pvr.pctv, from langdir: kodi-translations/kodi-main/tempfiles_txupdate/pvr.pctv/
2015-05-03 21:25+0000	INFO	CProjectHandler::UploadTXUpdateFiles: No resource pvr.pctv exists on Transifex. Creating it now.
2015-05-03 21:25+0000	INFO	CHTTPHandler::CreateNewResource finished with success for resource pvr-pctv from EN PO file kodi-translations/kodi-main/tempfiles_txupdate/pvr.pctv/en_GB/strings.po to URL https://www.transifex.com/api/2/project/update-test1/resources/
2015-05-03 21:25+0000	INFO	CProjectHandler::UploadTXUpdateFiles: Resource pvr.pctv was succesfully created with 11 Source language strings.
2015-05-03 21:25+0000	INFO	CProjectHandler::UploadTXUpdateFiles: Uploading resource: pvr.stalker, from langdir: kodi-translations/kodi-main/tempfiles_txupdate/pvr.stalker/
2015-05-03 21:25+0000	INFO	CProjectHandler::UploadTXUpdateFiles: No resource pvr.stalker exists on Transifex. Creating it now.
2015-05-03 21:25+0000	INFO	CHTTPHandler::CreateNewResource finished with success for resource pvr-stalker from EN PO file kodi-translations/kodi-main/tempfiles_txupdate/pvr.stalker/en_GB/strings.po to URL https://www.transifex.com/api/2/project/update-test1/resources/
2015-05-03 21:25+0000	INFO	CProjectHandler::UploadTXUpdateFiles: Resource pvr.stalker was succesfully created with 6 Source language strings.
2015-05-03 21:25+0000	INFO	CProjectHandler::UploadTXUpdateFiles: Uploading resource: pvr.vbox, from langdir: kodi-translations/kodi-main/tempfiles_txupdate/pvr.vbox/
2015-05-03 21:25+0000	INFO	CProjectHandler::UploadTXUpdateFiles: No resource pvr.vbox exists on Transifex. Creating it now.
2015-05-03 21:25+0000	INFO	CHTTPHandler::CreateNewResource finished with success for resource pvr-vbox from EN PO file kodi-translations/kodi-main/tempfiles_txupdate/pvr.vbox/en_GB/strings.po to URL https://www.transifex.com/api/2/project/update-test1/resources/
2015-05-03 21:25+0000	INFO	CProjectHandler::UploadTXUpdateFiles: Resource pvr.vbox was succesfully created with 13 Source language strings.
2015-05-03 21:25+0000	INFO	CProjectHandler::UploadTXUpdateFiles: Uploading resource: pvr.vdr.vnsi, from langdir: kodi-translations/kodi-main/tempfiles_txupdate/pvr.vdr.vnsi/
2015-05-03 21:25+0000	INFO	CProjectHandler::GetLangsFromDir: no English directory found at langdir: kodi-translations/kodi-main/tempfiles_txupdate/pvr.vdr.vnsi/, skipping upload for this resource.
2015-05-03 21:25+0000	INFO	CProjectHandler::UploadTXUpdateFiles: Uploading resource: pvr.vuplus, from langdir: kodi-translations/kodi-main/tempfiles_txupdate/pvr.vuplus/
2015-05-03 21:25+0000	INFO	CProjectHandler::GetLangsFromDir: no English directory found at langdir: kodi-translations/kodi-main/tempfiles_txupdate/pvr.vuplus/, skipping upload for this resource.
2015-05-03 21:25+0000	INFO	CProjectHandler::UploadTXUpdateFiles: Uploading resource: pvr.wmc, from langdir: kodi-translations/kodi-main/tempfiles_txupdate/pvr.wmc/
2015-05-03 21:25+0000	INFO	CProjectHandler::GetLangsFromDir: no English directory found at langdir: kodi-translations/kodi-main/tempfiles_txupdate/pvr.wmc/, skipping upload for this resource.
2015-05-03 21:25+0000	INFO	CProjectHandler::UploadTXUpdateFiles: Uploading resource: repository.xbmc.org, from langdir: kodi-translations/kodi-main/tempfiles_txupdate/repository.xbmc.org/
2015-05-03 21:25+0000	INFO	CProjectHandler::GetLangsFromDir: no English directory found at langdir: kodi-translations/kodi-main/tempfiles_txupdate/repository.xbmc.org/, skipping upload for this resource.
2015-05-03 21:25+0000	INFO	CProjectHandler::UploadTXUpdateFiles: Uploading resource: screensaver.rsxs.euphoria, from langdir: kodi-translations/kodi-main/tempfiles_txupdate/screensaver.rsxs.euphoria/
2015-05-03 21:25+0000	INFO	CProjectHandler::GetLangsFromDir: no English directory found at langdir: kodi-translations/kodi-main/tempfiles_txupdate/screensaver.rsxs.euphoria/, skipping upload for this resource.
2015-05-03 21:25+0000	INFO	CProjectHandler::UploadTXUpdateFiles: Uploading resource: screensaver.rsxs.plasma, from langdir: kodi-translations/kodi-main/tempfiles_txupdate/screensaver.rsxs.plasma/
2015-05-03 21:25+0000	INFO	CProjectHandler::GetLangsFromDir: no English directory found at langdir: kodi-translations/kodi-main/tempfiles_txupdate/screensaver.rsxs.plasma/, skipping upload for this resource.
2015-05-03 21:25+0000	INFO	CProjectHandler::UploadTXUpdateFiles: Uploading resource: screensaver.rsxs.solarwinds, from langdir: kodi-translations/kodi-main/tempfiles_txupdate/screensaver.rsxs.solarwinds/
2015-05-03 21:25+0000	INFO	CProjectHandler::GetLangsFromDir: no English directory found at langdir: kodi-translations/kodi-main/tempfiles_txupdate/screensaver.rsxs.solarwinds/, skipping upload for this resource.
2015-05-03 21:25+0000	INFO	CProjectHandler::UploadTXUpdateFiles: Uploading resource: screensaver.xbmc.builtin.black, from langdir: kodi-translations/kodi-main/tempfiles_txupdate/screensaver.xbmc.builtin.black/
2015-05-03 21:25+0000	INFO	CProjectHandler::GetLangsFromDir: no English directory found at langdir: kodi-translations/kodi-main/tempfiles_txupdate/screensaver.xbmc.builtin.black/, skipping upload for this resource.
2015-05-03 21:25+0000	INFO	CProjectHandler::UploadTXUpdateFiles: Uploading resource: screensaver.xbmc.builtin.dim, from langdir: kodi-translations/kodi-main/tempfiles_txupdate/screensaver.xbmc.builtin.dim/
2015-05-03 21:25+0000	INFO	CProjectHandler::GetLangsFromDir: no English directory found at langdir: kodi-translations/kodi-main/tempfiles_txupdate/screensaver.xbmc.builtin.dim/, skipping upload for this resource.
2015-05-03 21:25+0000	INFO	CProjectHandler::UploadTXUpdateFiles: Uploading resource: skin.confluence, from langdir: kodi-translations/kodi-main/tempfiles_txupdate/skin.confluence/
2015-05-03 21:25+0000	INFO	CProjectHandler::UploadTXUpdateFiles: No resource skin.confluence exists on Transifex. Creating it now.
2015-05-03 21:25+0000	INFO	CHTTPHandler::CreateNewResource finished with success for resource skin-confluence from EN PO file kodi-translations/kodi-main/tempfiles_txupdate/skin.confluence/en_GB/strings.po to URL https://www.transifex.com/api/2/project/update-test1/resources/
2015-05-03 21:25+0000	INFO	CProjectHandler::UploadTXUpdateFiles: Resource skin.confluence was succesfully created with 152 Source language strings.
2015-05-03 21:25+0000	INFO	CProjectHandler::UploadTXUpdateFiles: Uploading resource: visualization.dxspectrum, from langdir: kodi-translations/kodi-main/tempfiles_txupdate/visualization.dxspectrum/
2015-05-03 21:25+0000	INFO	CProjectHandler::GetLangsFromDir: no English directory found at langdir: kodi-translations/kodi-main/tempfiles_txupdate/visualization.dxspectrum/, skipping upload for this resource.
2015-05-03 21:25+0000	INFO	CProjectHandler::UploadTXUpdateFiles: Uploading resource: visualization.fishbmc, from langdir: kodi-translations/kodi-main/tempfiles_txupdate/visualization.fishbmc/
2015-05-03 21:25+0000	INFO	CProjectHandler::GetLangsFromDir: no English directory found at langdir: kodi-translations/kodi-main/tempfiles_txupdate/visualization.fishbmc/, skipping upload for this resource.
2015-05-03 21:25+0000	INFO	CProjectHandler::UploadTXUpdateFiles: Uploading resource: visualization.glspectrum, from langdir: kodi-translations/kodi-main/tempfiles_txupdate/visualization.glspectrum/
2015-05-03 21:25+0000	INFO	CProjectHandler::GetLangsFromDir: no English directory found at langdir: kodi-translations/kodi-main/tempfiles_txupdate/visualization.glspectrum/, skipping upload for this resource.
2015-05-03 21:25+0000	INFO	CProjectHandler::UploadTXUpdateFiles: Uploading resource: visualization.milkdrop, from langdir: kodi-translations/kodi-main/tempfiles_txupdate/visualization.milkdrop/
2015-05-03 21:25+0000	INFO	CProjectHandler::GetLangsFromDir: no English directory found at langdir: kodi-translations/kodi-main/tempfiles_txupdate/visualization.milkdrop/, skipping upload for this resource.
2015-05-03 21:25+0000	INFO	CProjectHandler::UploadTXUpdateFiles: Uploading resource: visualization.projectm, from langdir: kodi-translations/kodi-main/tempfiles_txupdate/visualization.projectm/
2015-05-03 21:25+0000	INFO	CProjectHandler::GetLangsFromDir: no English directory found at langdir: kodi-translations/kodi-main/tempfiles_txupdate/visualization.projectm/, skipping upload for this resource.
2015-05-03 21:25+0000	INFO	CProjectHandler::UploadTXUpdateFiles: Uploading resource: visualization.vortex, from langdir: kodi-translations/kodi-main/tempfiles_txupdate/visualization.vortex/
2015-05-03 21:25+0000	INFO	CProjectHandler::GetLangsFromDir: no English directory found at langdir: kodi-translations/kodi-main/tempfiles_txupdate/visualization.vortex/, skipping upload for this resource.
2015-05-03 21:25+0000	INFO	CProjectHandler::UploadTXUpdateFiles: Uploading resource: visualization.waveform, from langdir: kodi-translations/kodi-main/tempfiles_txupdate/visualization.waveform/
2015-05-03 21:25+0000	INFO	CProjectHandler::GetLangsFromDir: no English directory found at langdir: kodi-translations/kodi-main/tempfiles_txupdate/visualization.waveform/, skipping upload for this resource.
2015-05-03 21:25+0000	INFO	CProjectHandler::UploadTXUpdateFiles: Uploading resource: webinterface.default, from langdir: kodi-translations/kodi-main/tempfiles_txupdate/webinterface.default/
2015-05-03 21:25+0000	INFO	CProjectHandler::GetLangsFromDir: no English directory found at langdir: kodi-translations/kodi-main/tempfiles_txupdate/webinterface.default/, skipping upload for this resource.
