XBMC-TXUPDATE v0.940 Syntax-Check Logfile

Addon: skin.aeon.nox, Lang: cs, Warning: count missmatch of char "\n"
msgctxt "#42307"
msgid "This tab signifies that there is a menu off to the side of this window that contains extra options for this section.  To access the menu, navigate to the arrow direction with your remote control or keyboard or place your mouse pointer over the tab. [CR][CR]Click \"Ok\" to close this dialog. It will not appear again."
msgstr "Tato záložka zdůrazňuje, že se na boční straně okna nachází skryté menu s dalšími vlastnostmi.\nPro přístup k tomuto menu se přesuňte doleva dálkovým ovladačem, či klávesnicí, nebo přesuňte myš nad tuto kartu.[CR][CR]Kliknutím na tlačítko OK zavřete tento dialog, který se již znovu nezobrazí."


Addon: skin.aeon.nox, Lang: he, Warning: count missmatch of char "\n"
msgctxt "#31409"
msgid "[B]MONITOR YOUR SYSTEM[/B][CR][CR]Check out your hardware · Monitor CPU usage[CR]Check Kodi revision number"
msgstr "תשגיח על המערכת שלך\nבדוק את החומרה שלך\nדגום את שימוש המעבד שלך\nבדוק את גרסת ה Kodi שלך"


Addon: skin.aeon.nox, Lang: zh_TW, Warning: count missmatch of char "\n"
msgctxt "#31408"
msgid "[B]CONFIGURE ADD-ONS[/B][CR][CR]Manage your installed Add-ons · Browse for and install Add-ons from xbmc.org[CR]Modify Add-on settings"
msgstr "[B]設置附加元件[/B][CR][CR]管理您已安裝的附加元件\n從xbmc.org瀏覽並安裝附加元件[CR]修改附加元件設定"


Addon: skin.aeon.nox.5, Lang: he, Warning: count missmatch of char "\n"
msgctxt "#31405"
msgid "[B]MONITOR YOUR SYSTEM[/B][CR][CR]Check out your hardware · Monitor CPU usage[CR]Check Kodi revision number"
msgstr "[/B]תשגיח על המערכת שלך[B][CR]\nבדוק את החומרה שלך[CR]\nדגום את שימוש המעבד שלך[CR]\nבדוק את גרסת ה Kodi שלך"


Addon: skin.aeon.nox.5, Lang: he, Warning: count missmatch of char "\n"
msgctxt "#31409"
msgid "[B]CONFIGURE TV SETTINGS[/B][CR][CR]Change full screen info · Manage EPG data settings"
msgstr "[B/]הגדר אפשרויות טלויזיה[B] [CR]\nשנה מידע מסך מלא [CR]\nנהל הגדרות מדריך תוכניות"


Addon: skin.amber, Lang: fr_CA, Warning: count missmatch of char "\n"
msgctxt "#31997"
msgid "Hide channel logos in PVR List/Timeline"
msgstr "Masquer les logos de chaînes dans la liste/\nchronologie du numériscope"


Addon: skin.amber, Lang: lt, Warning: count missmatch of char "%"
msgctxt "#31297"
msgid "min"
msgstr "%i min"


Addon: skin.bello, Lang: pl, Warning: count missmatch of char "\n"
msgctxt "#31405"
msgid "Picture handeling can be quite easy. You can do this by adjusting display, effects, tags, timing and picture listing."
msgstr "Konfiguracja obsługi obrazów i zdjęć może być całkiem prosta. \nUstawienia i opcje oraz dostosowanie wyświetlacza, efekty, znaczniki czasu oraz wiele innych. "


Addon: skin.blackglassnova, Lang: lt, Warning: count missmatch of char "%"
msgctxt "#31297"
msgid "min"
msgstr "%i min"


Addon: skin.confluence.custom.mod, Lang: th, Warning: count missmatch of char "\n"
msgctxt "#31357"
msgid "Watching"
msgstr "	\nเฝ้าดูอยู่"


Addon: skin.confluence.modified, Lang: cs, Warning: count missmatch of char "\n"
msgctxt "#31412"
msgid "This tab signifies that there is a menu off to the side of this window that contains extra options for this section.  To access the menu, navigate to the left with your remote control or keyboard or place your mouse pointer over the tab. [CR][CR]Click \"Ok\" to close this dialog. It will not appear again."
msgstr "Tato záložka zdůrazňuje, že se na boční straně okna nachází skryté menu s dalšími vlastnostmi.\nPro přístup k tomuto menu se přesuňte doleva dálkovým ovladačem, či klávesnicí, nebo přesuňte myš nad tuto kartu.[CR][CR]Kliknutím na tlačítko OK zavřete tento dialog, který se již znovu nezobrazí."


Addon: skin.confluence.modified, Lang: da, Warning: count missmatch of char "\n"
msgctxt "#31412"
msgid "This tab signifies that there is a menu off to the side of this window that contains extra options for this section.  To access the menu, navigate to the left with your remote control or keyboard or place your mouse pointer over the tab. [CR][CR]Click \"Ok\" to close this dialog. It will not appear again."
msgstr "Dette faneblad indikerer, at der er en menu i siden af dette vindue, som indeholder ekstra indstillinger til denne sektion.\nFor at få adgang til denne menu, skal du navigere til venstre  med din fjernbetjening eller dit tastatur. Du kan også placere din musemarkør over fanebladet. [CR][CR]Tryk \"Ok\" for at lukke denne dialog. Den dukker ikke op igen."


Addon: skin.convergence, Lang: he, Warning: count missmatch of char "\n"
msgctxt "#31409"
msgid "[B]CONFIGURE TV SETTINGS[/B][CR][CR]Change full screen info · Manage EPG data settings"
msgstr "[B/]הגדר אפשרויות טלויזיה[B] [CR]\nשנה מידע מסך מלא [CR]\nנהל הגדרות מדריך תוכניות"


Addon: skin.convergence, Lang: id, Warning: count missmatch of char "%"
msgctxt "#31091"
msgid "of"
msgstr "%s: %s MB of %s MB Bebas"


Addon: skin.convergence, Lang: mt, Warning: count missmatch of char "%"
msgctxt "#31091"
msgid "of"
msgstr "%s: %s MB of %s MB Vojta"


Addon: skin.droid, Lang: he, Warning: count missmatch of char "\n"
msgctxt "#31409"
msgid "[B]MONITOR YOUR SYSTEM[/B][CR][CR]Check out your hardware · Monitor CPU usage[CR]Check Kodi revision number"
msgstr "תשגיח על המערכת שלך\nבדוק את החומרה שלך\nדגום את שימוש המעבד שלך\nבדוק את גרסת ה Kodi שלך"


Addon: skin.essence, Lang: id, Warning: count missmatch of char "%"
msgctxt "#31913"
msgid "of"
msgstr "%s: %s MB of %s MB Bebas"


Addon: skin.essence, Lang: is, Warning: count missmatch of char "\n"
msgctxt "#31401"
msgid "[B]CONFIGURE VIDEO SETTINGS[/B][CR][CR]Manage your video library · Set video playback options · Change video listing options[CR]Set subtitle fonts"
msgstr "[B]STILLINGAR MYNDEFNI[/B][CR][CR]Sýsla með myndefnissafn   Stilla spilunar möguleika   Breyta \n\nmyndefnisröðun[CR]Velja textaleturgerð"


Addon: skin.essence, Lang: is, Warning: count missmatch of char "\n"
msgctxt "#31402"
msgid "[B]CONFIGURE MUSIC SETTINGS[/B][CR][CR]Manage your music library · Set music playback options · Change music listing options[CR]Setup song submission · Set karaoke options"
msgstr "[B]STILLINGAR TÓNLIST[/B][CR][CR]Sýsla með tónlistarsafn   Breyta tónlistarspilun   Breyta \n\ntónlistarröðun[CR]Sýsla með tónlistarsendingar   Sýsla með karaokestillingar"


Addon: skin.essence, Lang: is, Warning: count missmatch of char "\n"
msgctxt "#31406"
msgid "[B]CONFIGURE SYSTEM SETTINGS[/B][CR][CR]Setup and calibrate displays · Configure audio output · Setup remote controls[CR]Set power saving options · Enable debugging · Setup master lock"
msgstr "[B]STILLINGAR KERFI[/B][CR][CR]Uppsetning og kvarðar skjáa   Stilla hljóðúttak   Stilla \n\nfjarstýringu[CR]Orkusparnaðarhamur   Virkja villuupplýsingar   Uppsetning aðallæsingar"


Addon: skin.essence, Lang: mt, Warning: count missmatch of char "%"
msgctxt "#31913"
msgid "of"
msgstr "%s: %s MB of %s MB Vojta"


Addon: skin.essence, Lang: zh_TW, Warning: count missmatch of char "\n"
msgctxt "#31408"
msgid "[B]CONFIGURE ADD-ONS[/B][CR][CR]Manage your installed Add-ons · Browse for and install Add-ons from xbmc.org[CR]Modify Add-on settings"
msgstr "[B]設置附加元件[/B][CR][CR]管理您已安裝的附加元件\n從xbmc.org瀏覽並安裝附加元件[CR]修改附加元件設定"


Addon: skin.hybrid, Lang: id, Warning: count missmatch of char "%"
msgctxt "#31084"
msgid "of"
msgstr "%s: %s MB of %s MB Bebas"


Addon: skin.hybrid, Lang: mt, Warning: count missmatch of char "%"
msgctxt "#31084"
msgid "of"
msgstr "%s: %s MB of %s MB Vojta"


Addon: skin.hybrid, Lang: pl, Warning: count missmatch of char "\n"
msgctxt "#31914"
msgid "If enabled allows the information widget to display details of media currently being played.[CR]If unselected allows videos to play in fullscreen as a background"
msgstr "Jeśli aktywne, umożliwia widżetom wyświetlanie informacji o aktualnie odtwarzanych mediach.[CR]\nJeśli nieaktywne umożliwia używanie odtwarzanego wideo w roli tła."


Addon: skin.pm3-hd, Lang: no, Warning: count missmatch of char "\n"
msgctxt "#31048"
msgid "Current artist[CR]Fanart image[CR][CR]Click to change"
msgstr "Artist som spilles nå[CR]Fanartbilde[CR][CR]Trykk\n  for å endre"


Addon: skin.simplicity, Lang: fr_CA, Warning: count missmatch of char "\n"
msgctxt "#31405"
msgid "[B][COLOR=yellow]CONFIGURE NETWORK SETTINGS[/COLOR][/B][CR][CR]Setup control of Kodi via UPnP and HTTP · Configure file sharing · Set internet access options"
msgstr "[B][COLOR=yellow]CONFIGURER LES PARAMÈTRES RÉSEAU[/COLOR][/B][CR][CR]\nRégler le contrôle de Kodi par UPnP et HTTP · Configurer le partage de fichiers · Définir les options d'accès Internet"


Addon: skin.xperience-more, Lang: id, Warning: count missmatch of char "%"
msgctxt "#31501"
msgid "of"
msgstr "%s: %s MB of %s MB Bebas"


Addon: skin.xperience-more, Lang: lt, Warning: count missmatch of char "\n"
msgctxt "#31435"
msgid "Adjusting weather has never been easier than with Kodi, change location[CR]and regions here."
msgstr "Orų reguliavimas niekada nebuvo lengvesnis nei su Kodi, čia galite[CR]pakeisti vietovę ir\nregionus."


Addon: skin.xperience-more, Lang: mt, Warning: count missmatch of char "%"
msgctxt "#31501"
msgid "of"
msgstr "%s: %s MB of %s MB Vojta"


Addon: skin.xperience-more, Lang: pl, Warning: count missmatch of char "\n"
msgctxt "#32123"
msgid "By clicking the above buttons the script will automatically download the corresponding images[CR]for the specific media. [COLOR=red]Warning:[/COLOR]  It will overwrite any existing files."
msgstr "Wciśnięcie powyższych przycisków uruchamia skrypt, który pobiera automatycznie odpowiednie[CR] obrazy dla określonych mediów.\n[COLOR=red]Ostrzeżenienie:[/COLOR] Istniejące pliki zostaną zastąpione."


Total Syntax Warnings: 31
