XBMC-TXUPDATE v0.93 Logfile

2013-06-17 20:15+0000	INFO	Root Directory: translations/xbmc-skins/
2013-06-17 20:15+0000	INFO	HTTPHandler: Succesfuly found the .passwsords.xml file: translations/xbmc-skins/.passwords.xml
2013-06-17 20:15+0000	INFO	HTTPHandler: found login credentials for website prefix: https://www.transifex.com/api/2/project/
2013-06-17 20:15+0000	INFO	HTTPHandler: Cache directory set to: translations/xbmc-skins/.httpcache
2013-06-17 20:15+0000	INFO	UpdXMLHandler: Succesfuly found the update.xml file in the specified project directory
2013-06-17 20:15+0000	INFO	UpdXMLHandler: Found projectname in xbmc-txupdate.xml file: xbmc-skins
2013-06-17 20:15+0000	INFO	UpdXMLHandler: Found http cache expire time in xbmc-txupdate.xml file: 440
2013-06-17 20:15+0000	INFO	UpdXMLHandler: Found min completion percentage in xbmc-txupdate.xml file: 10%
2013-06-17 20:15+0000	INFO	UpdXMLHandler: No merged language file directory specified in xbmc-txupdate.xml file. Using default value: merged-langfiles
2013-06-17 20:15+0000	INFO	UpdXMLHandler: No temp tx update language file directory specified in xbmc-txupdate.xml file. Using default value: tempfiles_txupdate
2013-06-17 20:15+0000	INFO	UpdXMLHandler: Found support email address in xbmc-txupdate.xml file: alanwww1@xbmc.org
2013-06-17 20:15+0000	INFO	UpdXMLHandler: found resource in update.xml file: skin.essence, Type: skin, SubDir: 
2013-06-17 20:15+0000	INFO	UpdXMLHandler: found resource in update.xml file: skin.aeon.nox, Type: skin, SubDir: 
2013-06-17 20:15+0000	INFO	UpdXMLHandler: found resource in update.xml file: skin.transparency, Type: skin, SubDir: 
2013-06-17 20:15+0000	INFO	UpdXMLHandler: found resource in update.xml file: skin.hybrid, Type: skin, SubDir: 
2013-06-17 20:15+0000	INFO	UpdXMLHandler: found resource in update.xml file: skin.metropolis, Type: skin, SubDir: 
2013-06-17 20:15+0000	INFO	UpdXMLHandler: found resource in update.xml file: skin.back-row, Type: skin, SubDir: 
2013-06-17 20:15+0000	INFO	UpdXMLHandler: found resource in update.xml file: skin.xeebo, Type: skin, SubDir: 
2013-06-17 20:15+0000	INFO	UpdXMLHandler: found resource in update.xml file: skin.pm3-hd, Type: skin, SubDir: 
2013-06-17 20:15+0000	INFO	UpdXMLHandler: found resource in update.xml file: skin.xperience-more, Type: skin, SubDir: 
2013-06-17 20:15+0000	INFO	UpdXMLHandler: found resource in update.xml file: skin.xtv-saf, Type: skin, SubDir: 
2013-06-17 20:15+0000	INFO	UpdXMLHandler: found resource in update.xml file: skin.re-touched, Type: skin, SubDir: 
2013-06-17 20:15+0000	INFO	UpdXMLHandler: found resource in update.xml file: skin.xperience1080, Type: skin, SubDir: 
2013-06-17 20:15+0000	INFO	UpdXMLHandler: found resource in update.xml file: skin.mediastream_redux, Type: skin, SubDir: 
2013-06-17 20:15+0000	INFO	UpdXMLHandler: found resource in update.xml file: skin.confluence.custom.mod, Type: skin, SubDir: 
2013-06-17 20:15+0000	INFO	UpdXMLHandler: found resource in update.xml file: skin.droid, Type: skin, SubDir: 
2013-06-17 20:15+0000	INFO	UpdXMLHandler: found resource in update.xml file: skin.nbox, Type: skin, SubDir: 
2013-06-17 20:15+0000	INFO	UpdXMLHandler: found resource in update.xml file: skin.bello, Type: skin, SubDir: 
2013-06-17 20:15+0000	INFO	LCodeHandler: Succesfully fetched 276 language codes from Transifex
2013-06-17 20:15+0000	INFO	JSONHandler: found resource on Transifex server: skin-essence
2013-06-17 20:15+0000	INFO	JSONHandler: found resource on Transifex server: skin-aeon-nox
2013-06-17 20:15+0000	INFO	JSONHandler: found resource on Transifex server: skin-transparency
2013-06-17 20:15+0000	INFO	JSONHandler: found resource on Transifex server: skin-hybrid
2013-06-17 20:15+0000	INFO	JSONHandler: found resource on Transifex server: skin-metropolis
2013-06-17 20:15+0000	INFO	JSONHandler: found resource on Transifex server: skin-back-row
2013-06-17 20:15+0000	INFO	JSONHandler: found resource on Transifex server: skin-xeebo
2013-06-17 20:15+0000	INFO	JSONHandler: found resource on Transifex server: skin-pm3-hd
2013-06-17 20:15+0000	INFO	JSONHandler: found resource on Transifex server: skin-xperience-more
2013-06-17 20:15+0000	INFO	JSONHandler: found resource on Transifex server: skin-xtv-saf
2013-06-17 20:15+0000	INFO	JSONHandler: found resource on Transifex server: skin-re-touched
2013-06-17 20:15+0000	INFO	JSONHandler: found resource on Transifex server: skin-xperience1080
2013-06-17 20:15+0000	INFO	JSONHandler: found resource on Transifex server: skin-mediastream_redux
2013-06-17 20:15+0000	INFO	JSONHandler: found resource on Transifex server: skin-confluence-custom-mod
2013-06-17 20:15+0000	INFO	JSONHandler: found resource on Transifex server: skin-droid
2013-06-17 20:15+0000	INFO	JSONHandler: found resource on Transifex server: skin-nbox
2013-06-17 20:15+0000	INFO	JSONHandler: found resource on Transifex server: skin-bello
2013-06-17 20:15+0000	INFO	JSONHandler: Found 17 resources at Transifex server
2013-06-17 20:15+0000	INFO	CProjectHandler::UploadTXUpdateFiles: Uploading resource: skin.aeon.nox, from langdir: translations/xbmc-skins/tempfiles_txupdate/skin.aeon.nox//language/
2013-06-17 20:15+0000	INFO	CProjectHandler::GetLangsFromDir: no English directory found at langdir: translations/xbmc-skins/tempfiles_txupdate/skin.aeon.nox//language/, skipping upload for this resource.
2013-06-17 20:15+0000	INFO	CProjectHandler::UploadTXUpdateFiles: Uploading resource: skin.back-row, from langdir: translations/xbmc-skins/tempfiles_txupdate/skin.back-row//language/
2013-06-17 20:15+0000	INFO	CProjectHandler::GetLangsFromDir: no English directory found at langdir: translations/xbmc-skins/tempfiles_txupdate/skin.back-row//language/, skipping upload for this resource.
2013-06-17 20:15+0000	INFO	CProjectHandler::UploadTXUpdateFiles: Uploading resource: skin.bello, from langdir: translations/xbmc-skins/tempfiles_txupdate/skin.bello//language/
2013-06-17 20:15+0000	INFO	HTTPHandler::PutFileToURL: Uploading file to Transifex: translations/xbmc-skins/tempfiles_txupdate/skin.bello//language/English/strings.po
2013-06-17 20:15+0000	ERROR	HTTPHandler::curlFileToURL no valid Transifex server response received
