XBMC-TXUPDATE v0.932 Syntax-Check Logfile

Addon: plugin.audio.qobuz, Lang: da, Warning: count missmatch of char "\n"
msgctxt "#31000"
msgid "Time in minute for various Qobuz data to be held in\n		cache[CR][I]- Set to zero to disable caching[/I]"
msgstr "Tid i minutter som forskellige Qobuz-data skal opbevares i cachen[CR][I]- Sæt til nul for at deaktivere caching[/I]"


Addon: plugin.audio.qobuz, Lang: de, Warning: count missmatch of char "\n"
msgctxt "#30040"
msgid "to access Qobuz Music Streaming service[CR][I]Please\n		check your credantials in the addon settings[CR]or retry later[/I]\n	"
msgstr ", um den Qobuz Music Streaming Service zu benutzen.[CR][I]Bitte überprüfe deine Anmeldedaten in den Add-on Settings[CR]oder versuche es später noch einmal[/I]"


Addon: plugin.audio.qobuz, Lang: de, Warning: count missmatch of char "\n"
msgctxt "#30041"
msgid "Search for popular songs for artist powered by Qobuz\n	"
msgstr "Suche nach populären Liedern für Künstler unterstützt von Qobuz⏎ »"


Addon: plugin.audio.qobuz, Lang: de, Warning: count missmatch of char "\n"
msgctxt "#31000"
msgid "Time in minute for various Qobuz data to be held in\n		cache[CR][I]- Set to zero to disable caching[/I]"
msgstr "Zeit in Minuten, um diverse Qobuz Daten im Cache zu halten.[CR][I]Auf 0 setzen, um den Cache auszuschalten.[/I]"


Addon: plugin.audio.qobuz, Lang: es, Warning: count missmatch of char "\n"
msgctxt "#30040"
msgid "to access Qobuz Music Streaming service[CR][I]Please\n		check your credantials in the addon settings[CR]or retry later[/I]\n	"
msgstr "para acceder al servicio de Música en Streaming de Qobuz[CR][I]Por favor⏎ »»comprueba tus credenciales en los ajustes del complemento[CR]o vuelve a intentar más tarde[/I]⏎ »"


Addon: plugin.audio.qobuz, Lang: es, Warning: count missmatch of char "\n"
msgctxt "#30041"
msgid "Search for popular songs for artist powered by Qobuz\n	"
msgstr "Buscar canciones populares por artista mediante Qobuz⏎ »"


Addon: plugin.audio.qobuz, Lang: fr, Warning: count missmatch of char "\n"
msgctxt "#30041"
msgid "Search for popular songs for artist powered by Qobuz\n	"
msgstr "Rechercher les chansons les plus populaires des artistes promus par Qobuz\\n	"


Addon: plugin.audio.qobuz, Lang: it, Warning: count missmatch of char "\n"
msgctxt "#30040"
msgid "to access Qobuz Music Streaming service[CR][I]Please\n		check your credantials in the addon settings[CR]or retry later[/I]\n	"
msgstr "per accedere al servizio Qobuz Music Streaming [CR][I]Per favore⏎ »»verifica le tue credenziali nelle impostazioni dell'addon[CR]o riprova più tardi[/I]⏎ »"


Addon: plugin.audio.qobuz, Lang: it, Warning: count missmatch of char "\n"
msgctxt "#30041"
msgid "Search for popular songs for artist powered by Qobuz\n	"
msgstr "Cerca per canzoni e per artisti da Qobuz⏎ »"


Addon: plugin.audio.qobuz, Lang: it, Warning: count missmatch of char "\n"
msgctxt "#31000"
msgid "Time in minute for various Qobuz data to be held in\n		cache[CR][I]- Set to zero to disable caching[/I]"
msgstr "Tempo in minuti per dati vari Qobuz che si terrà⏎ »»cache[CR][I]- imposta a zero per disabilitare[/I]"


Addon: plugin.audio.qobuz, Lang: nl, Warning: count missmatch of char "\n"
msgctxt "#30040"
msgid "to access Qobuz Music Streaming service[CR][I]Please\n		check your credantials in the addon settings[CR]or retry later[/I]\n	"
msgstr "om toegang te krijgen tot de Qobuz Music Streaming service[CR][I]\n⇥⇥controleer uw gegevens in de add-on settings[CR] of probeer het later nog eens[/I]⇥"


Addon: plugin.audio.qobuz, Lang: sk, Warning: count missmatch of char "\n"
msgctxt "#30041"
msgid "Search for popular songs for artist powered by Qobuz\n	"
msgstr "Vyhľadávanie populárnych skladieb umelcov, ktoré prináša Qobuz"


Addon: plugin.audio.qobuz, Lang: sk, Warning: count missmatch of char "\n"
msgctxt "#31000"
msgid "Time in minute for various Qobuz data to be held in\n		cache[CR][I]- Set to zero to disable caching[/I]"
msgstr "Ako dlho (v minútach) sa uchovávajú rôzne Qobuz dáta v medzipamäti [I]- Pre zakázanie používania medzipamäte nastavte na nulu[/I]"


Addon: plugin.video.pakee, Lang: nl, Warning: count missmatch of char "\n"
msgctxt "#30502"
msgid "Invalid sastatv.com username/password combo.\\nPlease make sure they are correctly entered"
msgstr "onjuiste sastatv.com gebruikersnaam/wachtwoord combinatie. \ncontroleer of ze juist zijn ingevoerd"


Addon: plugin.video.pakee, Lang: sk, Warning: count missmatch of char "\n"
msgctxt "#30501"
msgid "No sastatv.com username or password specified.\\nPlease sign up and enter login info before re-trying"
msgstr "Nebolo zadané sastatv.com užívateľské meno alebo heslo.\nProsím zaregistrujte sa a zadajte prihlasovacie údaje pred ďalším pokusom."


Addon: plugin.video.pakee, Lang: sk, Warning: count missmatch of char "\n"
msgctxt "#30502"
msgid "Invalid sastatv.com username/password combo.\\nPlease make sure they are correctly entered"
msgstr "Nesprávna kombinácia sastatv.com užívateľského mena/hesla.\nProsím uistite sa, že boli zadané správne."


Addon: plugin.video.pakee, Lang: sk, Warning: count missmatch of char "\n"
msgctxt "#30503"
msgid "No content found in this section.\\nPlease retry or go back and try a different section"
msgstr "V tejto sekcii nebol nájdený obsah.\nProsím skúste znovu alebo choďte späť a skúste inú sekciu."


Addon: script.cu.lrclyrics, Lang: fr, Warning: count missmatch of char "%"
msgctxt "#30108"
msgid "%A - %T"
msgstr "Artiste - Chanson.ext"


Addon: script.cu.lrclyrics, Lang: fr, Warning: count missmatch of char "%"
msgctxt "#30109"
msgid "%A\\%B\\%T"
msgstr "Artiste\\Album\\Chanson.ext"


Addon: script.cu.lrclyrics, Lang: fr, Warning: count missmatch of char "%"
msgctxt "#30110"
msgid "%A\\%B\\%N %T"
msgstr "Artiste\\Album\\Piste Chanson.ext"


Addon: script.forum.browser, Lang: fr, Warning: count missmatch of char "\n"
msgctxt "Addon Description"
msgid "Browse Forums in XBMC. Supports Tapatalk enabled forums (over 30000) and Forumrunner enabled forums. Also supports boxee.tv. View forums, threads, posts, subscriptions and private messages. Follow links in Web Viewer. Post replies, send private messages, delete posts, quote posts. View images in posts, follow post forum links and download post links."
msgstr "Naviguer dans les forums dans XBMC. Supporte Tapatalk  forums activés (plus de 30000) et Forumrunner forums activés. Supporte aussi boxee.tv. Voir les forum, fils de discussion, messages, souscriptions et messages privés.\nSuivre les liens dans Web Viewer. Poster des réponses, envoyer des messages privés, effacer des messages, coter des messages. Voir des images dans les messages, suivre les liens des messages de forum et les télécharger."


Addon: script.game.whatthemovie, Lang: sk, Warning: count missmatch of char "\n"
msgctxt "#3051"
msgid "Password wrong or username unknown: [B]%s[/B][CR]Please change credentials or disable login"
msgstr "Nesprávne heslo alebo neznáme užívateľské meno: [B]%s[/B]\nProsím zmeňte údaje alebo zakážte prihlasovanie"


Addon: script.moviequiz, Lang: el, Warning: count missmatch of char "%"
msgctxt "#30820"
msgid "Statistics based on global highscores data collected since September 2011.[CR][CR][B]%s[/B] unique users in [B]%s[/B] countries has submitted [B]%s[/B] highscores.[CR]A total of [B]%s[/B] questions has been answered with [B]%s[/B] being correct, which is [B]%s[/B] percent."
msgstr "Στατιστικά στοιχεία βασισμένα σε δεδομένα υψηλών σκορ ανά τον κόσμο από το Σεπτέμβριο του 2011.[CR][CR][B]%s[/B] χρήστες σε [B]%s[/B] χώρες έχουν υποβάλλει [B]%s[/B] υψηλά σκορ.[CR]Συνολικά [B]%s[/B] ερωτήσεις έχουν απαντηθεί, εκ των οποίων [B]%s[/B] ήταν σωστές, που αντιστοιχεί σε ένα ποσοστό [B]%s[/B] %."


Addon: script.moviequiz, Lang: it, Warning: count missmatch of char "%"
msgctxt "#30820"
msgid "Statistics based on global highscores data collected since September 2011.[CR][CR][B]%s[/B] unique users in [B]%s[/B] countries has submitted [B]%s[/B] highscores.[CR]A total of [B]%s[/B] questions has been answered with [B]%s[/B] being correct, which is [B]%s[/B] percent."
msgstr "Le statistiche basate sui migliori punteggi globali collezionati dal Settembre 2011. [CR][CR][B]%s[/B] utenti unici [B]%s[/B] nazioni hanno inviato [B]%s[/B] Migliori punteggi.[CR]Un totale di [B]%s[/B] domande hanno avuto risposta [B]%s[/B] corretta, che è il [B]%s[/B] %."


Addon: script.moviequiz, Lang: sk, Warning: count missmatch of char "\n"
msgctxt "#30820"
msgid "Statistics based on global highscores data collected since September 2011.[CR][CR][B]%s[/B] unique users in [B]%s[/B] countries has submitted [B]%s[/B] highscores.[CR]A total of [B]%s[/B] questions has been answered with [B]%s[/B] being correct, which is [B]%s[/B] percent."
msgstr "Štatistiky založené na dátach z globálneho rebríčka zbierané od Septembra 2011.\n\n[B]%s[/B] jedinečných používateľov v [B]%s[/B] krajinách poslalo [B]%s[/B] bodovaní.\nCelkovo [B]%s[/B] otázok bolo zodpovedaných, pričom [B]%s[/B] bolo správnych, čo predstavuje [B]%s[/B] percent."


Addon: script.tvguide, Lang: sk, Warning: count missmatch of char "\n"
msgctxt "#30501"
msgid "Move up and down to change the position of[CR]the channel. Select or navigate left to accept[CR]the position."
msgstr "Šípkou hore a dole zmeníte polohu kanálu.\nTlačidlom Vybrať alebo šípkou vľavo potvrdíte\npozíciu."


Addon: script.tvguide, Lang: sk, Warning: count missmatch of char "\n"
msgctxt "#30700"
msgid "Multiple addons provide this channels.[CR]Choose one to watch the stream."
msgstr "Viaceré doplnky poskytujú tento kanál.\nProsím zvoľte jeden pre pozeranie streamu."


Addon: service.openelec.settings, Lang: bg, Warning: count missmatch of char "\n"
msgctxt "#32379"
msgid "There is not enough free storage space to continue!"
msgstr "Остатъчното свободно място\nне е достатъчно!"


Addon: service.openelec.settings, Lang: de, Warning: count missmatch of char "\n"
msgctxt "#610"
msgid "[B]Support:[/B][CR]Web: http://openelec.tv[CR]Forum: http://openelec.tv/forum[CR]Wiki: http://wiki.openelec.tv[CR][CR][B]Social Media:[/B][CR]IRC: #openelec on freenode.net (web-based chat is also available from the website)[CR]Twitter: https://twitter.com/openelec[CR]Facebook: http://www.facebook.com/OpenELEC[CR]Google+: https://plus.google.com/+openelec"
msgstr "[B]Support:[/B][CR]Web: http://www.openelec.tv[CR]Forum: http://www.openelec.tv/forum[CR]Wiki: http://wiki.openelec.tv[CR][CR][B]Be Social! Besuchen Sie unsere Community:[/B][CR]IRC: #openelec bei freenode.net (auch verfügbar über Web Chat)[CR]Twitter: https://twitter.com/openelec[CR]Facebook: http://www.facebook.com/OpenELEC[CR]Google+: https://plus.google.com/+openelec\n  "


Addon: service.openelec.settings, Lang: de, Warning: count missmatch of char "\n"
msgctxt "#743"
msgid "Set to ON if you have copied private SSH keys to your HTPC and would like to improve security by disabling SSH username and password authentication."
msgstr "Wenn dies Option aktiviert ist, kann nur noch über Zertifikate eine Anmeldung beim SSH Server erfolgen. Eine Kennwort Anmeldung ist nicht mehr möglich.\n "


Addon: service.openelec.settings, Lang: de, Warning: count missmatch of char "\n"
msgctxt "#32302"
msgid "This wizard will guide you through the process of setting up your new [COLOR FF757677]Open[/COLOR][COLOR FF8ABEE2]ELEC[/COLOR] installation - setting your location, timezone and connecting you to the internet.[CR][CR]These settings can be changed later by navigating to Programs > [COLOR FF757677]Open[/COLOR][COLOR FF8ABEE2]ELEC[/COLOR] Settings.[CR][CR]To begin your [COLOR FF757677]Open[/COLOR][COLOR FF8ABEE2]ELEC[/COLOR] experience, select your regional settings and your keyboard layout, then click Next."
msgstr "Die folgenden Dialoge sollen Ihnen helfen, einige Grundeinstellungen wie die Landeseinstellungen eine Zeitzone oder die Verbindung zum Internet, fuer Ihre neue [COLOR FF757677]Open[/COLOR][COLOR FF8ABEE2]ELEC[/COLOR] Installation festzulegen.[CR][CR]Diese Einstellungen koennen später unter Programme > [COLOR FF757677]Open[/COLOR][COLOR FF8ABEE2]ELEC[/COLOR] Configuration angepasst werden.[CR][CR]Beginnen wir damit die Regionalen Einstellungen und das Tastaturschema fuer Ihr [COLOR FF757677]Open[/COLOR][COLOR FF8ABEE2]ELEC[/COLOR] Entertainment Center anzupassen.\n "


Addon: service.openelec.settings, Lang: de, Warning: count missmatch of char "\n"
msgctxt "#32304"
msgid "To be identified easily on the network, your new [COLOR FF757677]Open[/COLOR][COLOR FF8ABEE2]ELEC[/COLOR] machine needs a name.[CR][CR]Try to choose something meaningful - like the room it's in - so you'll know what it is when you see it on the network.[CR][CR]This name is used when configuring network services, like file sharing using samba."
msgstr "Um [COLOR FF757677]Open[/COLOR][COLOR FF8ABEE2]ELEC[/COLOR] einfach im Netzwerk gefunden werden kann, wird ein Gerätenamen benötigt.[CR][CR]Wählen Sie einen aussagekräftigen Namen wie z.B. den Raum, in dem sich das Gerät befindet. So erkennen Sie es sofort, wenn Sie es im Netzwerk sehen.[CR][CR]Dieser Name wird auch für weitere Netzwerkdienste (z.B. Dateifreigaben per Samba) verwendet.\n "


Addon: service.openelec.settings, Lang: de, Warning: count missmatch of char "\n"
msgctxt "#32306"
msgid "In order to download backdrops, banners and thumbnails for your movies and TV shows and to stream online content from sites like YouTube, [COLOR FF757677]Open[/COLOR][COLOR FF8ABEE2]ELEC[/COLOR] needs to be connected the Internet.[CR][CR]An Internet connection is also required for [COLOR FF757677]Open[/COLOR][COLOR FF8ABEE2]ELEC[/COLOR] to automatically update itself."
msgstr "Um Hintergrundbilder, Banner, Vorschaubilder und Film bzw. Serieninformationen herunterzuladen oder Onlineangebote wie YouTube nutzen zu können, benötigt [COLOR FF757677]Open[/COLOR][COLOR FF8ABEE2]ELEC[/COLOR] eine Internetverbindung.[CR][CR]Eine Verbindung wird ebenfalls für automatische Aktualisierungen benötigt.\n "


Addon: service.openelec.settings, Lang: de, Warning: count missmatch of char "\n"
msgctxt "#32312"
msgid "[COLOR FF757677]Open[/COLOR][COLOR FF8ABEE2]ELEC[/COLOR] also supports SSH for remote access. This is for advanced users who wish to interact with [COLOR FF757677]Open[/COLOR][COLOR FF8ABEE2]ELEC[/COLOR]'s underlying operating system. The default user is [COLOR blue]root[/COLOR] and the default password is [COLOR blue]openelec.[/COLOR]"
msgstr "[COLOR FF757677]Open[/COLOR][COLOR FF8ABEE2]ELEC[/COLOR] unterstüzt SSH für Fernzugriffe. Dies ist für fortgeschrittene Benutzer gedacht, die mit dem [COLOR FF757677]Open[/COLOR][COLOR FF8ABEE2]ELEC[/COLOR] zu Grunde liegenden System arbeiten möchten. Der Standard Benutzername lautet [COLOR blue]root[/COLOR] mit dem Kennwort [COLOR blue]openelec[/COLOR].                     \n  "


Addon: service.openelec.settings, Lang: de, Warning: count missmatch of char "\n"
msgctxt "#32318"
msgid "You [COLOR FF757677]Open[/COLOR][COLOR FF8ABEE2]ELEC[/COLOR] installation is now complete and you'll now enter XBMC when you can set up your media libraries. For help with this, there is a guide available at wiki.xbmc.org[CR][CR][COLOR FF757677]Open[/COLOR][COLOR FF8ABEE2]ELEC[/COLOR] is developed by a dedicated team of developers who work purely in their spare time. Even as a volunteer project, we still have to pay for our internet bandwidth and development resources so if you find [COLOR FF757677]Open[/COLOR][COLOR FF8ABEE2]ELEC[/COLOR] useful, we will always appreciate a donation of any amount.[CR][CR]Finally, we hope you enjoy using [COLOR FF757677]Open[/COLOR][COLOR FF8ABEE2]ELEC[/COLOR] as much as we've enjoying building it. If you need any more help, you can find links to get help along with latest news at openelec.tv"
msgstr "Die erste Einrichtung von [COLOR FF757677]Open[/COLOR][COLOR FF8ABEE2]ELEC[/COLOR] ist nun abgeschlossen. Sie können jetzt in XBMC Ihre Medienbibliotheken konfigurieren. Hierfür gibt es einen Leitfaden auf wiki.xbmc.org[CR][CR][COLOR FF757677]Open[/COLOR][COLOR FF8ABEE2]ELEC[/COLOR] wird von einem engagierten Entwicklerteam komplett in dessen Freizeit entwickelt. Und obwohl wir ein Freiwilligenprojekt sind, müssen wir für Internetbandbreite und Entwicklungsressourcen zahlen. Wenn Sie [COLOR FF757677]Open[/COLOR][COLOR FF8ABEE2]ELEC[/COLOR] nützlich finden, würden wir uns sehr über eine Spende in beliebiger Höhe freuen.[CR][CR]\nWeitere Informationen und Neuigkeiten finden sich regelmäßig auf www.openelec.tv.[CR][CR][CR]Wir wünschen Ihnen viel Freude und Spaß mit [COLOR FF757677]Open[/COLOR][COLOR FF8ABEE2]ELEC[/COLOR]!"


Addon: service.openelec.settings, Lang: it, Warning: count missmatch of char "\n"
msgctxt "#722"
msgid "Create a tar archive containing all OpenELEC and XBMC configuration settings, databases and thumbnail content. Backup files will be stored in /storage/backups"
msgstr "Crea un archivio tar contenente tutte le configurazioni e settaggi di OpenELEC e XBMC, database e thumbnail.\nIl backup verrà salvato in /storage/backups"


Addon: service.openelec.settings, Lang: pl, Warning: count missmatch of char "\n"
msgctxt "#725"
msgid "[COLOR FFFF0000]HARD RESET[/COLOR]\nPermanently reset OpenELEC OS and XBMC configuration to defaults (everything in your storage partition will be deleted)"
msgstr "[COLOR FFFF0000]TWARDY RESET[/COLOR]⏎\nPrzywracanie domyślnej konfiguracji systemu OpenELEC i XBMC\n(zawartość partycji Storage zostanie usunięta)"


Addon: webinterface.awx, Lang: pl, Warning: count missmatch of char "\n"
msgid "LazyLoad: \nIf you activate LazyLoad, thumbnails will not be loaded until they become visible. This will save the server from many image-requests.\nBut if you have many items (movies, albums,...) the webinterface can be laggy on scrolling if many thumbs are not loaded.\nIf you deactivate LazyLoad, all thumbs will be loaded when the page is shown (movies page, albums page,...). It can take a short time until all thumbs are loaded.\n\nPrefer Logos:\nIf a logo for an item is available use it instead of the title in information screens.\n\nTimeOut:\nIf you have lots of movies (or albums...) it can take some time to get the complete movie list. You can increase the TimeOut-value to prevent errors when trying to show the movie list.\n\nManual File Directory:\nEnter a directory location on your system that will be accessable via the \"Files\" menu. Invalid directories will not be shown.\n"
msgstr "LazyLoad: \n\nPo aktywacji funkcji 'LazyLoad' (Powolne Ładowanie), miniaturki nie zostaną załadowane, dopóki nie staną się widoczne. Uchroni to serwer przed zbyt wieloma zapytaniami o miniaturki/grafiki. \n\nJeśli masz dużo multimediów (filmy, muzyka, ...) Serwer WWW może być zbyt obciążony i wiele miniaturek zostanie na początku częściowo źle wczytane. \n\nPo wyłączeniu funkcji 'LazyLoad' wszystkie miniatury zostanie załadowane, gdy strona zostanie wczytana (sekcja filmów, sekcja muzyki, ...). Może to zająć trochę czasu, aż wszystkie miniatury zostaną załadowane. \n\nWolę Logo:\n \nJeśli logo za przedmiot jest dostępny używać go zamiast tytułu w ekranach informacyjnych. \n\nLimit czasu: \n\nJeśli masz dużo filmów (lub muzyki ...) może zająć trochę czasu, aby wyświetlić pełną listę multimediów. Można zwiększyć limit czasu-wartości, aby zapobiec błędom, próbując wyświetlić listę multimediów. \n\nKatalog plików: \n\nWprowadź lokalizację katalogu w systemie, który będzie dostępny przez menu \"Pliki\". Nieprawidłowe katalogi nie będą pokazywane. \n"


Addon: webinterface.awx, Lang: pt_BR, Warning: count missmatch of char "\n"
msgid "LazyLoad: \nIf you activate LazyLoad, thumbnails will not be loaded until they become visible. This will save the server from many image-requests.\nBut if you have many items (movies, albums,...) the webinterface can be laggy on scrolling if many thumbs are not loaded.\nIf you deactivate LazyLoad, all thumbs will be loaded when the page is shown (movies page, albums page,...). It can take a short time until all thumbs are loaded.\n\nPrefer Logos:\nIf a logo for an item is available use it instead of the title in information screens.\n\nTimeOut:\nIf you have lots of movies (or albums...) it can take some time to get the complete movie list. You can increase the TimeOut-value to prevent errors when trying to show the movie list.\n\nManual File Directory:\nEnter a directory location on your system that will be accessable via the \"Files\" menu. Invalid directories will not be shown.\n"
msgstr "LazyLoad: ⏎ Se você ativar LazyLoad, miniaturas não serão carregados até que se tornem visíveis. Isso vai salvar o servidor de muitas requisições de imagens. ⏎ Mas se você tiver muitos itens (filmes, álbuns, ...) a interface web pode apresentar laggy na rolagem se muitas miniaturas não tiverem sido carregadas. ⏎ Se você desativar LazyLoad, todos as miniaturas serão carregadas quando a página for mostrada (página filmes, página de álbuns, ...). Pode demorar algum tempo até que todos as miniaturas estejam carregadas ⏎ ⏎ Preferir Logos:. ⏎ Se um logotipo para o item estiver disponível ele será usado em vez de do título nas telas de informações ⏎ Tempo Limite: ⏎:. ⏎ Se você tem muitos filmes (ou álbuns ...) pode levar algum tempo para obter a lista de filmes completa. Você pode aumentar o valor do tempo limite para evitar erros ao tentar mostrar a lista de filmes ⏎ ⏎ Diretório Manual:. ⏎ Digite um diretório em seu sistema que será acessível através do menu \"Arquivos\". Diretórios Inválidos não serão mostrados. ⏎\n"


Addon: webinterface.awx, Lang: th, Warning: count missmatch of char "\n"
msgctxt "Label"
msgid "and"
msgstr "	\nรวมทั้ง"


Total Syntax Warnings: 40
