XBMC-TXUPDATE v0.9 Logfile

2012-11-05 11:46+0000	INFO	Root Directory: translations/xbmc-addons/
2012-11-05 11:46+0000	INFO	HTTPHandler: Succesfuly found the .passwsords.xml file: translations/xbmc-addons/.passwords.xml
2012-11-05 11:46+0000	INFO	HTTPHandler: found login credentials for website prefix: https://www.transifex.com/api/2/project/
2012-11-05 11:46+0000	INFO	HTTPHandler: Cache directory set to: translations/xbmc-addons/.httpcache
2012-11-05 11:46+0000	INFO	UpdXMLHandler: Succesfuly found the update.xml file in the specified project directory
2012-11-05 11:46+0000	INFO	UpdXMLHandler: Found projectname in xbmc-txupdate.xml file: xbmc-addons
2012-11-05 11:46+0000	INFO	UpdXMLHandler: Found http cache expire time in xbmc-txupdate.xml file: 1440
2012-11-05 11:46+0000	INFO	UpdXMLHandler: Found min completion percentage in xbmc-txupdate.xml file: 10%
2012-11-05 11:46+0000	INFO	UpdXMLHandler: No merged language file directory specified in xbmc-txupdate.xml file. Using default value: merged-langfiles
2012-11-05 11:46+0000	INFO	UpdXMLHandler: No temp tx update language file directory specified in xbmc-txupdate.xml file. Using default value: tempfiles_txupdate
2012-11-05 11:46+0000	INFO	UpdXMLHandler: Found support email address in xbmc-txupdate.xml file: alanwww1@xbmc.org
2012-11-05 11:46+0000	INFO	UpdXMLHandler: found resource in update.xml file: plugin.image.iphoto, Type: addon, SubDir: 
2012-11-05 11:46+0000	INFO	UpdXMLHandler: found resource in update.xml file: plugin.video.sagetv, Type: addon, SubDir: 
2012-11-05 11:46+0000	INFO	UpdXMLHandler: found resource in update.xml file: script.xbmcbackup, Type: addon, SubDir: 
2012-11-05 11:46+0000	INFO	UpdXMLHandler: found resource in update.xml file: service.libraryautoupdate, Type: addon, SubDir: 
2012-11-05 11:46+0000	INFO	LCodeHandler: Succesfully fetched 276 language codes from Transifex
2012-11-05 11:46+0000	INFO	JSONHandler: found resource on Transifex server: plugin-image-iphoto
2012-11-05 11:46+0000	INFO	JSONHandler: found resource on Transifex server: plugin-video-sagetv
2012-11-05 11:46+0000	INFO	JSONHandler: found resource on Transifex server: script-xbmcbackup
2012-11-05 11:46+0000	INFO	JSONHandler: found resource on Transifex server: service-libraryautoupdate
2012-11-05 11:46+0000	INFO	JSONHandler: Found 4 resources at Transifex server
2012-11-05 11:46+0000	INFO	CProjectHandler::UploadTXUpdateFiles: Uploading resource: plugin.image.iphoto, from langdir: translations/xbmc-addons/tempfiles_txupdate/plugin.image.iphoto/resources/language/
2012-11-05 11:46+0000	INFO	HTTPHandler::PutFileToURL: not necesarry to upload file as it has not changed from last upload. File: translations/xbmc-addons/tempfiles_txupdate/plugin.image.iphoto/resources/language/English/strings.po
2012-11-05 11:46+0000	INFO	CProjectHandler::UploadTXUpdateFiles: Uploading resource: plugin.video.sagetv, from langdir: translations/xbmc-addons/tempfiles_txupdate/plugin.video.sagetv/resources/language/
2012-11-05 11:46+0000	INFO	HTTPHandler::PutFileToURL: not necesarry to upload file as it has not changed from last upload. File: translations/xbmc-addons/tempfiles_txupdate/plugin.video.sagetv/resources/language/English/strings.po
2012-11-05 11:46+0000	INFO	CProjectHandler::UploadTXUpdateFiles: Uploading resource: script.xbmcbackup, from langdir: translations/xbmc-addons/tempfiles_txupdate/script.xbmcbackup/resources/language/
2012-11-05 11:46+0000	INFO	HTTPHandler::PutFileToURL: not necesarry to upload file as it has not changed from last upload. File: translations/xbmc-addons/tempfiles_txupdate/script.xbmcbackup/resources/language/English/strings.po
2012-11-05 11:46+0000	INFO	CProjectHandler::UploadTXUpdateFiles: Uploading resource: service.libraryautoupdate, from langdir: translations/xbmc-addons/tempfiles_txupdate/service.libraryautoupdate/resources/language/
2012-11-05 11:46+0000	INFO	HTTPHandler::PutFileToURL: not necesarry to upload file as it has not changed from last upload. File: translations/xbmc-addons/tempfiles_txupdate/service.libraryautoupdate/resources/language/English/strings.po
