XBMC-TXUPDATE v0.932 Syntax-Check Logfile

Addon: skin.confluence, Lang: cs, Warning: count missmatch of char "\n"
msgctxt "#31412"
msgid "This tab signifies that there is a menu off to the side of this window that contains extra options for this section.  To access the menu, navigate to the left with your remote control or keyboard or place your mouse pointer over the tab. [CR][CR]Click \"Ok\" to close this dialog. It will not appear again."
msgstr "Tato záložka zdůrazňuje, že se na boční straně okna nachází skryté menu s dalšími vlastnostmi.\nPro přístup k tomuto menu se přesuňte doleva dálkovým ovladačem, či klávesnicí, nebo přesuňte myš nad tuto kartu.[CR][CR]Kliknutím na tlačítko OK zavřete tento dialog, který se již znovu nezobrazí."


Addon: skin.confluence, Lang: da, Warning: count missmatch of char "\n"
msgctxt "#31412"
msgid "This tab signifies that there is a menu off to the side of this window that contains extra options for this section.  To access the menu, navigate to the left with your remote control or keyboard or place your mouse pointer over the tab. [CR][CR]Click \"Ok\" to close this dialog. It will not appear again."
msgstr "Dette faneblad indikerer, at der er en menu i siden af dette vindue, som indeholder ekstra indstillinger til denne sektion.\nFor at få adgang til denne menu, skal du navigere til venstre  med din fjernbetjening eller dit tastatur. Du kan også placere din musemarkør over fanebladet. [CR][CR]Tryk \"Ok\" for at lukke denne dialog. Den dukker ikke op igen."


Addon: skin.confluence, Lang: nl, Warning: count missmatch of char "\n"
msgctxt "#31412"
msgid "This tab signifies that there is a menu off to the side of this window that contains extra options for this section.  To access the menu, navigate to the left with your remote control or keyboard or place your mouse pointer over the tab. [CR][CR]Click \"Ok\" to close this dialog. It will not appear again."
msgstr "Deze tab betekent dat er een menu met extra opties voor deze sectie aan de zijkant van het scherm beschikbaar is. Voor toegang tot het menu, navigeer naar links met de afstandsbediening of toetsenbord of ga met de muisaanwijzer naar de tab. \n[CR][CR]Klik \"Ok\" om het dialoogscherm te sluiten. Deze zal niet meer getoond worden. "


Addon: xbmc.core, Lang: af, Warning: count missmatch of char "%"
msgctxt "#245"
msgid "Sizing: (%i,%i)->(%i,%i) (Zoom x%2.2f) AR:%2.2f:1 (Pixels: %2.2f:1) (VShift: %2.2f)"
msgstr "Grootte: (%i,%i)->(%i,%i) (Zoem x%2.2f) AR:%2.2f:1 (Pixels: %2.2f:1)"


Addon: xbmc.core, Lang: ar, Warning: count missmatch of char "\n"
msgctxt "#13389"
msgid "There are no presets available\nfor this visualization"
msgstr "لا توجد قيم مسبقة متاحة لهذا التصور"


Addon: xbmc.core, Lang: ar, Warning: count missmatch of char "\n"
msgctxt "#13390"
msgid "There are no settings available\nfor this visualization"
msgstr "لا توجد إعدادات متاحة لهذا التصور"


Addon: xbmc.core, Lang: ar, Warning: count missmatch of char "%"
msgctxt "#23054"
msgid "Running"
msgstr "%i جزء"


Addon: xbmc.core, Lang: ar, Warning: count missmatch of char "\n"
msgctxt "#35004"
msgid "There are no settings available\nfor this peripheral."
msgstr ".أي إعدادات لهذا الجهاز"


Addon: xbmc.core, Lang: bg, Warning: count missmatch of char "%"
msgctxt "#276"
msgid "Adjust the arrow to change the amount of overscan"
msgstr "Ползвайте стрелките, за да промените overscan-а (в %-ти)"


Addon: xbmc.core, Lang: bg, Warning: count missmatch of char "\n"
msgctxt "#277"
msgid "Adjust the bar to change the subtitles position"
msgstr "Преместете лентата, за да промените\nпозицията на субтитрите"


Addon: xbmc.core, Lang: bg, Warning: count missmatch of char "\n"
msgctxt "#433"
msgid "Really remove '%s'?"
msgstr "Наистина ли желаете премахването на\n\"%s\"?"


Addon: xbmc.core, Lang: bg, Warning: count missmatch of char "\n"
msgctxt "#468"
msgid "Move the bar to change the OSD position"
msgstr "Преместете лентата, за да промените\nпозицията на OSD"


Addon: xbmc.core, Lang: bg, Warning: count missmatch of char "\n"
msgctxt "#16027"
msgid "One or more items failed to play."
msgstr "Възпроизвеждането на един или\nповече елемента се провали."


Addon: xbmc.core, Lang: bg, Warning: count missmatch of char "\n"
msgctxt "#19036"
msgid "This recording cannot be played. Check the log for details."
msgstr "Записът не може да бъде възпроизведен.\nПроверете дневника за подробности."


Addon: xbmc.core, Lang: bg, Warning: count missmatch of char "\n"
msgctxt "#19041"
msgid "Are you sure you want to rename this recording?"
msgstr "Наистина ли желаете да \nпреименувате записа?"


Addon: xbmc.core, Lang: bg, Warning: count missmatch of char "\n"
msgctxt "#19068"
msgid "This recording could not be deleted. Check the log for details."
msgstr "Записът не може да бъде изтрит.\nПроверете дневника за подробности."


Addon: xbmc.core, Lang: bg, Warning: count missmatch of char "\n"
msgctxt "#19164"
msgid "Cannot start recording. Check the log for details."
msgstr "Записът не може да бъде започнат.\nПроверете дневника за подробности."


Addon: xbmc.core, Lang: da, Warning: count missmatch of char "\n"
msgctxt "#35004"
msgid "There are no settings available\nfor this peripheral."
msgstr "Der er ingen indstillinger tilgængelige for denne ydre enhed."


Addon: xbmc.core, Lang: de, Warning: count missmatch of char "%"
msgctxt "#245"
msgid "Sizing: (%i,%i)->(%i,%i) (Zoom x%2.2f) AR:%2.2f:1 (Pixels: %2.2f:1) (VShift: %2.2f)"
msgstr "Anpassen: (%i,%i)->(%i,%i) (Zoom x%2.2f) AR:%2.2f:1 (Pixel: %2.2f:1)"


Addon: xbmc.core, Lang: de, Warning: count missmatch of char "%"
msgctxt "#22021"
msgid "Allowed error in aspect ratio to minimize black bars"
msgstr "Erlaube Fehler im Seitenverhältnis (%)"


Addon: xbmc.core, Lang: de, Warning: count missmatch of char "%"
msgctxt "#25004"
msgid "Play main title: %d"
msgstr "Hauptfilm wiedergeben"


Addon: xbmc.core, Lang: de, Warning: count missmatch of char "\n"
msgctxt "#35004"
msgid "There are no settings available\nfor this peripheral."
msgstr "Für dieses Gerät sind keine Einstellungen verfügbar"


Addon: xbmc.core, Lang: eo, Warning: count missmatch of char "%"
msgctxt "#433"
msgid "Really remove '%s'?"
msgstr "Are vi sure about removing"


Addon: xbmc.core, Lang: eo, Warning: count missmatch of char "%"
msgctxt "#434"
msgid "From %s at %i %s"
msgstr "la filmo?"


Addon: xbmc.core, Lang: eo, Warning: count missmatch of char "%"
msgctxt "#12022"
msgid "Resume from %s"
msgstr "Resume from last position"


Addon: xbmc.core, Lang: es, Warning: count missmatch of char "\n"
msgctxt "#13389"
msgid "There are no presets available\nfor this visualization"
msgstr "No hay ajustes por defecto disponibles⏎ para esta visualización"


Addon: xbmc.core, Lang: es, Warning: count missmatch of char "\n"
msgctxt "#13390"
msgid "There are no settings available\nfor this visualization"
msgstr "No hay ajustes disponibles para esta visualización"


Addon: xbmc.core, Lang: es_AR, Warning: count missmatch of char "\n"
msgctxt "#13389"
msgid "There are no presets available\nfor this visualization"
msgstr "No hay ajustes por defecto disponibles⏎ para esta visualización"


Addon: xbmc.core, Lang: es_AR, Warning: count missmatch of char "\n"
msgctxt "#13390"
msgid "There are no settings available\nfor this visualization"
msgstr "No hay ajustes disponibles para esta visualización"


Addon: xbmc.core, Lang: et, Warning: count missmatch of char "%"
msgctxt "#14017"
msgid "Percentage of thumbs"
msgstr "Pisipiltide osakaal (%)"


Addon: xbmc.core, Lang: eu, Warning: count missmatch of char "%"
msgctxt "#245"
msgid "Sizing: (%i,%i)->(%i,%i) (Zoom x%2.2f) AR:%2.2f:1 (Pixels: %2.2f:1) (VShift: %2.2f)"
msgstr "Tamaina: (%i,%i)->(%i,%i) (Zoom-a x%2.2f) AR:%2.2f:1 (Pixelak: %2.2f:1)"


Addon: xbmc.core, Lang: fi, Warning: count missmatch of char "\n"
msgctxt "#13389"
msgid "There are no presets available\nfor this visualization"
msgstr "Tälle visualisoinnille ei löytynyt esiasetuksia"


Addon: xbmc.core, Lang: fi, Warning: count missmatch of char "\n"
msgctxt "#13390"
msgid "There are no settings available\nfor this visualization"
msgstr "Tälle visualisoinnille ei ole määriteltäviä asetuksia"


Addon: xbmc.core, Lang: fi, Warning: count missmatch of char "%"
msgctxt "#14017"
msgid "Percentage of thumbs"
msgstr "Pienoiskuvien osuus (%)"


Addon: xbmc.core, Lang: fo, Warning: count missmatch of char "\n"
msgctxt "#13389"
msgid "There are no presets available\nfor this visualization"
msgstr "Ongar ásetingar eru tøkar ⏎ fyri hesa framløgu"


Addon: xbmc.core, Lang: fo, Warning: count missmatch of char "\n"
msgctxt "#13390"
msgid "There are no settings available\nfor this visualization"
msgstr "Ongin stilling er tøk ⏎ fyri hesa framløgu"


Addon: xbmc.core, Lang: fo, Warning: count missmatch of char "\n"
msgctxt "#35004"
msgid "There are no settings available\nfor this peripheral."
msgstr "Ongin stilling er tøk ⏎ til hetta tilhoyri."


Addon: xbmc.core, Lang: gl, Warning: count missmatch of char "\n"
msgctxt "#13389"
msgid "There are no presets available\nfor this visualization"
msgstr "Non hai preconfiguracións\ndispoñibles para esta\nvisualización"


Addon: xbmc.core, Lang: gl, Warning: count missmatch of char "\n"
msgctxt "#13390"
msgid "There are no settings available\nfor this visualization"
msgstr "Non hai configuracións\ndispoñibles para esta\nvisualización"


Addon: xbmc.core, Lang: he, Warning: count missmatch of char "\n"
msgctxt "#13389"
msgid "There are no presets available\nfor this visualization"
msgstr "אין קביעונים לחיזוי זה"


Addon: xbmc.core, Lang: he, Warning: count missmatch of char "\n"
msgctxt "#13390"
msgid "There are no settings available\nfor this visualization"
msgstr "אין הגדרות לחיזוי זה"


Addon: xbmc.core, Lang: he, Warning: count missmatch of char "\n"
msgctxt "#35004"
msgid "There are no settings available\nfor this peripheral."
msgstr "אין הגדרות להתקן זה"


Addon: xbmc.core, Lang: hu, Warning: count missmatch of char "%"
msgctxt "#22021"
msgid "Allowed error in aspect ratio to minimize black bars"
msgstr "Max. képarányhiba, feketesávok minimalizálásakor (%)"


Addon: xbmc.core, Lang: id, Warning: count missmatch of char "%"
msgctxt "#197"
msgid "Querying %s info"
msgstr "Meminta info IMDB"


Addon: xbmc.core, Lang: id, Warning: count missmatch of char "%"
msgctxt "#241"
msgid "Full Screen #%d"
msgstr "VCD/SVCD Mainkan Secara Otomatis"


Addon: xbmc.core, Lang: id, Warning: count missmatch of char "%"
msgctxt "#245"
msgid "Sizing: (%i,%i)->(%i,%i) (Zoom x%2.2f) AR:%2.2f:1 (Pixels: %2.2f:1) (VShift: %2.2f)"
msgstr "Musik Mainkan Secara Otomatis"


Addon: xbmc.core, Lang: id, Warning: count missmatch of char "%"
msgctxt "#433"
msgid "Really remove '%s'?"
msgstr "Anda yakin tetang menghapus"


Addon: xbmc.core, Lang: id, Warning: count missmatch of char "%"
msgctxt "#434"
msgid "From %s at %i %s"
msgstr "film?"


Addon: xbmc.core, Lang: id, Warning: count missmatch of char "%"
msgctxt "#1443"
msgid "of"
msgstr "%s: %s MB of %s MB Bebas"


Addon: xbmc.core, Lang: id, Warning: count missmatch of char "%"
msgctxt "#12022"
msgid "Resume from %s"
msgstr "Mainkan lagi dari posisi akhir"


Addon: xbmc.core, Lang: id, Warning: count missmatch of char "%"
msgctxt "#20161"
msgid "Total"
msgstr "Total: %s MB, Digunakan: %s MB, Bebas: %s MB"


Addon: xbmc.core, Lang: id, Warning: count missmatch of char "%"
msgctxt "#20162"
msgid "Used"
msgstr "Total HDD Digunakan: %u%%  Bebas: %u%%"


Addon: xbmc.core, Lang: id, Warning: count missmatch of char "%"
msgctxt "#20163"
msgid "of"
msgstr "%s: %s MB of %s MB Bebas"


Addon: xbmc.core, Lang: it, Warning: count missmatch of char "\n"
msgctxt "#13389"
msgid "There are no presets available\nfor this visualization"
msgstr "Nessun preset disponibile per questo effetto grafico"


Addon: xbmc.core, Lang: it, Warning: count missmatch of char "\n"
msgctxt "#13390"
msgid "There are no settings available\nfor this visualization"
msgstr "Nessuna impostazione disponibile per questo effetto grafico"


Addon: xbmc.core, Lang: ja, Warning: count missmatch of char "%"
msgctxt "#362"
msgid "Screensaver dim level"
msgstr "スクリーンセーバーの暗さ(%)"


Addon: xbmc.core, Lang: ja, Warning: count missmatch of char "%"
msgctxt "#13330"
msgid "Unable to load %s"
msgstr "％がロードできません"


Addon: xbmc.core, Lang: ja, Warning: count missmatch of char "\n"
msgctxt "#13389"
msgid "There are no presets available\nfor this visualization"
msgstr "このビジュアライザーにはプリセットがありません"


Addon: xbmc.core, Lang: ja, Warning: count missmatch of char "\n"
msgctxt "#13390"
msgid "There are no settings available\nfor this visualization"
msgstr "このビジュアライザーには設定がありません"


Addon: xbmc.core, Lang: ja, Warning: count missmatch of char "%"
msgctxt "#14014"
msgid "- Percentage"
msgstr "- 割合(%)"


Addon: xbmc.core, Lang: ja, Warning: count missmatch of char "\n"
msgctxt "#35004"
msgid "There are no settings available\nfor this peripheral."
msgstr "この周辺機器用の設定はありません。"


Addon: xbmc.core, Lang: ko, Warning: count missmatch of char "%"
msgctxt "#245"
msgid "Sizing: (%i,%i)->(%i,%i) (Zoom x%2.2f) AR:%2.2f:1 (Pixels: %2.2f:1) (VShift: %2.2f)"
msgstr "크기: (%i,%i)->(%i,%i) (축소확대 x%2.2f) 가로세로비:%2.2f:1 (픽셀: %2.2f:1)"


Addon: xbmc.core, Lang: ko, Warning: count missmatch of char "\n"
msgctxt "#13389"
msgid "There are no presets available\nfor this visualization"
msgstr "이 시각화에 사용가능한 사전설정이 없습니다"


Addon: xbmc.core, Lang: ko, Warning: count missmatch of char "\n"
msgctxt "#13390"
msgid "There are no settings available\nfor this visualization"
msgstr "이 시각화에 사용가능한 설정이 없습니다"


Addon: xbmc.core, Lang: ko, Warning: count missmatch of char "\n"
msgctxt "#35004"
msgid "There are no settings available\nfor this peripheral."
msgstr "이 장치에 대한 설정이 없습니다."


Addon: xbmc.core, Lang: mk, Warning: count missmatch of char "\n"
msgctxt "#13389"
msgid "There are no presets available\nfor this visualization"
msgstr "Не постојат одапред зададени поставки за оваа визуализација"


Addon: xbmc.core, Lang: mk, Warning: count missmatch of char "\n"
msgctxt "#13390"
msgid "There are no settings available\nfor this visualization"
msgstr "Не постојат достапни поставки за оваа визуализација"


Addon: xbmc.core, Lang: mt, Warning: count missmatch of char "%"
msgctxt "#241"
msgid "Full Screen #%d"
msgstr "Daħħal u Ara VCD/SVCD"


Addon: xbmc.core, Lang: mt, Warning: count missmatch of char "%"
msgctxt "#245"
msgid "Sizing: (%i,%i)->(%i,%i) (Zoom x%2.2f) AR:%2.2f:1 (Pixels: %2.2f:1) (VShift: %2.2f)"
msgstr "Daħħal u Isma Mużika"


Addon: xbmc.core, Lang: mt, Warning: count missmatch of char "%"
msgctxt "#1443"
msgid "of"
msgstr "%s: %s MB of %s MB Vojta"


Addon: xbmc.core, Lang: mt, Warning: count missmatch of char "%"
msgctxt "#12022"
msgid "Resume from %s"
msgstr "Kompli mill-aħħar"


Addon: xbmc.core, Lang: mt, Warning: count missmatch of char "\n"
msgctxt "#13389"
msgid "There are no presets available\nfor this visualization"
msgstr "There are no presets available for this visualisation"


Addon: xbmc.core, Lang: mt, Warning: count missmatch of char "\n"
msgctxt "#13390"
msgid "There are no settings available\nfor this visualization"
msgstr "There are no settings available for this visualisation"


Addon: xbmc.core, Lang: mt, Warning: count missmatch of char "%"
msgctxt "#20161"
msgid "Total"
msgstr "Total: %s MB, Użat: %s MB, Mhux Użat: %s MB"


Addon: xbmc.core, Lang: mt, Warning: count missmatch of char "%"
msgctxt "#20162"
msgid "Used"
msgstr "Total HDD Użat: %u%% Mhux Użat: %u%%"


Addon: xbmc.core, Lang: mt, Warning: count missmatch of char "%"
msgctxt "#20163"
msgid "of"
msgstr "%s: %s MB of %s MB Vojta"


Addon: xbmc.core, Lang: nl, Warning: count missmatch of char "%"
msgctxt "#245"
msgid "Sizing: (%i,%i)->(%i,%i) (Zoom x%2.2f) AR:%2.2f:1 (Pixels: %2.2f:1) (VShift: %2.2f)"
msgstr "Formaat: (%i,%i)->(%i,%i) (Zoom x%2.2f) AR:%2.2f:1 (Pixels: %2.2f:1)"


Addon: xbmc.core, Lang: nl, Warning: count missmatch of char "\n"
msgctxt "#13389"
msgid "There are no presets available\nfor this visualization"
msgstr "Er zijn geen presets beschikbaar voor deze visualisatie"


Addon: xbmc.core, Lang: nl, Warning: count missmatch of char "\n"
msgctxt "#13390"
msgid "There are no settings available\nfor this visualization"
msgstr "Er zijn geen instellingen beschikbaar voor deze visualisatie"


Addon: xbmc.core, Lang: nl, Warning: count missmatch of char "%"
msgctxt "#22021"
msgid "Allowed error in aspect ratio to minimize black bars"
msgstr "Toegestane afwijking in beeldverhouding (%)"


Addon: xbmc.core, Lang: no, Warning: count missmatch of char "%"
msgctxt "#13388"
msgid "Preset"
msgstr "%s forhåndsinnstillinger"


Addon: xbmc.core, Lang: pl, Warning: count missmatch of char "%"
msgctxt "#245"
msgid "Sizing: (%i,%i)->(%i,%i) (Zoom x%2.2f) AR:%2.2f:1 (Pixels: %2.2f:1) (VShift: %2.2f)"
msgstr "Rozmiar: (%i,%i)->(%i,%i) (Powiększenie x%2.2f) AR:%2.2f:1 (Piksele: %2.2f:1)"


Addon: xbmc.core, Lang: pl, Warning: count missmatch of char "\n"
msgctxt "#13389"
msgid "There are no presets available\nfor this visualization"
msgstr "Nie ma dostępnych efektów dla tej wizualizacji"


Addon: xbmc.core, Lang: pl, Warning: count missmatch of char "\n"
msgctxt "#13390"
msgid "There are no settings available\nfor this visualization"
msgstr "Nie ma dostępnych opcji dla tej wizualizacji"


Addon: xbmc.core, Lang: pl, Warning: count missmatch of char "\n"
msgctxt "#35004"
msgid "There are no settings available\nfor this peripheral."
msgstr "To urządzenie nie ma ustawień."


Addon: xbmc.core, Lang: pt_BR, Warning: count missmatch of char "%"
msgctxt "#245"
msgid "Sizing: (%i,%i)->(%i,%i) (Zoom x%2.2f) AR:%2.2f:1 (Pixels: %2.2f:1) (VShift: %2.2f)"
msgstr "Dimensionando: (%i,%i)->(%i,%i) (Zoom x%2.2f) AR:%2.2f:1 (Pixels: %2.2f:1)"


Addon: xbmc.core, Lang: pt_BR, Warning: count missmatch of char "\n"
msgctxt "#13389"
msgid "There are no presets available\nfor this visualization"
msgstr "Não há pré-ajustes disponíveis para esta visualização"


Addon: xbmc.core, Lang: pt_BR, Warning: count missmatch of char "\n"
msgctxt "#13390"
msgid "There are no settings available\nfor this visualization"
msgstr "Não há configurações disponíveis para esta visualização"


Addon: xbmc.core, Lang: pt_BR, Warning: count missmatch of char "%"
msgctxt "#22021"
msgid "Allowed error in aspect ratio to minimize black bars"
msgstr "Erro (%) permitido na proporção de aspecto"


Addon: xbmc.core, Lang: ro, Warning: count missmatch of char "\n"
msgctxt "#125"
msgid "Delete these files? - Deleting files cannot be undone!"
msgstr "Sigur doriți să ștergeți acest fișier?\nATENȚIE: Ștergerea fișierelor nu poate fi anulată!"


Addon: xbmc.core, Lang: ro, Warning: count missmatch of char "\n"
msgctxt "#13389"
msgid "There are no presets available\nfor this visualization"
msgstr "Nu există vizualizări predefinite disponibile"


Addon: xbmc.core, Lang: ro, Warning: count missmatch of char "\n"
msgctxt "#20145"
msgid "Shutdown interval (in minutes)"
msgstr "Planificare închidere\n(în minute)"


Addon: xbmc.core, Lang: sk, Warning: count missmatch of char "\n"
msgctxt "#35004"
msgid "There are no settings available\nfor this peripheral."
msgstr "Pre toto periférne zariadenie nie sú žiadne nastavenia dostupné."


Addon: xbmc.core, Lang: sl, Warning: count missmatch of char "\n"
msgctxt "#13389"
msgid "There are no presets available\nfor this visualization"
msgstr "Ni prednastavitev za vizualizacijo"


Addon: xbmc.core, Lang: sl, Warning: count missmatch of char "\n"
msgctxt "#13390"
msgid "There are no settings available\nfor this visualization"
msgstr "Ni nastavitev za to vizualizacijo"


Addon: xbmc.core, Lang: sl, Warning: count missmatch of char "\n"
msgctxt "#35004"
msgid "There are no settings available\nfor this peripheral."
msgstr "Ni nastavitev za to zunanjo napravo."


Addon: xbmc.core, Lang: sq, Warning: count missmatch of char "\n"
msgctxt "#13389"
msgid "There are no presets available\nfor this visualization"
msgstr "Nuk ka të prezgjedhuara për këtë vizualizim"


Addon: xbmc.core, Lang: sq, Warning: count missmatch of char "\n"
msgctxt "#13390"
msgid "There are no settings available\nfor this visualization"
msgstr "Nuk ka cilësime për këtë vizualizim "


Addon: xbmc.core, Lang: sq, Warning: count missmatch of char "\n"
msgctxt "#35004"
msgid "There are no settings available\nfor this peripheral."
msgstr "Asgjë në cilësim në dispozicion për këtë periferi"


Addon: xbmc.core, Lang: ta_IN, Warning: count missmatch of char "\n"
msgctxt "#13389"
msgid "There are no presets available\nfor this visualization"
msgstr "இந்த காட்சியளிப்புக்கு எந்த முன்னமைவுகளும் இல்லை"


Addon: xbmc.core, Lang: ta_IN, Warning: count missmatch of char "\n"
msgctxt "#13390"
msgid "There are no settings available\nfor this visualization"
msgstr "இந்த காட்சியளிப்புக்கு எந்த அமைப்புகளும் இல்லை"


Addon: xbmc.core, Lang: ta_IN, Warning: count missmatch of char "\n"
msgctxt "#35004"
msgid "There are no settings available\nfor this peripheral."
msgstr "இந்த சாதனத்திற்கு எந்த அமைப்பும் கிடைக்கவில்லை"


Addon: xbmc.core, Lang: th, Warning: count missmatch of char "\n"
msgctxt "#1420"
msgid "Moderate"
msgstr "	\nปานกลาง"


Addon: xbmc.core, Lang: th, Warning: count missmatch of char "\n"
msgctxt "#1424"
msgid "Overcast"
msgstr "	\nมีเมฆมาก"


Addon: xbmc.core, Lang: th, Warning: count missmatch of char "\n"
msgctxt "#1430"
msgid "Widespread"
msgstr "	\nกระจาย"


Addon: xbmc.core, Lang: th, Warning: count missmatch of char "\n"
msgctxt "#1439"
msgid "and"
msgstr "	\nรวมทั้ง"


Addon: xbmc.core, Lang: th, Warning: count missmatch of char "\n"
msgctxt "#20461"
msgid "Remove %s"
msgstr "	\nเอาออก %s"


Addon: xbmc.core, Lang: th, Warning: count missmatch of char "\n"
msgctxt "#35004"
msgid "There are no settings available\nfor this peripheral."
msgstr "ไม่มีที่เลือกตั้งค่า⏎ สำหรับอุปกรณ์ต่อพ่วงนี้"


Addon: xbmc.core, Lang: tr, Warning: count missmatch of char "\n"
msgctxt "#13389"
msgid "There are no presets available\nfor this visualization"
msgstr "Bu görsel öğenin kullanılabilir önayarları yok"


Addon: xbmc.core, Lang: tr, Warning: count missmatch of char "\n"
msgctxt "#13390"
msgid "There are no settings available\nfor this visualization"
msgstr "Bu görsel öğenin kullanılabilir ayarları yok"


Addon: xbmc.core, Lang: tr, Warning: count missmatch of char "\n"
msgctxt "#35004"
msgid "There are no settings available\nfor this peripheral."
msgstr "Bu çevre birimi için ayar mevcut değil."


Addon: xbmc.core, Lang: vi, Warning: count missmatch of char "%"
msgctxt "#14017"
msgid "Percentage of thumbs"
msgstr "Tỉ lệ % của các ảnh nhỏ"


Addon: xbmc.core, Lang: zh, Warning: count missmatch of char "\n"
msgctxt "#13389"
msgid "There are no presets available\nfor this visualization"
msgstr "该可视化效果无可用预设"


Addon: xbmc.core, Lang: zh, Warning: count missmatch of char "\n"
msgctxt "#13390"
msgid "There are no settings available\nfor this visualization"
msgstr "该可视化效果无可用设置"


Addon: xbmc.core, Lang: zh, Warning: count missmatch of char "\n"
msgctxt "#35004"
msgid "There are no settings available\nfor this peripheral."
msgstr "此设备无可用设置。"


Addon: xbmc.core, Lang: zh_TW, Warning: count missmatch of char "%"
msgctxt "#245"
msgid "Sizing: (%i,%i)->(%i,%i) (Zoom x%2.2f) AR:%2.2f:1 (Pixels: %2.2f:1) (VShift: %2.2f)"
msgstr "縮放中：(%i,%i)->(%i,%i) (縮放 x%2.2f) AR:%2.2f:1 (像素: %2.2f:1)"


Addon: xbmc.core, Lang: zh_TW, Warning: count missmatch of char "\n"
msgctxt "#1440"
msgid "Sleet"
msgstr "	\n霰雨"


Addon: xbmc.core, Lang: zh_TW, Warning: count missmatch of char "\n"
msgctxt "#19074"
msgid "Active:"
msgstr "	\n現行"


Addon: xbmc.core, Lang: zh_TW, Warning: count missmatch of char "%"
msgctxt "#19162"
msgid "Recording active"
msgstr "錄影開始於：%s"


Total Syntax Warnings: 119
