XBMC-TXUPDATE v0.932 Logfile

2014-03-01 20:44+0000	INFO	Root Directory: translations/xbmc-main/
2014-03-01 20:44+0000	INFO	HTTPHandler: Succesfuly found the .passwsords.xml file: translations/xbmc-main/.passwords.xml
2014-03-01 20:44+0000	INFO	HTTPHandler: found login credentials for website prefix: https://www.transifex.com/api/2/project/
2014-03-01 20:44+0000	INFO	HTTPHandler: Cache directory set to: translations/xbmc-main/.httpcache
2014-03-01 20:44+0000	INFO	UpdXMLHandler: Succesfuly found the update.xml file in the specified project directory
2014-03-01 20:44+0000	INFO	UpdXMLHandler: Found projectname in xbmc-txupdate.xml file: xbmc-main
2014-03-01 20:44+0000	INFO	UpdXMLHandler: Found http cache expire time in xbmc-txupdate.xml file: 360
2014-03-01 20:44+0000	INFO	UpdXMLHandler: Found min completion percentage in xbmc-txupdate.xml file: 5%
2014-03-01 20:44+0000	INFO	UpdXMLHandler: No merged language file directory specified in xbmc-txupdate.xml file. Using default value: merged-langfiles
2014-03-01 20:44+0000	INFO	UpdXMLHandler: No temp tx update language file directory specified in xbmc-txupdate.xml file. Using default value: tempfiles_txupdate
2014-03-01 20:44+0000	INFO	UpdXMLHandler: Found support email address in xbmc-txupdate.xml file: http://trac.xbmc.org/
2014-03-01 20:44+0000	INFO	UpdXMLHandler: found resource in update.xml file: repository.xbmc.org, Type: addon_nostrings, SubDir: addons
2014-03-01 20:44+0000	INFO	UpdXMLHandler: found resource in update.xml file: screensaver.rsxs.euphoria, Type: addon_nostrings, SubDir: addons
2014-03-01 20:44+0000	INFO	UpdXMLHandler: found resource in update.xml file: screensaver.rsxs.plasma, Type: addon_nostrings, SubDir: addons
2014-03-01 20:44+0000	INFO	UpdXMLHandler: found resource in update.xml file: screensaver.rsxs.solarwinds, Type: addon_nostrings, SubDir: addons
2014-03-01 20:44+0000	INFO	UpdXMLHandler: found resource in update.xml file: screensaver.xbmc.builtin.black, Type: addon_nostrings, SubDir: addons
2014-03-01 20:44+0000	INFO	UpdXMLHandler: found resource in update.xml file: screensaver.xbmc.builtin.dim, Type: addon, SubDir: addons
2014-03-01 20:44+0000	INFO	UpdXMLHandler: found resource in update.xml file: skin.confluence, Type: skin, SubDir: addons
2014-03-01 20:44+0000	INFO	UpdXMLHandler: found resource in update.xml file: visualization.dxspectrum, Type: addon, SubDir: addons
2014-03-01 20:44+0000	INFO	UpdXMLHandler: found resource in update.xml file: visualization.glspectrum, Type: addon, SubDir: addons
2014-03-01 20:44+0000	INFO	UpdXMLHandler: found resource in update.xml file: visualization.milkdrop, Type: addon, SubDir: addons
2014-03-01 20:44+0000	INFO	UpdXMLHandler: found resource in update.xml file: visualization.projectm, Type: addon, SubDir: addons
2014-03-01 20:44+0000	INFO	UpdXMLHandler: found resource in update.xml file: visualization.waveform, Type: addon_nostrings, SubDir: addons
2014-03-01 20:44+0000	INFO	UpdXMLHandler: found resource in update.xml file: xbmc.core, Type: xbmc_core, SubDir: 
2014-03-01 20:44+0000	INFO	UpdXMLHandler: found resource in update.xml file: webinterface.default, Type: addon_nostrings, SubDir: addons
2014-03-01 20:44+0000	INFO	UpdXMLHandler: found resource in update.xml file: xbmc.debug, Type: addon, SubDir: addons
2014-03-01 20:44+0000	INFO	UpdXMLHandler: found resource in update.xml file: visualization.vortex, Type: addon, SubDir: addons
2014-03-01 20:44+0000	INFO	UpdXMLHandler: found resource in update.xml file: visualization.fishbmc, Type: addon, SubDir: addons
2014-03-01 20:44+0000	INFO	UpdXMLHandler: found resource in update.xml file: repository.pvr-android.xbmc.org, Type: addon_nostrings, SubDir: addons
2014-03-01 20:44+0000	INFO	UpdXMLHandler: found resource in update.xml file: repository.pvr-ios.xbmc.org, Type: addon_nostrings, SubDir: addons
2014-03-01 20:44+0000	INFO	UpdXMLHandler: found resource in update.xml file: repository.pvr-osx32.xbmc.org, Type: addon_nostrings, SubDir: addons
2014-03-01 20:44+0000	INFO	UpdXMLHandler: found resource in update.xml file: repository.pvr-osx64.xbmc.org, Type: addon_nostrings, SubDir: addons
2014-03-01 20:44+0000	INFO	UpdXMLHandler: found resource in update.xml file: repository.pvr-win32.xbmc.org, Type: addon_nostrings, SubDir: addons
2014-03-01 20:44+0000	INFO	LCodeHandler: Succesfully fetched 278 language codes from Transifex
2014-03-01 20:44+0000	INFO	JSONHandler: found resource on Transifex server: repository-pvr-android-xbmc-org
2014-03-01 20:44+0000	INFO	JSONHandler: found resource on Transifex server: repository-pvr-ios-xbmc-org
2014-03-01 20:44+0000	INFO	JSONHandler: found resource on Transifex server: repository-pvr-osx32-xbmc-org
2014-03-01 20:44+0000	INFO	JSONHandler: found resource on Transifex server: repository-pvr-osx64-xbmc-org
2014-03-01 20:44+0000	INFO	JSONHandler: found resource on Transifex server: repository-pvr-win32-xbmc-org
2014-03-01 20:44+0000	INFO	JSONHandler: found resource on Transifex server: repository-xbmc-org
2014-03-01 20:44+0000	INFO	JSONHandler: found resource on Transifex server: screensaver-rsxs-euphoria
2014-03-01 20:44+0000	INFO	JSONHandler: found resource on Transifex server: screensaver-rsxs-plasma
2014-03-01 20:44+0000	INFO	JSONHandler: found resource on Transifex server: screensaver-rsxs-solarwinds
2014-03-01 20:44+0000	INFO	JSONHandler: found resource on Transifex server: screensaver-xbmc-builtin-black
2014-03-01 20:44+0000	INFO	JSONHandler: found resource on Transifex server: screensaver-xbmc-builtin-dim
2014-03-01 20:44+0000	INFO	JSONHandler: found resource on Transifex server: skin-confluence
2014-03-01 20:44+0000	INFO	JSONHandler: found resource on Transifex server: visualization-dxspectrum
2014-03-01 20:44+0000	INFO	JSONHandler: found resource on Transifex server: visualization-fishbmc
2014-03-01 20:44+0000	INFO	JSONHandler: found resource on Transifex server: visualization-glspectrum
2014-03-01 20:44+0000	INFO	JSONHandler: found resource on Transifex server: visualization-milkdrop
2014-03-01 20:44+0000	INFO	JSONHandler: found resource on Transifex server: visualization-projectm
2014-03-01 20:44+0000	INFO	JSONHandler: found resource on Transifex server: visualization-vortex
2014-03-01 20:44+0000	INFO	JSONHandler: found resource on Transifex server: visualization-waveform
2014-03-01 20:44+0000	INFO	JSONHandler: found resource on Transifex server: webinterface-default
2014-03-01 20:44+0000	INFO	JSONHandler: found resource on Transifex server: xbmc-core
2014-03-01 20:44+0000	INFO	JSONHandler: found resource on Transifex server: xbmc-debug
2014-03-01 20:44+0000	INFO	JSONHandler: Found 22 resources at Transifex server
2014-03-01 20:44+0000	INFO	CProjectHandler::UploadTXUpdateFiles: Uploading resource: repository.pvr-android.xbmc.org, from langdir: translations/xbmc-main/tempfiles_txupdate/addons/repository.pvr-android.xbmc.org//resources/language/
2014-03-01 20:44+0000	INFO	CProjectHandler::GetLangsFromDir: no English directory found at langdir: translations/xbmc-main/tempfiles_txupdate/addons/repository.pvr-android.xbmc.org//resources/language/, skipping upload for this resource.
2014-03-01 20:44+0000	INFO	CProjectHandler::UploadTXUpdateFiles: Uploading resource: repository.pvr-ios.xbmc.org, from langdir: translations/xbmc-main/tempfiles_txupdate/addons/repository.pvr-ios.xbmc.org//resources/language/
2014-03-01 20:44+0000	INFO	CProjectHandler::GetLangsFromDir: no English directory found at langdir: translations/xbmc-main/tempfiles_txupdate/addons/repository.pvr-ios.xbmc.org//resources/language/, skipping upload for this resource.
2014-03-01 20:44+0000	INFO	CProjectHandler::UploadTXUpdateFiles: Uploading resource: repository.pvr-osx32.xbmc.org, from langdir: translations/xbmc-main/tempfiles_txupdate/addons/repository.pvr-osx32.xbmc.org//resources/language/
2014-03-01 20:44+0000	INFO	CProjectHandler::GetLangsFromDir: no English directory found at langdir: translations/xbmc-main/tempfiles_txupdate/addons/repository.pvr-osx32.xbmc.org//resources/language/, skipping upload for this resource.
2014-03-01 20:44+0000	INFO	CProjectHandler::UploadTXUpdateFiles: Uploading resource: repository.pvr-osx64.xbmc.org, from langdir: translations/xbmc-main/tempfiles_txupdate/addons/repository.pvr-osx64.xbmc.org//resources/language/
2014-03-01 20:44+0000	INFO	CProjectHandler::GetLangsFromDir: no English directory found at langdir: translations/xbmc-main/tempfiles_txupdate/addons/repository.pvr-osx64.xbmc.org//resources/language/, skipping upload for this resource.
2014-03-01 20:44+0000	INFO	CProjectHandler::UploadTXUpdateFiles: Uploading resource: repository.pvr-win32.xbmc.org, from langdir: translations/xbmc-main/tempfiles_txupdate/addons/repository.pvr-win32.xbmc.org//resources/language/
2014-03-01 20:44+0000	INFO	CProjectHandler::GetLangsFromDir: no English directory found at langdir: translations/xbmc-main/tempfiles_txupdate/addons/repository.pvr-win32.xbmc.org//resources/language/, skipping upload for this resource.
2014-03-01 20:44+0000	INFO	CProjectHandler::UploadTXUpdateFiles: Uploading resource: repository.xbmc.org, from langdir: translations/xbmc-main/tempfiles_txupdate/addons/repository.xbmc.org//resources/language/
2014-03-01 20:44+0000	INFO	CProjectHandler::GetLangsFromDir: no English directory found at langdir: translations/xbmc-main/tempfiles_txupdate/addons/repository.xbmc.org//resources/language/, skipping upload for this resource.
2014-03-01 20:44+0000	INFO	CProjectHandler::UploadTXUpdateFiles: Uploading resource: screensaver.rsxs.euphoria, from langdir: translations/xbmc-main/tempfiles_txupdate/addons/screensaver.rsxs.euphoria//resources/language/
2014-03-01 20:44+0000	INFO	CProjectHandler::GetLangsFromDir: no English directory found at langdir: translations/xbmc-main/tempfiles_txupdate/addons/screensaver.rsxs.euphoria//resources/language/, skipping upload for this resource.
2014-03-01 20:44+0000	INFO	CProjectHandler::UploadTXUpdateFiles: Uploading resource: screensaver.rsxs.plasma, from langdir: translations/xbmc-main/tempfiles_txupdate/addons/screensaver.rsxs.plasma//resources/language/
2014-03-01 20:44+0000	INFO	CProjectHandler::GetLangsFromDir: no English directory found at langdir: translations/xbmc-main/tempfiles_txupdate/addons/screensaver.rsxs.plasma//resources/language/, skipping upload for this resource.
2014-03-01 20:44+0000	INFO	CProjectHandler::UploadTXUpdateFiles: Uploading resource: screensaver.rsxs.solarwinds, from langdir: translations/xbmc-main/tempfiles_txupdate/addons/screensaver.rsxs.solarwinds//resources/language/
2014-03-01 20:44+0000	INFO	CProjectHandler::GetLangsFromDir: no English directory found at langdir: translations/xbmc-main/tempfiles_txupdate/addons/screensaver.rsxs.solarwinds//resources/language/, skipping upload for this resource.
2014-03-01 20:44+0000	INFO	CProjectHandler::UploadTXUpdateFiles: Uploading resource: screensaver.xbmc.builtin.black, from langdir: translations/xbmc-main/tempfiles_txupdate/addons/screensaver.xbmc.builtin.black//resources/language/
2014-03-01 20:44+0000	INFO	CProjectHandler::GetLangsFromDir: no English directory found at langdir: translations/xbmc-main/tempfiles_txupdate/addons/screensaver.xbmc.builtin.black//resources/language/, skipping upload for this resource.
2014-03-01 20:44+0000	INFO	CProjectHandler::UploadTXUpdateFiles: Uploading resource: screensaver.xbmc.builtin.dim, from langdir: translations/xbmc-main/tempfiles_txupdate/addons/screensaver.xbmc.builtin.dim//resources/language/
2014-03-01 20:44+0000	INFO	CProjectHandler::GetLangsFromDir: no English directory found at langdir: translations/xbmc-main/tempfiles_txupdate/addons/screensaver.xbmc.builtin.dim//resources/language/, skipping upload for this resource.
2014-03-01 20:44+0000	INFO	CProjectHandler::UploadTXUpdateFiles: Uploading resource: skin.confluence, from langdir: translations/xbmc-main/tempfiles_txupdate/addons/skin.confluence//language/
2014-03-01 20:44+0000	INFO	CProjectHandler::GetLangsFromDir: no English directory found at langdir: translations/xbmc-main/tempfiles_txupdate/addons/skin.confluence//language/, skipping upload for this resource.
2014-03-01 20:44+0000	INFO	CProjectHandler::UploadTXUpdateFiles: Uploading resource: visualization.dxspectrum, from langdir: translations/xbmc-main/tempfiles_txupdate/addons/visualization.dxspectrum//resources/language/
2014-03-01 20:44+0000	INFO	HTTPHandler::PutFileToURL: Uploading file to Transifex: translations/xbmc-main/tempfiles_txupdate/addons/visualization.dxspectrum//resources/language/English/strings.po
2014-03-01 20:44+0000	INFO	HTTPHandler::curlFileToURL finished with success from File translations/xbmc-main/tempfiles_txupdate/addons/visualization.dxspectrum//resources/language/English/strings.po to URL https://www.transifex.com/api/2/project/xbmc-main/resource/visualization-dxspectrum/content/
2014-03-01 20:44+0000	INFO	HTTPHandler::PutFileToURL: File upload was successful so creating a copy at the .httpcache directory
2014-03-01 20:44+0000	INFO	HTTPHandler::PutFileToURL: Uploading file to Transifex: translations/xbmc-main/tempfiles_txupdate/addons/visualization.dxspectrum//resources/language/Afrikaans/strings.po
2014-03-01 20:44+0000	INFO	HTTPHandler::curlFileToURL finished with success from File translations/xbmc-main/tempfiles_txupdate/addons/visualization.dxspectrum//resources/language/Afrikaans/strings.po to URL https://www.transifex.com/api/2/project/xbmc-main/resource/visualization-dxspectrum/translation/af/
2014-03-01 20:44+0000	INFO	HTTPHandler::PutFileToURL: File upload was successful so creating a copy at the .httpcache directory
2014-03-01 20:44+0000	INFO	HTTPHandler::PutFileToURL: Uploading file to Transifex: translations/xbmc-main/tempfiles_txupdate/addons/visualization.dxspectrum//resources/language/Arabic/strings.po
2014-03-01 20:44+0000	INFO	HTTPHandler::curlFileToURL finished with success from File translations/xbmc-main/tempfiles_txupdate/addons/visualization.dxspectrum//resources/language/Arabic/strings.po to URL https://www.transifex.com/api/2/project/xbmc-main/resource/visualization-dxspectrum/translation/ar/
2014-03-01 20:44+0000	INFO	HTTPHandler::PutFileToURL: File upload was successful so creating a copy at the .httpcache directory
2014-03-01 20:44+0000	INFO	HTTPHandler::PutFileToURL: Uploading file to Transifex: translations/xbmc-main/tempfiles_txupdate/addons/visualization.dxspectrum//resources/language/Belarusian/strings.po
2014-03-01 20:45+0000	INFO	HTTPHandler::curlFileToURL finished with success from File translations/xbmc-main/tempfiles_txupdate/addons/visualization.dxspectrum//resources/language/Belarusian/strings.po to URL https://www.transifex.com/api/2/project/xbmc-main/resource/visualization-dxspectrum/translation/be/
2014-03-01 20:45+0000	INFO	HTTPHandler::PutFileToURL: File upload was successful so creating a copy at the .httpcache directory
2014-03-01 20:45+0000	INFO	HTTPHandler::PutFileToURL: Uploading file to Transifex: translations/xbmc-main/tempfiles_txupdate/addons/visualization.dxspectrum//resources/language/Bulgarian/strings.po
2014-03-01 20:45+0000	INFO	HTTPHandler::curlFileToURL finished with success from File translations/xbmc-main/tempfiles_txupdate/addons/visualization.dxspectrum//resources/language/Bulgarian/strings.po to URL https://www.transifex.com/api/2/project/xbmc-main/resource/visualization-dxspectrum/translation/bg/
2014-03-01 20:45+0000	INFO	HTTPHandler::PutFileToURL: File upload was successful so creating a copy at the .httpcache directory
2014-03-01 20:45+0000	INFO	HTTPHandler::PutFileToURL: Uploading file to Transifex: translations/xbmc-main/tempfiles_txupdate/addons/visualization.dxspectrum//resources/language/Catalan/strings.po
2014-03-01 20:45+0000	INFO	HTTPHandler::curlFileToURL finished with success from File translations/xbmc-main/tempfiles_txupdate/addons/visualization.dxspectrum//resources/language/Catalan/strings.po to URL https://www.transifex.com/api/2/project/xbmc-main/resource/visualization-dxspectrum/translation/ca/
2014-03-01 20:45+0000	INFO	HTTPHandler::PutFileToURL: File upload was successful so creating a copy at the .httpcache directory
2014-03-01 20:45+0000	INFO	HTTPHandler::PutFileToURL: Uploading file to Transifex: translations/xbmc-main/tempfiles_txupdate/addons/visualization.dxspectrum//resources/language/Czech/strings.po
2014-03-01 20:45+0000	INFO	HTTPHandler::curlFileToURL finished with success from File translations/xbmc-main/tempfiles_txupdate/addons/visualization.dxspectrum//resources/language/Czech/strings.po to URL https://www.transifex.com/api/2/project/xbmc-main/resource/visualization-dxspectrum/translation/cs/
2014-03-01 20:45+0000	INFO	HTTPHandler::PutFileToURL: File upload was successful so creating a copy at the .httpcache directory
2014-03-01 20:45+0000	INFO	HTTPHandler::PutFileToURL: Uploading file to Transifex: translations/xbmc-main/tempfiles_txupdate/addons/visualization.dxspectrum//resources/language/Welsh/strings.po
2014-03-01 20:45+0000	INFO	HTTPHandler::curlFileToURL finished with success from File translations/xbmc-main/tempfiles_txupdate/addons/visualization.dxspectrum//resources/language/Welsh/strings.po to URL https://www.transifex.com/api/2/project/xbmc-main/resource/visualization-dxspectrum/translation/cy/
2014-03-01 20:45+0000	INFO	HTTPHandler::PutFileToURL: File upload was successful so creating a copy at the .httpcache directory
2014-03-01 20:45+0000	INFO	HTTPHandler::PutFileToURL: Uploading file to Transifex: translations/xbmc-main/tempfiles_txupdate/addons/visualization.dxspectrum//resources/language/Danish/strings.po
2014-03-01 20:45+0000	INFO	HTTPHandler::curlFileToURL finished with success from File translations/xbmc-main/tempfiles_txupdate/addons/visualization.dxspectrum//resources/language/Danish/strings.po to URL https://www.transifex.com/api/2/project/xbmc-main/resource/visualization-dxspectrum/translation/da/
2014-03-01 20:45+0000	INFO	HTTPHandler::PutFileToURL: File upload was successful so creating a copy at the .httpcache directory
2014-03-01 20:45+0000	INFO	HTTPHandler::PutFileToURL: Uploading file to Transifex: translations/xbmc-main/tempfiles_txupdate/addons/visualization.dxspectrum//resources/language/German/strings.po
2014-03-01 20:45+0000	INFO	HTTPHandler::curlFileToURL finished with success from File translations/xbmc-main/tempfiles_txupdate/addons/visualization.dxspectrum//resources/language/German/strings.po to URL https://www.transifex.com/api/2/project/xbmc-main/resource/visualization-dxspectrum/translation/de/
2014-03-01 20:45+0000	INFO	HTTPHandler::PutFileToURL: File upload was successful so creating a copy at the .httpcache directory
2014-03-01 20:45+0000	INFO	HTTPHandler::PutFileToURL: Uploading file to Transifex: translations/xbmc-main/tempfiles_txupdate/addons/visualization.dxspectrum//resources/language/Greek/strings.po
2014-03-01 20:45+0000	INFO	HTTPHandler::curlFileToURL finished with success from File translations/xbmc-main/tempfiles_txupdate/addons/visualization.dxspectrum//resources/language/Greek/strings.po to URL https://www.transifex.com/api/2/project/xbmc-main/resource/visualization-dxspectrum/translation/el/
2014-03-01 20:45+0000	INFO	HTTPHandler::PutFileToURL: File upload was successful so creating a copy at the .httpcache directory
2014-03-01 20:45+0000	INFO	HTTPHandler::PutFileToURL: Uploading file to Transifex: translations/xbmc-main/tempfiles_txupdate/addons/visualization.dxspectrum//resources/language/English (US)/strings.po
2014-03-01 20:45+0000	INFO	HTTPHandler::curlFileToURL finished with success from File translations/xbmc-main/tempfiles_txupdate/addons/visualization.dxspectrum//resources/language/English (US)/strings.po to URL https://www.transifex.com/api/2/project/xbmc-main/resource/visualization-dxspectrum/translation/en_US/
2014-03-01 20:45+0000	INFO	HTTPHandler::PutFileToURL: File upload was successful so creating a copy at the .httpcache directory
2014-03-01 20:45+0000	INFO	HTTPHandler::PutFileToURL: Uploading file to Transifex: translations/xbmc-main/tempfiles_txupdate/addons/visualization.dxspectrum//resources/language/Spanish/strings.po
2014-03-01 20:45+0000	INFO	HTTPHandler::curlFileToURL finished with success from File translations/xbmc-main/tempfiles_txupdate/addons/visualization.dxspectrum//resources/language/Spanish/strings.po to URL https://www.transifex.com/api/2/project/xbmc-main/resource/visualization-dxspectrum/translation/es/
2014-03-01 20:45+0000	INFO	HTTPHandler::PutFileToURL: File upload was successful so creating a copy at the .httpcache directory
2014-03-01 20:45+0000	INFO	HTTPHandler::PutFileToURL: Uploading file to Transifex: translations/xbmc-main/tempfiles_txupdate/addons/visualization.dxspectrum//resources/language/Spanish (Argentina)/strings.po
2014-03-01 20:45+0000	INFO	HTTPHandler::curlFileToURL finished with success from File translations/xbmc-main/tempfiles_txupdate/addons/visualization.dxspectrum//resources/language/Spanish (Argentina)/strings.po to URL https://www.transifex.com/api/2/project/xbmc-main/resource/visualization-dxspectrum/translation/es_AR/
2014-03-01 20:45+0000	INFO	HTTPHandler::PutFileToURL: File upload was successful so creating a copy at the .httpcache directory
2014-03-01 20:45+0000	INFO	HTTPHandler::PutFileToURL: Uploading file to Transifex: translations/xbmc-main/tempfiles_txupdate/addons/visualization.dxspectrum//resources/language/Spanish (Mexico)/strings.po
2014-03-01 20:45+0000	INFO	HTTPHandler::curlFileToURL finished with success from File translations/xbmc-main/tempfiles_txupdate/addons/visualization.dxspectrum//resources/language/Spanish (Mexico)/strings.po to URL https://www.transifex.com/api/2/project/xbmc-main/resource/visualization-dxspectrum/translation/es_MX/
2014-03-01 20:45+0000	INFO	HTTPHandler::PutFileToURL: File upload was successful so creating a copy at the .httpcache directory
2014-03-01 20:45+0000	INFO	HTTPHandler::PutFileToURL: Uploading file to Transifex: translations/xbmc-main/tempfiles_txupdate/addons/visualization.dxspectrum//resources/language/Estonian/strings.po
2014-03-01 20:45+0000	INFO	HTTPHandler::curlFileToURL finished with success from File translations/xbmc-main/tempfiles_txupdate/addons/visualization.dxspectrum//resources/language/Estonian/strings.po to URL https://www.transifex.com/api/2/project/xbmc-main/resource/visualization-dxspectrum/translation/et/
2014-03-01 20:45+0000	INFO	HTTPHandler::PutFileToURL: File upload was successful so creating a copy at the .httpcache directory
2014-03-01 20:45+0000	INFO	HTTPHandler::PutFileToURL: Uploading file to Transifex: translations/xbmc-main/tempfiles_txupdate/addons/visualization.dxspectrum//resources/language/Basque/strings.po
2014-03-01 20:45+0000	INFO	HTTPHandler::curlFileToURL finished with success from File translations/xbmc-main/tempfiles_txupdate/addons/visualization.dxspectrum//resources/language/Basque/strings.po to URL https://www.transifex.com/api/2/project/xbmc-main/resource/visualization-dxspectrum/translation/eu/
2014-03-01 20:45+0000	INFO	HTTPHandler::PutFileToURL: File upload was successful so creating a copy at the .httpcache directory
2014-03-01 20:45+0000	INFO	HTTPHandler::PutFileToURL: Uploading file to Transifex: translations/xbmc-main/tempfiles_txupdate/addons/visualization.dxspectrum//resources/language/Finnish/strings.po
2014-03-01 20:45+0000	INFO	HTTPHandler::curlFileToURL finished with success from File translations/xbmc-main/tempfiles_txupdate/addons/visualization.dxspectrum//resources/language/Finnish/strings.po to URL https://www.transifex.com/api/2/project/xbmc-main/resource/visualization-dxspectrum/translation/fi/
2014-03-01 20:45+0000	INFO	HTTPHandler::PutFileToURL: File upload was successful so creating a copy at the .httpcache directory
2014-03-01 20:45+0000	INFO	HTTPHandler::PutFileToURL: Uploading file to Transifex: translations/xbmc-main/tempfiles_txupdate/addons/visualization.dxspectrum//resources/language/French/strings.po
2014-03-01 20:45+0000	INFO	HTTPHandler::curlFileToURL finished with success from File translations/xbmc-main/tempfiles_txupdate/addons/visualization.dxspectrum//resources/language/French/strings.po to URL https://www.transifex.com/api/2/project/xbmc-main/resource/visualization-dxspectrum/translation/fr/
2014-03-01 20:45+0000	INFO	HTTPHandler::PutFileToURL: File upload was successful so creating a copy at the .httpcache directory
2014-03-01 20:45+0000	INFO	HTTPHandler::PutFileToURL: Uploading file to Transifex: translations/xbmc-main/tempfiles_txupdate/addons/visualization.dxspectrum//resources/language/French (Canada)/strings.po
2014-03-01 20:45+0000	INFO	HTTPHandler::curlFileToURL finished with success from File translations/xbmc-main/tempfiles_txupdate/addons/visualization.dxspectrum//resources/language/French (Canada)/strings.po to URL https://www.transifex.com/api/2/project/xbmc-main/resource/visualization-dxspectrum/translation/fr_CA/
2014-03-01 20:45+0000	INFO	HTTPHandler::PutFileToURL: File upload was successful so creating a copy at the .httpcache directory
2014-03-01 20:45+0000	INFO	HTTPHandler::PutFileToURL: Uploading file to Transifex: translations/xbmc-main/tempfiles_txupdate/addons/visualization.dxspectrum//resources/language/Galician/strings.po
2014-03-01 20:45+0000	INFO	HTTPHandler::curlFileToURL finished with success from File translations/xbmc-main/tempfiles_txupdate/addons/visualization.dxspectrum//resources/language/Galician/strings.po to URL https://www.transifex.com/api/2/project/xbmc-main/resource/visualization-dxspectrum/translation/gl/
2014-03-01 20:45+0000	INFO	HTTPHandler::PutFileToURL: File upload was successful so creating a copy at the .httpcache directory
2014-03-01 20:45+0000	INFO	HTTPHandler::PutFileToURL: Uploading file to Transifex: translations/xbmc-main/tempfiles_txupdate/addons/visualization.dxspectrum//resources/language/Hebrew/strings.po
2014-03-01 20:45+0000	INFO	HTTPHandler::curlFileToURL finished with success from File translations/xbmc-main/tempfiles_txupdate/addons/visualization.dxspectrum//resources/language/Hebrew/strings.po to URL https://www.transifex.com/api/2/project/xbmc-main/resource/visualization-dxspectrum/translation/he/
2014-03-01 20:45+0000	INFO	HTTPHandler::PutFileToURL: File upload was successful so creating a copy at the .httpcache directory
2014-03-01 20:45+0000	INFO	HTTPHandler::PutFileToURL: Uploading file to Transifex: translations/xbmc-main/tempfiles_txupdate/addons/visualization.dxspectrum//resources/language/Croatian/strings.po
2014-03-01 20:45+0000	INFO	HTTPHandler::curlFileToURL finished with success from File translations/xbmc-main/tempfiles_txupdate/addons/visualization.dxspectrum//resources/language/Croatian/strings.po to URL https://www.transifex.com/api/2/project/xbmc-main/resource/visualization-dxspectrum/translation/hr/
2014-03-01 20:45+0000	INFO	HTTPHandler::PutFileToURL: File upload was successful so creating a copy at the .httpcache directory
2014-03-01 20:45+0000	INFO	HTTPHandler::PutFileToURL: Uploading file to Transifex: translations/xbmc-main/tempfiles_txupdate/addons/visualization.dxspectrum//resources/language/Hungarian/strings.po
2014-03-01 20:45+0000	INFO	HTTPHandler::curlFileToURL finished with success from File translations/xbmc-main/tempfiles_txupdate/addons/visualization.dxspectrum//resources/language/Hungarian/strings.po to URL https://www.transifex.com/api/2/project/xbmc-main/resource/visualization-dxspectrum/translation/hu/
2014-03-01 20:45+0000	INFO	HTTPHandler::PutFileToURL: File upload was successful so creating a copy at the .httpcache directory
2014-03-01 20:45+0000	INFO	HTTPHandler::PutFileToURL: Uploading file to Transifex: translations/xbmc-main/tempfiles_txupdate/addons/visualization.dxspectrum//resources/language/Indonesian/strings.po
2014-03-01 20:45+0000	INFO	HTTPHandler::curlFileToURL finished with success from File translations/xbmc-main/tempfiles_txupdate/addons/visualization.dxspectrum//resources/language/Indonesian/strings.po to URL https://www.transifex.com/api/2/project/xbmc-main/resource/visualization-dxspectrum/translation/id/
2014-03-01 20:45+0000	INFO	HTTPHandler::PutFileToURL: File upload was successful so creating a copy at the .httpcache directory
2014-03-01 20:45+0000	INFO	HTTPHandler::PutFileToURL: Uploading file to Transifex: translations/xbmc-main/tempfiles_txupdate/addons/visualization.dxspectrum//resources/language/Icelandic/strings.po
2014-03-01 20:45+0000	INFO	HTTPHandler::curlFileToURL finished with success from File translations/xbmc-main/tempfiles_txupdate/addons/visualization.dxspectrum//resources/language/Icelandic/strings.po to URL https://www.transifex.com/api/2/project/xbmc-main/resource/visualization-dxspectrum/translation/is/
2014-03-01 20:45+0000	INFO	HTTPHandler::PutFileToURL: File upload was successful so creating a copy at the .httpcache directory
2014-03-01 20:45+0000	INFO	HTTPHandler::PutFileToURL: Uploading file to Transifex: translations/xbmc-main/tempfiles_txupdate/addons/visualization.dxspectrum//resources/language/Italian/strings.po
2014-03-01 20:45+0000	INFO	HTTPHandler::curlFileToURL finished with success from File translations/xbmc-main/tempfiles_txupdate/addons/visualization.dxspectrum//resources/language/Italian/strings.po to URL https://www.transifex.com/api/2/project/xbmc-main/resource/visualization-dxspectrum/translation/it/
2014-03-01 20:45+0000	INFO	HTTPHandler::PutFileToURL: File upload was successful so creating a copy at the .httpcache directory
2014-03-01 20:45+0000	INFO	HTTPHandler::PutFileToURL: Uploading file to Transifex: translations/xbmc-main/tempfiles_txupdate/addons/visualization.dxspectrum//resources/language/Japanese/strings.po
2014-03-01 20:45+0000	INFO	HTTPHandler::curlFileToURL finished with success from File translations/xbmc-main/tempfiles_txupdate/addons/visualization.dxspectrum//resources/language/Japanese/strings.po to URL https://www.transifex.com/api/2/project/xbmc-main/resource/visualization-dxspectrum/translation/ja/
2014-03-01 20:45+0000	INFO	HTTPHandler::PutFileToURL: File upload was successful so creating a copy at the .httpcache directory
2014-03-01 20:45+0000	INFO	HTTPHandler::PutFileToURL: Uploading file to Transifex: translations/xbmc-main/tempfiles_txupdate/addons/visualization.dxspectrum//resources/language/Korean/strings.po
2014-03-01 20:45+0000	INFO	HTTPHandler::curlFileToURL finished with success from File translations/xbmc-main/tempfiles_txupdate/addons/visualization.dxspectrum//resources/language/Korean/strings.po to URL https://www.transifex.com/api/2/project/xbmc-main/resource/visualization-dxspectrum/translation/ko/
2014-03-01 20:45+0000	INFO	HTTPHandler::PutFileToURL: File upload was successful so creating a copy at the .httpcache directory
2014-03-01 20:45+0000	INFO	HTTPHandler::PutFileToURL: Uploading file to Transifex: translations/xbmc-main/tempfiles_txupdate/addons/visualization.dxspectrum//resources/language/Lithuanian/strings.po
2014-03-01 20:45+0000	INFO	HTTPHandler::curlFileToURL finished with success from File translations/xbmc-main/tempfiles_txupdate/addons/visualization.dxspectrum//resources/language/Lithuanian/strings.po to URL https://www.transifex.com/api/2/project/xbmc-main/resource/visualization-dxspectrum/translation/lt/
2014-03-01 20:45+0000	INFO	HTTPHandler::PutFileToURL: File upload was successful so creating a copy at the .httpcache directory
2014-03-01 20:45+0000	INFO	HTTPHandler::PutFileToURL: Uploading file to Transifex: translations/xbmc-main/tempfiles_txupdate/addons/visualization.dxspectrum//resources/language/Latvian/strings.po
2014-03-01 20:45+0000	INFO	HTTPHandler::curlFileToURL finished with success from File translations/xbmc-main/tempfiles_txupdate/addons/visualization.dxspectrum//resources/language/Latvian/strings.po to URL https://www.transifex.com/api/2/project/xbmc-main/resource/visualization-dxspectrum/translation/lv/
2014-03-01 20:45+0000	INFO	HTTPHandler::PutFileToURL: File upload was successful so creating a copy at the .httpcache directory
2014-03-01 20:45+0000	INFO	HTTPHandler::PutFileToURL: Uploading file to Transifex: translations/xbmc-main/tempfiles_txupdate/addons/visualization.dxspectrum//resources/language/Macedonian/strings.po
2014-03-01 20:45+0000	INFO	HTTPHandler::curlFileToURL finished with success from File translations/xbmc-main/tempfiles_txupdate/addons/visualization.dxspectrum//resources/language/Macedonian/strings.po to URL https://www.transifex.com/api/2/project/xbmc-main/resource/visualization-dxspectrum/translation/mk/
2014-03-01 20:45+0000	INFO	HTTPHandler::PutFileToURL: File upload was successful so creating a copy at the .httpcache directory
2014-03-01 20:45+0000	INFO	HTTPHandler::PutFileToURL: Uploading file to Transifex: translations/xbmc-main/tempfiles_txupdate/addons/visualization.dxspectrum//resources/language/Dutch/strings.po
2014-03-01 20:45+0000	INFO	HTTPHandler::curlFileToURL finished with success from File translations/xbmc-main/tempfiles_txupdate/addons/visualization.dxspectrum//resources/language/Dutch/strings.po to URL https://www.transifex.com/api/2/project/xbmc-main/resource/visualization-dxspectrum/translation/nl/
2014-03-01 20:45+0000	INFO	HTTPHandler::PutFileToURL: File upload was successful so creating a copy at the .httpcache directory
2014-03-01 20:45+0000	INFO	HTTPHandler::PutFileToURL: Uploading file to Transifex: translations/xbmc-main/tempfiles_txupdate/addons/visualization.dxspectrum//resources/language/Norwegian/strings.po
2014-03-01 20:45+0000	INFO	HTTPHandler::curlFileToURL finished with success from File translations/xbmc-main/tempfiles_txupdate/addons/visualization.dxspectrum//resources/language/Norwegian/strings.po to URL https://www.transifex.com/api/2/project/xbmc-main/resource/visualization-dxspectrum/translation/no/
2014-03-01 20:45+0000	INFO	HTTPHandler::PutFileToURL: File upload was successful so creating a copy at the .httpcache directory
2014-03-01 20:45+0000	INFO	HTTPHandler::PutFileToURL: Uploading file to Transifex: translations/xbmc-main/tempfiles_txupdate/addons/visualization.dxspectrum//resources/language/Polish/strings.po
2014-03-01 20:45+0000	INFO	HTTPHandler::curlFileToURL finished with success from File translations/xbmc-main/tempfiles_txupdate/addons/visualization.dxspectrum//resources/language/Polish/strings.po to URL https://www.transifex.com/api/2/project/xbmc-main/resource/visualization-dxspectrum/translation/pl/
2014-03-01 20:45+0000	INFO	HTTPHandler::PutFileToURL: File upload was successful so creating a copy at the .httpcache directory
2014-03-01 20:45+0000	INFO	HTTPHandler::PutFileToURL: Uploading file to Transifex: translations/xbmc-main/tempfiles_txupdate/addons/visualization.dxspectrum//resources/language/Portuguese/strings.po
2014-03-01 20:45+0000	INFO	HTTPHandler::curlFileToURL finished with success from File translations/xbmc-main/tempfiles_txupdate/addons/visualization.dxspectrum//resources/language/Portuguese/strings.po to URL https://www.transifex.com/api/2/project/xbmc-main/resource/visualization-dxspectrum/translation/pt/
2014-03-01 20:45+0000	INFO	HTTPHandler::PutFileToURL: File upload was successful so creating a copy at the .httpcache directory
2014-03-01 20:45+0000	INFO	HTTPHandler::PutFileToURL: Uploading file to Transifex: translations/xbmc-main/tempfiles_txupdate/addons/visualization.dxspectrum//resources/language/Portuguese (Brazil)/strings.po
2014-03-01 20:45+0000	INFO	HTTPHandler::curlFileToURL finished with success from File translations/xbmc-main/tempfiles_txupdate/addons/visualization.dxspectrum//resources/language/Portuguese (Brazil)/strings.po to URL https://www.transifex.com/api/2/project/xbmc-main/resource/visualization-dxspectrum/translation/pt_BR/
2014-03-01 20:45+0000	INFO	HTTPHandler::PutFileToURL: File upload was successful so creating a copy at the .httpcache directory
2014-03-01 20:45+0000	INFO	HTTPHandler::PutFileToURL: Uploading file to Transifex: translations/xbmc-main/tempfiles_txupdate/addons/visualization.dxspectrum//resources/language/Romanian/strings.po
2014-03-01 20:45+0000	INFO	HTTPHandler::curlFileToURL finished with success from File translations/xbmc-main/tempfiles_txupdate/addons/visualization.dxspectrum//resources/language/Romanian/strings.po to URL https://www.transifex.com/api/2/project/xbmc-main/resource/visualization-dxspectrum/translation/ro/
2014-03-01 20:45+0000	INFO	HTTPHandler::PutFileToURL: File upload was successful so creating a copy at the .httpcache directory
2014-03-01 20:45+0000	INFO	HTTPHandler::PutFileToURL: Uploading file to Transifex: translations/xbmc-main/tempfiles_txupdate/addons/visualization.dxspectrum//resources/language/Russian/strings.po
2014-03-01 20:45+0000	INFO	HTTPHandler::curlFileToURL finished with success from File translations/xbmc-main/tempfiles_txupdate/addons/visualization.dxspectrum//resources/language/Russian/strings.po to URL https://www.transifex.com/api/2/project/xbmc-main/resource/visualization-dxspectrum/translation/ru/
2014-03-01 20:45+0000	INFO	HTTPHandler::PutFileToURL: File upload was successful so creating a copy at the .httpcache directory
2014-03-01 20:45+0000	INFO	HTTPHandler::PutFileToURL: Uploading file to Transifex: translations/xbmc-main/tempfiles_txupdate/addons/visualization.dxspectrum//resources/language/Slovak/strings.po
2014-03-01 20:45+0000	INFO	HTTPHandler::curlFileToURL finished with success from File translations/xbmc-main/tempfiles_txupdate/addons/visualization.dxspectrum//resources/language/Slovak/strings.po to URL https://www.transifex.com/api/2/project/xbmc-main/resource/visualization-dxspectrum/translation/sk/
2014-03-01 20:45+0000	INFO	HTTPHandler::PutFileToURL: File upload was successful so creating a copy at the .httpcache directory
2014-03-01 20:45+0000	INFO	HTTPHandler::PutFileToURL: Uploading file to Transifex: translations/xbmc-main/tempfiles_txupdate/addons/visualization.dxspectrum//resources/language/Slovenian/strings.po
2014-03-01 20:45+0000	INFO	HTTPHandler::curlFileToURL finished with success from File translations/xbmc-main/tempfiles_txupdate/addons/visualization.dxspectrum//resources/language/Slovenian/strings.po to URL https://www.transifex.com/api/2/project/xbmc-main/resource/visualization-dxspectrum/translation/sl/
2014-03-01 20:45+0000	INFO	HTTPHandler::PutFileToURL: File upload was successful so creating a copy at the .httpcache directory
2014-03-01 20:45+0000	INFO	HTTPHandler::PutFileToURL: Uploading file to Transifex: translations/xbmc-main/tempfiles_txupdate/addons/visualization.dxspectrum//resources/language/Albanian/strings.po
2014-03-01 20:45+0000	INFO	HTTPHandler::curlFileToURL finished with success from File translations/xbmc-main/tempfiles_txupdate/addons/visualization.dxspectrum//resources/language/Albanian/strings.po to URL https://www.transifex.com/api/2/project/xbmc-main/resource/visualization-dxspectrum/translation/sq/
2014-03-01 20:45+0000	INFO	HTTPHandler::PutFileToURL: File upload was successful so creating a copy at the .httpcache directory
2014-03-01 20:45+0000	INFO	HTTPHandler::PutFileToURL: Uploading file to Transifex: translations/xbmc-main/tempfiles_txupdate/addons/visualization.dxspectrum//resources/language/Swedish/strings.po
2014-03-01 20:45+0000	INFO	HTTPHandler::curlFileToURL finished with success from File translations/xbmc-main/tempfiles_txupdate/addons/visualization.dxspectrum//resources/language/Swedish/strings.po to URL https://www.transifex.com/api/2/project/xbmc-main/resource/visualization-dxspectrum/translation/sv/
2014-03-01 20:45+0000	INFO	HTTPHandler::PutFileToURL: File upload was successful so creating a copy at the .httpcache directory
2014-03-01 20:45+0000	INFO	HTTPHandler::PutFileToURL: Uploading file to Transifex: translations/xbmc-main/tempfiles_txupdate/addons/visualization.dxspectrum//resources/language/Tamil (India)/strings.po
2014-03-01 20:45+0000	INFO	HTTPHandler::curlFileToURL finished with success from File translations/xbmc-main/tempfiles_txupdate/addons/visualization.dxspectrum//resources/language/Tamil (India)/strings.po to URL https://www.transifex.com/api/2/project/xbmc-main/resource/visualization-dxspectrum/translation/ta_IN/
2014-03-01 20:45+0000	INFO	HTTPHandler::PutFileToURL: File upload was successful so creating a copy at the .httpcache directory
2014-03-01 20:45+0000	INFO	HTTPHandler::PutFileToURL: Uploading file to Transifex: translations/xbmc-main/tempfiles_txupdate/addons/visualization.dxspectrum//resources/language/Tajik/strings.po
2014-03-01 20:45+0000	INFO	HTTPHandler::curlFileToURL finished with success from File translations/xbmc-main/tempfiles_txupdate/addons/visualization.dxspectrum//resources/language/Tajik/strings.po to URL https://www.transifex.com/api/2/project/xbmc-main/resource/visualization-dxspectrum/translation/tg/
2014-03-01 20:45+0000	INFO	HTTPHandler::PutFileToURL: File upload was successful so creating a copy at the .httpcache directory
2014-03-01 20:45+0000	INFO	HTTPHandler::PutFileToURL: Uploading file to Transifex: translations/xbmc-main/tempfiles_txupdate/addons/visualization.dxspectrum//resources/language/Thai/strings.po
2014-03-01 20:45+0000	INFO	HTTPHandler::curlFileToURL finished with success from File translations/xbmc-main/tempfiles_txupdate/addons/visualization.dxspectrum//resources/language/Thai/strings.po to URL https://www.transifex.com/api/2/project/xbmc-main/resource/visualization-dxspectrum/translation/th/
2014-03-01 20:45+0000	INFO	HTTPHandler::PutFileToURL: File upload was successful so creating a copy at the .httpcache directory
2014-03-01 20:45+0000	INFO	HTTPHandler::PutFileToURL: Uploading file to Transifex: translations/xbmc-main/tempfiles_txupdate/addons/visualization.dxspectrum//resources/language/Turkish/strings.po
2014-03-01 20:45+0000	INFO	HTTPHandler::curlFileToURL finished with success from File translations/xbmc-main/tempfiles_txupdate/addons/visualization.dxspectrum//resources/language/Turkish/strings.po to URL https://www.transifex.com/api/2/project/xbmc-main/resource/visualization-dxspectrum/translation/tr/
2014-03-01 20:45+0000	INFO	HTTPHandler::PutFileToURL: File upload was successful so creating a copy at the .httpcache directory
2014-03-01 20:45+0000	INFO	HTTPHandler::PutFileToURL: Uploading file to Transifex: translations/xbmc-main/tempfiles_txupdate/addons/visualization.dxspectrum//resources/language/Ukrainian/strings.po
2014-03-01 20:46+0000	INFO	HTTPHandler::curlFileToURL finished with success from File translations/xbmc-main/tempfiles_txupdate/addons/visualization.dxspectrum//resources/language/Ukrainian/strings.po to URL https://www.transifex.com/api/2/project/xbmc-main/resource/visualization-dxspectrum/translation/uk/
2014-03-01 20:46+0000	INFO	HTTPHandler::PutFileToURL: File upload was successful so creating a copy at the .httpcache directory
2014-03-01 20:46+0000	INFO	HTTPHandler::PutFileToURL: Uploading file to Transifex: translations/xbmc-main/tempfiles_txupdate/addons/visualization.dxspectrum//resources/language/Vietnamese/strings.po
2014-03-01 20:46+0000	INFO	HTTPHandler::curlFileToURL finished with success from File translations/xbmc-main/tempfiles_txupdate/addons/visualization.dxspectrum//resources/language/Vietnamese/strings.po to URL https://www.transifex.com/api/2/project/xbmc-main/resource/visualization-dxspectrum/translation/vi/
2014-03-01 20:46+0000	INFO	HTTPHandler::PutFileToURL: File upload was successful so creating a copy at the .httpcache directory
2014-03-01 20:46+0000	INFO	HTTPHandler::PutFileToURL: Uploading file to Transifex: translations/xbmc-main/tempfiles_txupdate/addons/visualization.dxspectrum//resources/language/Chinese (Simple)/strings.po
2014-03-01 20:46+0000	INFO	HTTPHandler::curlFileToURL finished with success from File translations/xbmc-main/tempfiles_txupdate/addons/visualization.dxspectrum//resources/language/Chinese (Simple)/strings.po to URL https://www.transifex.com/api/2/project/xbmc-main/resource/visualization-dxspectrum/translation/zh/
2014-03-01 20:46+0000	INFO	HTTPHandler::PutFileToURL: File upload was successful so creating a copy at the .httpcache directory
2014-03-01 20:46+0000	INFO	HTTPHandler::PutFileToURL: Uploading file to Transifex: translations/xbmc-main/tempfiles_txupdate/addons/visualization.dxspectrum//resources/language/Chinese (Traditional)/strings.po
2014-03-01 20:46+0000	INFO	HTTPHandler::curlFileToURL finished with success from File translations/xbmc-main/tempfiles_txupdate/addons/visualization.dxspectrum//resources/language/Chinese (Traditional)/strings.po to URL https://www.transifex.com/api/2/project/xbmc-main/resource/visualization-dxspectrum/translation/zh_TW/
2014-03-01 20:46+0000	INFO	HTTPHandler::PutFileToURL: File upload was successful so creating a copy at the .httpcache directory
2014-03-01 20:46+0000	INFO	CProjectHandler::UploadTXUpdateFiles: Uploading resource: visualization.fishbmc, from langdir: translations/xbmc-main/tempfiles_txupdate/addons/visualization.fishbmc//resources/language/
2014-03-01 20:46+0000	INFO	CProjectHandler::GetLangsFromDir: no English directory found at langdir: translations/xbmc-main/tempfiles_txupdate/addons/visualization.fishbmc//resources/language/, skipping upload for this resource.
2014-03-01 20:46+0000	INFO	CProjectHandler::UploadTXUpdateFiles: Uploading resource: visualization.glspectrum, from langdir: translations/xbmc-main/tempfiles_txupdate/addons/visualization.glspectrum//resources/language/
2014-03-01 20:46+0000	INFO	HTTPHandler::PutFileToURL: Uploading file to Transifex: translations/xbmc-main/tempfiles_txupdate/addons/visualization.glspectrum//resources/language/English/strings.po
2014-03-01 20:46+0000	INFO	HTTPHandler::curlFileToURL finished with success from File translations/xbmc-main/tempfiles_txupdate/addons/visualization.glspectrum//resources/language/English/strings.po to URL https://www.transifex.com/api/2/project/xbmc-main/resource/visualization-glspectrum/content/
2014-03-01 20:46+0000	INFO	HTTPHandler::PutFileToURL: File upload was successful so creating a copy at the .httpcache directory
2014-03-01 20:46+0000	INFO	HTTPHandler::PutFileToURL: Uploading file to Transifex: translations/xbmc-main/tempfiles_txupdate/addons/visualization.glspectrum//resources/language/Afrikaans/strings.po
2014-03-01 20:46+0000	INFO	HTTPHandler::curlFileToURL finished with success from File translations/xbmc-main/tempfiles_txupdate/addons/visualization.glspectrum//resources/language/Afrikaans/strings.po to URL https://www.transifex.com/api/2/project/xbmc-main/resource/visualization-glspectrum/translation/af/
2014-03-01 20:46+0000	INFO	HTTPHandler::PutFileToURL: File upload was successful so creating a copy at the .httpcache directory
2014-03-01 20:46+0000	INFO	HTTPHandler::PutFileToURL: Uploading file to Transifex: translations/xbmc-main/tempfiles_txupdate/addons/visualization.glspectrum//resources/language/Arabic/strings.po
2014-03-01 20:46+0000	INFO	HTTPHandler::curlFileToURL finished with success from File translations/xbmc-main/tempfiles_txupdate/addons/visualization.glspectrum//resources/language/Arabic/strings.po to URL https://www.transifex.com/api/2/project/xbmc-main/resource/visualization-glspectrum/translation/ar/
2014-03-01 20:46+0000	INFO	HTTPHandler::PutFileToURL: File upload was successful so creating a copy at the .httpcache directory
2014-03-01 20:46+0000	INFO	HTTPHandler::PutFileToURL: Uploading file to Transifex: translations/xbmc-main/tempfiles_txupdate/addons/visualization.glspectrum//resources/language/Belarusian/strings.po
2014-03-01 20:46+0000	INFO	HTTPHandler::curlFileToURL finished with success from File translations/xbmc-main/tempfiles_txupdate/addons/visualization.glspectrum//resources/language/Belarusian/strings.po to URL https://www.transifex.com/api/2/project/xbmc-main/resource/visualization-glspectrum/translation/be/
2014-03-01 20:46+0000	INFO	HTTPHandler::PutFileToURL: File upload was successful so creating a copy at the .httpcache directory
2014-03-01 20:46+0000	INFO	HTTPHandler::PutFileToURL: Uploading file to Transifex: translations/xbmc-main/tempfiles_txupdate/addons/visualization.glspectrum//resources/language/Bulgarian/strings.po
2014-03-01 20:46+0000	INFO	HTTPHandler::curlFileToURL finished with success from File translations/xbmc-main/tempfiles_txupdate/addons/visualization.glspectrum//resources/language/Bulgarian/strings.po to URL https://www.transifex.com/api/2/project/xbmc-main/resource/visualization-glspectrum/translation/bg/
2014-03-01 20:46+0000	INFO	HTTPHandler::PutFileToURL: File upload was successful so creating a copy at the .httpcache directory
2014-03-01 20:46+0000	INFO	HTTPHandler::PutFileToURL: Uploading file to Transifex: translations/xbmc-main/tempfiles_txupdate/addons/visualization.glspectrum//resources/language/Catalan/strings.po
2014-03-01 20:46+0000	INFO	HTTPHandler::curlFileToURL finished with success from File translations/xbmc-main/tempfiles_txupdate/addons/visualization.glspectrum//resources/language/Catalan/strings.po to URL https://www.transifex.com/api/2/project/xbmc-main/resource/visualization-glspectrum/translation/ca/
2014-03-01 20:46+0000	INFO	HTTPHandler::PutFileToURL: File upload was successful so creating a copy at the .httpcache directory
2014-03-01 20:46+0000	INFO	HTTPHandler::PutFileToURL: Uploading file to Transifex: translations/xbmc-main/tempfiles_txupdate/addons/visualization.glspectrum//resources/language/Czech/strings.po
2014-03-01 20:46+0000	INFO	HTTPHandler::curlFileToURL finished with success from File translations/xbmc-main/tempfiles_txupdate/addons/visualization.glspectrum//resources/language/Czech/strings.po to URL https://www.transifex.com/api/2/project/xbmc-main/resource/visualization-glspectrum/translation/cs/
2014-03-01 20:46+0000	INFO	HTTPHandler::PutFileToURL: File upload was successful so creating a copy at the .httpcache directory
2014-03-01 20:46+0000	INFO	HTTPHandler::PutFileToURL: Uploading file to Transifex: translations/xbmc-main/tempfiles_txupdate/addons/visualization.glspectrum//resources/language/Welsh/strings.po
2014-03-01 20:46+0000	INFO	HTTPHandler::curlFileToURL finished with success from File translations/xbmc-main/tempfiles_txupdate/addons/visualization.glspectrum//resources/language/Welsh/strings.po to URL https://www.transifex.com/api/2/project/xbmc-main/resource/visualization-glspectrum/translation/cy/
2014-03-01 20:46+0000	INFO	HTTPHandler::PutFileToURL: File upload was successful so creating a copy at the .httpcache directory
2014-03-01 20:46+0000	INFO	HTTPHandler::PutFileToURL: Uploading file to Transifex: translations/xbmc-main/tempfiles_txupdate/addons/visualization.glspectrum//resources/language/Danish/strings.po
2014-03-01 20:46+0000	INFO	HTTPHandler::curlFileToURL finished with success from File translations/xbmc-main/tempfiles_txupdate/addons/visualization.glspectrum//resources/language/Danish/strings.po to URL https://www.transifex.com/api/2/project/xbmc-main/resource/visualization-glspectrum/translation/da/
2014-03-01 20:46+0000	INFO	HTTPHandler::PutFileToURL: File upload was successful so creating a copy at the .httpcache directory
2014-03-01 20:46+0000	INFO	HTTPHandler::PutFileToURL: Uploading file to Transifex: translations/xbmc-main/tempfiles_txupdate/addons/visualization.glspectrum//resources/language/German/strings.po
2014-03-01 20:46+0000	INFO	HTTPHandler::curlFileToURL finished with success from File translations/xbmc-main/tempfiles_txupdate/addons/visualization.glspectrum//resources/language/German/strings.po to URL https://www.transifex.com/api/2/project/xbmc-main/resource/visualization-glspectrum/translation/de/
2014-03-01 20:46+0000	INFO	HTTPHandler::PutFileToURL: File upload was successful so creating a copy at the .httpcache directory
2014-03-01 20:46+0000	INFO	HTTPHandler::PutFileToURL: Uploading file to Transifex: translations/xbmc-main/tempfiles_txupdate/addons/visualization.glspectrum//resources/language/Greek/strings.po
2014-03-01 20:46+0000	INFO	HTTPHandler::curlFileToURL finished with success from File translations/xbmc-main/tempfiles_txupdate/addons/visualization.glspectrum//resources/language/Greek/strings.po to URL https://www.transifex.com/api/2/project/xbmc-main/resource/visualization-glspectrum/translation/el/
2014-03-01 20:46+0000	INFO	HTTPHandler::PutFileToURL: File upload was successful so creating a copy at the .httpcache directory
2014-03-01 20:46+0000	INFO	HTTPHandler::PutFileToURL: Uploading file to Transifex: translations/xbmc-main/tempfiles_txupdate/addons/visualization.glspectrum//resources/language/English (US)/strings.po
2014-03-01 20:46+0000	INFO	HTTPHandler::curlFileToURL finished with success from File translations/xbmc-main/tempfiles_txupdate/addons/visualization.glspectrum//resources/language/English (US)/strings.po to URL https://www.transifex.com/api/2/project/xbmc-main/resource/visualization-glspectrum/translation/en_US/
2014-03-01 20:46+0000	INFO	HTTPHandler::PutFileToURL: File upload was successful so creating a copy at the .httpcache directory
2014-03-01 20:46+0000	INFO	HTTPHandler::PutFileToURL: Uploading file to Transifex: translations/xbmc-main/tempfiles_txupdate/addons/visualization.glspectrum//resources/language/Spanish/strings.po
2014-03-01 20:46+0000	INFO	HTTPHandler::curlFileToURL finished with success from File translations/xbmc-main/tempfiles_txupdate/addons/visualization.glspectrum//resources/language/Spanish/strings.po to URL https://www.transifex.com/api/2/project/xbmc-main/resource/visualization-glspectrum/translation/es/
2014-03-01 20:46+0000	INFO	HTTPHandler::PutFileToURL: File upload was successful so creating a copy at the .httpcache directory
2014-03-01 20:46+0000	INFO	HTTPHandler::PutFileToURL: Uploading file to Transifex: translations/xbmc-main/tempfiles_txupdate/addons/visualization.glspectrum//resources/language/Spanish (Argentina)/strings.po
2014-03-01 20:46+0000	INFO	HTTPHandler::curlFileToURL finished with success from File translations/xbmc-main/tempfiles_txupdate/addons/visualization.glspectrum//resources/language/Spanish (Argentina)/strings.po to URL https://www.transifex.com/api/2/project/xbmc-main/resource/visualization-glspectrum/translation/es_AR/
2014-03-01 20:46+0000	INFO	HTTPHandler::PutFileToURL: File upload was successful so creating a copy at the .httpcache directory
2014-03-01 20:46+0000	INFO	HTTPHandler::PutFileToURL: Uploading file to Transifex: translations/xbmc-main/tempfiles_txupdate/addons/visualization.glspectrum//resources/language/Spanish (Mexico)/strings.po
2014-03-01 20:46+0000	INFO	HTTPHandler::curlFileToURL finished with success from File translations/xbmc-main/tempfiles_txupdate/addons/visualization.glspectrum//resources/language/Spanish (Mexico)/strings.po to URL https://www.transifex.com/api/2/project/xbmc-main/resource/visualization-glspectrum/translation/es_MX/
2014-03-01 20:46+0000	INFO	HTTPHandler::PutFileToURL: File upload was successful so creating a copy at the .httpcache directory
2014-03-01 20:46+0000	INFO	HTTPHandler::PutFileToURL: Uploading file to Transifex: translations/xbmc-main/tempfiles_txupdate/addons/visualization.glspectrum//resources/language/Estonian/strings.po
2014-03-01 20:46+0000	INFO	HTTPHandler::curlFileToURL finished with success from File translations/xbmc-main/tempfiles_txupdate/addons/visualization.glspectrum//resources/language/Estonian/strings.po to URL https://www.transifex.com/api/2/project/xbmc-main/resource/visualization-glspectrum/translation/et/
2014-03-01 20:46+0000	INFO	HTTPHandler::PutFileToURL: File upload was successful so creating a copy at the .httpcache directory
2014-03-01 20:46+0000	INFO	HTTPHandler::PutFileToURL: Uploading file to Transifex: translations/xbmc-main/tempfiles_txupdate/addons/visualization.glspectrum//resources/language/Finnish/strings.po
2014-03-01 20:46+0000	INFO	HTTPHandler::curlFileToURL finished with success from File translations/xbmc-main/tempfiles_txupdate/addons/visualization.glspectrum//resources/language/Finnish/strings.po to URL https://www.transifex.com/api/2/project/xbmc-main/resource/visualization-glspectrum/translation/fi/
2014-03-01 20:46+0000	INFO	HTTPHandler::PutFileToURL: File upload was successful so creating a copy at the .httpcache directory
2014-03-01 20:46+0000	INFO	HTTPHandler::PutFileToURL: Uploading file to Transifex: translations/xbmc-main/tempfiles_txupdate/addons/visualization.glspectrum//resources/language/French/strings.po
2014-03-01 20:46+0000	INFO	HTTPHandler::curlFileToURL finished with success from File translations/xbmc-main/tempfiles_txupdate/addons/visualization.glspectrum//resources/language/French/strings.po to URL https://www.transifex.com/api/2/project/xbmc-main/resource/visualization-glspectrum/translation/fr/
2014-03-01 20:46+0000	INFO	HTTPHandler::PutFileToURL: File upload was successful so creating a copy at the .httpcache directory
2014-03-01 20:46+0000	INFO	HTTPHandler::PutFileToURL: Uploading file to Transifex: translations/xbmc-main/tempfiles_txupdate/addons/visualization.glspectrum//resources/language/French (Canada)/strings.po
2014-03-01 20:46+0000	INFO	HTTPHandler::curlFileToURL finished with success from File translations/xbmc-main/tempfiles_txupdate/addons/visualization.glspectrum//resources/language/French (Canada)/strings.po to URL https://www.transifex.com/api/2/project/xbmc-main/resource/visualization-glspectrum/translation/fr_CA/
2014-03-01 20:46+0000	INFO	HTTPHandler::PutFileToURL: File upload was successful so creating a copy at the .httpcache directory
2014-03-01 20:46+0000	INFO	HTTPHandler::PutFileToURL: Uploading file to Transifex: translations/xbmc-main/tempfiles_txupdate/addons/visualization.glspectrum//resources/language/Galician/strings.po
2014-03-01 20:46+0000	INFO	HTTPHandler::curlFileToURL finished with success from File translations/xbmc-main/tempfiles_txupdate/addons/visualization.glspectrum//resources/language/Galician/strings.po to URL https://www.transifex.com/api/2/project/xbmc-main/resource/visualization-glspectrum/translation/gl/
2014-03-01 20:46+0000	INFO	HTTPHandler::PutFileToURL: File upload was successful so creating a copy at the .httpcache directory
2014-03-01 20:46+0000	INFO	HTTPHandler::PutFileToURL: Uploading file to Transifex: translations/xbmc-main/tempfiles_txupdate/addons/visualization.glspectrum//resources/language/Hebrew/strings.po
2014-03-01 20:46+0000	INFO	HTTPHandler::curlFileToURL finished with success from File translations/xbmc-main/tempfiles_txupdate/addons/visualization.glspectrum//resources/language/Hebrew/strings.po to URL https://www.transifex.com/api/2/project/xbmc-main/resource/visualization-glspectrum/translation/he/
2014-03-01 20:46+0000	INFO	HTTPHandler::PutFileToURL: File upload was successful so creating a copy at the .httpcache directory
2014-03-01 20:46+0000	INFO	HTTPHandler::PutFileToURL: Uploading file to Transifex: translations/xbmc-main/tempfiles_txupdate/addons/visualization.glspectrum//resources/language/Croatian/strings.po
2014-03-01 20:46+0000	INFO	HTTPHandler::curlFileToURL finished with success from File translations/xbmc-main/tempfiles_txupdate/addons/visualization.glspectrum//resources/language/Croatian/strings.po to URL https://www.transifex.com/api/2/project/xbmc-main/resource/visualization-glspectrum/translation/hr/
2014-03-01 20:46+0000	INFO	HTTPHandler::PutFileToURL: File upload was successful so creating a copy at the .httpcache directory
2014-03-01 20:46+0000	INFO	HTTPHandler::PutFileToURL: Uploading file to Transifex: translations/xbmc-main/tempfiles_txupdate/addons/visualization.glspectrum//resources/language/Hungarian/strings.po
2014-03-01 20:46+0000	INFO	HTTPHandler::curlFileToURL finished with success from File translations/xbmc-main/tempfiles_txupdate/addons/visualization.glspectrum//resources/language/Hungarian/strings.po to URL https://www.transifex.com/api/2/project/xbmc-main/resource/visualization-glspectrum/translation/hu/
2014-03-01 20:46+0000	INFO	HTTPHandler::PutFileToURL: File upload was successful so creating a copy at the .httpcache directory
2014-03-01 20:46+0000	INFO	HTTPHandler::PutFileToURL: Uploading file to Transifex: translations/xbmc-main/tempfiles_txupdate/addons/visualization.glspectrum//resources/language/Indonesian/strings.po
2014-03-01 20:46+0000	INFO	HTTPHandler::curlFileToURL finished with success from File translations/xbmc-main/tempfiles_txupdate/addons/visualization.glspectrum//resources/language/Indonesian/strings.po to URL https://www.transifex.com/api/2/project/xbmc-main/resource/visualization-glspectrum/translation/id/
2014-03-01 20:46+0000	INFO	HTTPHandler::PutFileToURL: File upload was successful so creating a copy at the .httpcache directory
2014-03-01 20:46+0000	INFO	HTTPHandler::PutFileToURL: Uploading file to Transifex: translations/xbmc-main/tempfiles_txupdate/addons/visualization.glspectrum//resources/language/Icelandic/strings.po
2014-03-01 20:46+0000	INFO	HTTPHandler::curlFileToURL finished with success from File translations/xbmc-main/tempfiles_txupdate/addons/visualization.glspectrum//resources/language/Icelandic/strings.po to URL https://www.transifex.com/api/2/project/xbmc-main/resource/visualization-glspectrum/translation/is/
2014-03-01 20:46+0000	INFO	HTTPHandler::PutFileToURL: File upload was successful so creating a copy at the .httpcache directory
2014-03-01 20:46+0000	INFO	HTTPHandler::PutFileToURL: Uploading file to Transifex: translations/xbmc-main/tempfiles_txupdate/addons/visualization.glspectrum//resources/language/Italian/strings.po
2014-03-01 20:46+0000	INFO	HTTPHandler::curlFileToURL finished with success from File translations/xbmc-main/tempfiles_txupdate/addons/visualization.glspectrum//resources/language/Italian/strings.po to URL https://www.transifex.com/api/2/project/xbmc-main/resource/visualization-glspectrum/translation/it/
2014-03-01 20:46+0000	INFO	HTTPHandler::PutFileToURL: File upload was successful so creating a copy at the .httpcache directory
2014-03-01 20:46+0000	INFO	HTTPHandler::PutFileToURL: Uploading file to Transifex: translations/xbmc-main/tempfiles_txupdate/addons/visualization.glspectrum//resources/language/Japanese/strings.po
2014-03-01 20:46+0000	INFO	HTTPHandler::curlFileToURL finished with success from File translations/xbmc-main/tempfiles_txupdate/addons/visualization.glspectrum//resources/language/Japanese/strings.po to URL https://www.transifex.com/api/2/project/xbmc-main/resource/visualization-glspectrum/translation/ja/
2014-03-01 20:46+0000	INFO	HTTPHandler::PutFileToURL: File upload was successful so creating a copy at the .httpcache directory
2014-03-01 20:46+0000	INFO	HTTPHandler::PutFileToURL: Uploading file to Transifex: translations/xbmc-main/tempfiles_txupdate/addons/visualization.glspectrum//resources/language/Korean/strings.po
2014-03-01 20:46+0000	INFO	HTTPHandler::curlFileToURL finished with success from File translations/xbmc-main/tempfiles_txupdate/addons/visualization.glspectrum//resources/language/Korean/strings.po to URL https://www.transifex.com/api/2/project/xbmc-main/resource/visualization-glspectrum/translation/ko/
2014-03-01 20:46+0000	INFO	HTTPHandler::PutFileToURL: File upload was successful so creating a copy at the .httpcache directory
2014-03-01 20:46+0000	INFO	HTTPHandler::PutFileToURL: Uploading file to Transifex: translations/xbmc-main/tempfiles_txupdate/addons/visualization.glspectrum//resources/language/Lithuanian/strings.po
2014-03-01 20:46+0000	INFO	HTTPHandler::curlFileToURL finished with success from File translations/xbmc-main/tempfiles_txupdate/addons/visualization.glspectrum//resources/language/Lithuanian/strings.po to URL https://www.transifex.com/api/2/project/xbmc-main/resource/visualization-glspectrum/translation/lt/
2014-03-01 20:46+0000	INFO	HTTPHandler::PutFileToURL: File upload was successful so creating a copy at the .httpcache directory
2014-03-01 20:46+0000	INFO	HTTPHandler::PutFileToURL: Uploading file to Transifex: translations/xbmc-main/tempfiles_txupdate/addons/visualization.glspectrum//resources/language/Latvian/strings.po
2014-03-01 20:46+0000	INFO	HTTPHandler::curlFileToURL finished with success from File translations/xbmc-main/tempfiles_txupdate/addons/visualization.glspectrum//resources/language/Latvian/strings.po to URL https://www.transifex.com/api/2/project/xbmc-main/resource/visualization-glspectrum/translation/lv/
2014-03-01 20:46+0000	INFO	HTTPHandler::PutFileToURL: File upload was successful so creating a copy at the .httpcache directory
2014-03-01 20:46+0000	INFO	HTTPHandler::PutFileToURL: Uploading file to Transifex: translations/xbmc-main/tempfiles_txupdate/addons/visualization.glspectrum//resources/language/Macedonian/strings.po
2014-03-01 20:46+0000	INFO	HTTPHandler::curlFileToURL finished with success from File translations/xbmc-main/tempfiles_txupdate/addons/visualization.glspectrum//resources/language/Macedonian/strings.po to URL https://www.transifex.com/api/2/project/xbmc-main/resource/visualization-glspectrum/translation/mk/
2014-03-01 20:46+0000	INFO	HTTPHandler::PutFileToURL: File upload was successful so creating a copy at the .httpcache directory
2014-03-01 20:46+0000	INFO	HTTPHandler::PutFileToURL: Uploading file to Transifex: translations/xbmc-main/tempfiles_txupdate/addons/visualization.glspectrum//resources/language/Dutch/strings.po
2014-03-01 20:46+0000	INFO	HTTPHandler::curlFileToURL finished with success from File translations/xbmc-main/tempfiles_txupdate/addons/visualization.glspectrum//resources/language/Dutch/strings.po to URL https://www.transifex.com/api/2/project/xbmc-main/resource/visualization-glspectrum/translation/nl/
2014-03-01 20:46+0000	INFO	HTTPHandler::PutFileToURL: File upload was successful so creating a copy at the .httpcache directory
2014-03-01 20:46+0000	INFO	HTTPHandler::PutFileToURL: Uploading file to Transifex: translations/xbmc-main/tempfiles_txupdate/addons/visualization.glspectrum//resources/language/Norwegian/strings.po
2014-03-01 20:46+0000	INFO	HTTPHandler::curlFileToURL finished with success from File translations/xbmc-main/tempfiles_txupdate/addons/visualization.glspectrum//resources/language/Norwegian/strings.po to URL https://www.transifex.com/api/2/project/xbmc-main/resource/visualization-glspectrum/translation/no/
2014-03-01 20:46+0000	INFO	HTTPHandler::PutFileToURL: File upload was successful so creating a copy at the .httpcache directory
2014-03-01 20:46+0000	INFO	HTTPHandler::PutFileToURL: Uploading file to Transifex: translations/xbmc-main/tempfiles_txupdate/addons/visualization.glspectrum//resources/language/Polish/strings.po
2014-03-01 20:46+0000	INFO	HTTPHandler::curlFileToURL finished with success from File translations/xbmc-main/tempfiles_txupdate/addons/visualization.glspectrum//resources/language/Polish/strings.po to URL https://www.transifex.com/api/2/project/xbmc-main/resource/visualization-glspectrum/translation/pl/
2014-03-01 20:46+0000	INFO	HTTPHandler::PutFileToURL: File upload was successful so creating a copy at the .httpcache directory
2014-03-01 20:46+0000	INFO	HTTPHandler::PutFileToURL: Uploading file to Transifex: translations/xbmc-main/tempfiles_txupdate/addons/visualization.glspectrum//resources/language/Portuguese/strings.po
2014-03-01 20:46+0000	INFO	HTTPHandler::curlFileToURL finished with success from File translations/xbmc-main/tempfiles_txupdate/addons/visualization.glspectrum//resources/language/Portuguese/strings.po to URL https://www.transifex.com/api/2/project/xbmc-main/resource/visualization-glspectrum/translation/pt/
2014-03-01 20:46+0000	INFO	HTTPHandler::PutFileToURL: File upload was successful so creating a copy at the .httpcache directory
2014-03-01 20:46+0000	INFO	HTTPHandler::PutFileToURL: Uploading file to Transifex: translations/xbmc-main/tempfiles_txupdate/addons/visualization.glspectrum//resources/language/Portuguese (Brazil)/strings.po
2014-03-01 20:46+0000	INFO	HTTPHandler::curlFileToURL finished with success from File translations/xbmc-main/tempfiles_txupdate/addons/visualization.glspectrum//resources/language/Portuguese (Brazil)/strings.po to URL https://www.transifex.com/api/2/project/xbmc-main/resource/visualization-glspectrum/translation/pt_BR/
2014-03-01 20:46+0000	INFO	HTTPHandler::PutFileToURL: File upload was successful so creating a copy at the .httpcache directory
2014-03-01 20:46+0000	INFO	HTTPHandler::PutFileToURL: Uploading file to Transifex: translations/xbmc-main/tempfiles_txupdate/addons/visualization.glspectrum//resources/language/Romanian/strings.po
2014-03-01 20:46+0000	INFO	HTTPHandler::curlFileToURL finished with success from File translations/xbmc-main/tempfiles_txupdate/addons/visualization.glspectrum//resources/language/Romanian/strings.po to URL https://www.transifex.com/api/2/project/xbmc-main/resource/visualization-glspectrum/translation/ro/
2014-03-01 20:46+0000	INFO	HTTPHandler::PutFileToURL: File upload was successful so creating a copy at the .httpcache directory
2014-03-01 20:46+0000	INFO	HTTPHandler::PutFileToURL: Uploading file to Transifex: translations/xbmc-main/tempfiles_txupdate/addons/visualization.glspectrum//resources/language/Russian/strings.po
2014-03-01 20:46+0000	INFO	HTTPHandler::curlFileToURL finished with success from File translations/xbmc-main/tempfiles_txupdate/addons/visualization.glspectrum//resources/language/Russian/strings.po to URL https://www.transifex.com/api/2/project/xbmc-main/resource/visualization-glspectrum/translation/ru/
2014-03-01 20:46+0000	INFO	HTTPHandler::PutFileToURL: File upload was successful so creating a copy at the .httpcache directory
2014-03-01 20:46+0000	INFO	HTTPHandler::PutFileToURL: Uploading file to Transifex: translations/xbmc-main/tempfiles_txupdate/addons/visualization.glspectrum//resources/language/Slovak/strings.po
2014-03-01 20:47+0000	INFO	HTTPHandler::curlFileToURL finished with success from File translations/xbmc-main/tempfiles_txupdate/addons/visualization.glspectrum//resources/language/Slovak/strings.po to URL https://www.transifex.com/api/2/project/xbmc-main/resource/visualization-glspectrum/translation/sk/
2014-03-01 20:47+0000	INFO	HTTPHandler::PutFileToURL: File upload was successful so creating a copy at the .httpcache directory
2014-03-01 20:47+0000	INFO	HTTPHandler::PutFileToURL: Uploading file to Transifex: translations/xbmc-main/tempfiles_txupdate/addons/visualization.glspectrum//resources/language/Slovenian/strings.po
2014-03-01 20:47+0000	INFO	HTTPHandler::curlFileToURL finished with success from File translations/xbmc-main/tempfiles_txupdate/addons/visualization.glspectrum//resources/language/Slovenian/strings.po to URL https://www.transifex.com/api/2/project/xbmc-main/resource/visualization-glspectrum/translation/sl/
2014-03-01 20:47+0000	INFO	HTTPHandler::PutFileToURL: File upload was successful so creating a copy at the .httpcache directory
2014-03-01 20:47+0000	INFO	HTTPHandler::PutFileToURL: Uploading file to Transifex: translations/xbmc-main/tempfiles_txupdate/addons/visualization.glspectrum//resources/language/Albanian/strings.po
2014-03-01 20:47+0000	INFO	HTTPHandler::curlFileToURL finished with success from File translations/xbmc-main/tempfiles_txupdate/addons/visualization.glspectrum//resources/language/Albanian/strings.po to URL https://www.transifex.com/api/2/project/xbmc-main/resource/visualization-glspectrum/translation/sq/
2014-03-01 20:47+0000	INFO	HTTPHandler::PutFileToURL: File upload was successful so creating a copy at the .httpcache directory
2014-03-01 20:47+0000	INFO	HTTPHandler::PutFileToURL: Uploading file to Transifex: translations/xbmc-main/tempfiles_txupdate/addons/visualization.glspectrum//resources/language/Swedish/strings.po
2014-03-01 20:47+0000	INFO	HTTPHandler::curlFileToURL finished with success from File translations/xbmc-main/tempfiles_txupdate/addons/visualization.glspectrum//resources/language/Swedish/strings.po to URL https://www.transifex.com/api/2/project/xbmc-main/resource/visualization-glspectrum/translation/sv/
2014-03-01 20:47+0000	INFO	HTTPHandler::PutFileToURL: File upload was successful so creating a copy at the .httpcache directory
2014-03-01 20:47+0000	INFO	HTTPHandler::PutFileToURL: Uploading file to Transifex: translations/xbmc-main/tempfiles_txupdate/addons/visualization.glspectrum//resources/language/Tamil (India)/strings.po
2014-03-01 20:47+0000	INFO	HTTPHandler::curlFileToURL finished with success from File translations/xbmc-main/tempfiles_txupdate/addons/visualization.glspectrum//resources/language/Tamil (India)/strings.po to URL https://www.transifex.com/api/2/project/xbmc-main/resource/visualization-glspectrum/translation/ta_IN/
2014-03-01 20:47+0000	INFO	HTTPHandler::PutFileToURL: File upload was successful so creating a copy at the .httpcache directory
2014-03-01 20:47+0000	INFO	HTTPHandler::PutFileToURL: Uploading file to Transifex: translations/xbmc-main/tempfiles_txupdate/addons/visualization.glspectrum//resources/language/Tajik/strings.po
2014-03-01 20:47+0000	INFO	HTTPHandler::curlFileToURL finished with success from File translations/xbmc-main/tempfiles_txupdate/addons/visualization.glspectrum//resources/language/Tajik/strings.po to URL https://www.transifex.com/api/2/project/xbmc-main/resource/visualization-glspectrum/translation/tg/
2014-03-01 20:47+0000	INFO	HTTPHandler::PutFileToURL: File upload was successful so creating a copy at the .httpcache directory
2014-03-01 20:47+0000	INFO	HTTPHandler::PutFileToURL: Uploading file to Transifex: translations/xbmc-main/tempfiles_txupdate/addons/visualization.glspectrum//resources/language/Thai/strings.po
2014-03-01 20:47+0000	INFO	HTTPHandler::curlFileToURL finished with success from File translations/xbmc-main/tempfiles_txupdate/addons/visualization.glspectrum//resources/language/Thai/strings.po to URL https://www.transifex.com/api/2/project/xbmc-main/resource/visualization-glspectrum/translation/th/
2014-03-01 20:47+0000	INFO	HTTPHandler::PutFileToURL: File upload was successful so creating a copy at the .httpcache directory
2014-03-01 20:47+0000	INFO	HTTPHandler::PutFileToURL: Uploading file to Transifex: translations/xbmc-main/tempfiles_txupdate/addons/visualization.glspectrum//resources/language/Turkish/strings.po
2014-03-01 20:47+0000	INFO	HTTPHandler::curlFileToURL finished with success from File translations/xbmc-main/tempfiles_txupdate/addons/visualization.glspectrum//resources/language/Turkish/strings.po to URL https://www.transifex.com/api/2/project/xbmc-main/resource/visualization-glspectrum/translation/tr/
2014-03-01 20:47+0000	INFO	HTTPHandler::PutFileToURL: File upload was successful so creating a copy at the .httpcache directory
2014-03-01 20:47+0000	INFO	HTTPHandler::PutFileToURL: Uploading file to Transifex: translations/xbmc-main/tempfiles_txupdate/addons/visualization.glspectrum//resources/language/Ukrainian/strings.po
2014-03-01 20:47+0000	INFO	HTTPHandler::curlFileToURL finished with success from File translations/xbmc-main/tempfiles_txupdate/addons/visualization.glspectrum//resources/language/Ukrainian/strings.po to URL https://www.transifex.com/api/2/project/xbmc-main/resource/visualization-glspectrum/translation/uk/
2014-03-01 20:47+0000	INFO	HTTPHandler::PutFileToURL: File upload was successful so creating a copy at the .httpcache directory
2014-03-01 20:47+0000	INFO	HTTPHandler::PutFileToURL: Uploading file to Transifex: translations/xbmc-main/tempfiles_txupdate/addons/visualization.glspectrum//resources/language/Vietnamese/strings.po
2014-03-01 20:47+0000	INFO	HTTPHandler::curlFileToURL finished with success from File translations/xbmc-main/tempfiles_txupdate/addons/visualization.glspectrum//resources/language/Vietnamese/strings.po to URL https://www.transifex.com/api/2/project/xbmc-main/resource/visualization-glspectrum/translation/vi/
2014-03-01 20:47+0000	INFO	HTTPHandler::PutFileToURL: File upload was successful so creating a copy at the .httpcache directory
2014-03-01 20:47+0000	INFO	HTTPHandler::PutFileToURL: Uploading file to Transifex: translations/xbmc-main/tempfiles_txupdate/addons/visualization.glspectrum//resources/language/Chinese (Simple)/strings.po
2014-03-01 20:47+0000	INFO	HTTPHandler::curlFileToURL finished with success from File translations/xbmc-main/tempfiles_txupdate/addons/visualization.glspectrum//resources/language/Chinese (Simple)/strings.po to URL https://www.transifex.com/api/2/project/xbmc-main/resource/visualization-glspectrum/translation/zh/
2014-03-01 20:47+0000	INFO	HTTPHandler::PutFileToURL: File upload was successful so creating a copy at the .httpcache directory
2014-03-01 20:47+0000	INFO	HTTPHandler::PutFileToURL: Uploading file to Transifex: translations/xbmc-main/tempfiles_txupdate/addons/visualization.glspectrum//resources/language/Chinese (Traditional)/strings.po
2014-03-01 20:47+0000	INFO	HTTPHandler::curlFileToURL finished with success from File translations/xbmc-main/tempfiles_txupdate/addons/visualization.glspectrum//resources/language/Chinese (Traditional)/strings.po to URL https://www.transifex.com/api/2/project/xbmc-main/resource/visualization-glspectrum/translation/zh_TW/
2014-03-01 20:47+0000	INFO	HTTPHandler::PutFileToURL: File upload was successful so creating a copy at the .httpcache directory
2014-03-01 20:47+0000	INFO	CProjectHandler::UploadTXUpdateFiles: Uploading resource: visualization.milkdrop, from langdir: translations/xbmc-main/tempfiles_txupdate/addons/visualization.milkdrop//resources/language/
2014-03-01 20:47+0000	INFO	CProjectHandler::GetLangsFromDir: no English directory found at langdir: translations/xbmc-main/tempfiles_txupdate/addons/visualization.milkdrop//resources/language/, skipping upload for this resource.
2014-03-01 20:47+0000	INFO	CProjectHandler::UploadTXUpdateFiles: Uploading resource: visualization.projectm, from langdir: translations/xbmc-main/tempfiles_txupdate/addons/visualization.projectm//resources/language/
2014-03-01 20:47+0000	INFO	CProjectHandler::GetLangsFromDir: no English directory found at langdir: translations/xbmc-main/tempfiles_txupdate/addons/visualization.projectm//resources/language/, skipping upload for this resource.
2014-03-01 20:47+0000	INFO	CProjectHandler::UploadTXUpdateFiles: Uploading resource: visualization.vortex, from langdir: translations/xbmc-main/tempfiles_txupdate/addons/visualization.vortex//resources/language/
2014-03-01 20:47+0000	INFO	CProjectHandler::GetLangsFromDir: no English directory found at langdir: translations/xbmc-main/tempfiles_txupdate/addons/visualization.vortex//resources/language/, skipping upload for this resource.
2014-03-01 20:47+0000	INFO	CProjectHandler::UploadTXUpdateFiles: Uploading resource: visualization.waveform, from langdir: translations/xbmc-main/tempfiles_txupdate/addons/visualization.waveform//resources/language/
2014-03-01 20:47+0000	INFO	CProjectHandler::GetLangsFromDir: no English directory found at langdir: translations/xbmc-main/tempfiles_txupdate/addons/visualization.waveform//resources/language/, skipping upload for this resource.
2014-03-01 20:47+0000	INFO	CProjectHandler::UploadTXUpdateFiles: Uploading resource: webinterface.default, from langdir: translations/xbmc-main/tempfiles_txupdate/addons/webinterface.default//resources/language/
2014-03-01 20:47+0000	INFO	CProjectHandler::GetLangsFromDir: no English directory found at langdir: translations/xbmc-main/tempfiles_txupdate/addons/webinterface.default//resources/language/, skipping upload for this resource.
2014-03-01 20:47+0000	INFO	CProjectHandler::UploadTXUpdateFiles: Uploading resource: xbmc.core, from langdir: translations/xbmc-main/tempfiles_txupdate/language/
2014-03-01 20:47+0000	INFO	HTTPHandler::PutFileToURL: Uploading file to Transifex: translations/xbmc-main/tempfiles_txupdate/language/English/strings.po
2014-03-01 20:47+0000	INFO	HTTPHandler::curlFileToURL finished with success from File translations/xbmc-main/tempfiles_txupdate/language/English/strings.po to URL https://www.transifex.com/api/2/project/xbmc-main/resource/xbmc-core/content/
2014-03-01 20:47+0000	INFO	HTTPHandler::PutFileToURL: File upload was successful so creating a copy at the .httpcache directory
2014-03-01 20:47+0000	INFO	CProjectHandler::UploadTXUpdateFiles: Uploading resource: xbmc.debug, from langdir: translations/xbmc-main/tempfiles_txupdate/addons/xbmc.debug//resources/language/
2014-03-01 20:47+0000	INFO	CProjectHandler::GetLangsFromDir: no English directory found at langdir: translations/xbmc-main/tempfiles_txupdate/addons/xbmc.debug//resources/language/, skipping upload for this resource.
