XBMC-TXUPDATE v0.9 Logfile

2012-10-30 22:35+0000	INFO	Root Directory: translations/xbmc-addons-frodo/
2012-10-30 22:35+0000	INFO	HTTPHandler: Succesfuly found the .passwsords.xml file: translations/xbmc-addons-frodo/.passwords.xml
2012-10-30 22:35+0000	INFO	HTTPHandler: found login credentials for website prefix: https://www.transifex.com/api/2/project/
2012-10-30 22:35+0000	INFO	HTTPHandler: Cache directory set to: translations/xbmc-addons-frodo/.httpcache
2012-10-30 22:35+0000	INFO	UpdXMLHandler: Succesfuly found the update.xml file in the specified project directory
2012-10-30 22:35+0000	INFO	UpdXMLHandler: Found projectname in xbmc-txupdate.xml file: xbmc-addons
2012-10-30 22:35+0000	INFO	UpdXMLHandler: Found http cache expire time in xbmc-txupdate.xml file: 1440
2012-10-30 22:35+0000	INFO	UpdXMLHandler: Found min completion percentage in xbmc-txupdate.xml file: 10%
2012-10-30 22:35+0000	INFO	UpdXMLHandler: No merged language file directory specified in xbmc-txupdate.xml file. Using default value: merged-langfiles
2012-10-30 22:35+0000	INFO	UpdXMLHandler: No temp tx update language file directory specified in xbmc-txupdate.xml file. Using default value: tempfiles_txupdate
2012-10-30 22:35+0000	INFO	UpdXMLHandler: Found support email address in xbmc-txupdate.xml file: alanwww1@xbmc.org
2012-10-30 22:35+0000	INFO	UpdXMLHandler: found resource in update.xml file: plugin.image.iphoto, Type: addon, SubDir: 
2012-10-30 22:35+0000	INFO	UpdXMLHandler: found resource in update.xml file: plugin.video.sagetv, Type: addon, SubDir: 
2012-10-30 22:35+0000	INFO	LCodeHandler: Succesfully fetched 276 language codes from Transifex

2012-10-30 22:35+0000	INFO	****************************************
2012-10-30 22:35+0000	INFO	DOWNLOADING RESOURCES FROM TRANSIFEX.NET
2012-10-30 22:35+0000	INFO	****************************************
2012-10-30 22:35+0000	INFO	JSONHandler: Found 0 resources at Transifex server

2012-10-30 22:35+0000	INFO	***********************************
2012-10-30 22:35+0000	INFO	DOWNLOADING RESOURCES FROM UPSTREAM
2012-10-30 22:35+0000	INFO	***********************************

2012-10-30 22:35+0000	INFO	ProjHandler: ****** FETCH Resource from UPSTREAM: plugin.image.iphoto ******
2012-10-30 22:35+0000	INFO	    ResHandler: Starting to load resource from Upsream URL: https://raw.github.com/jingai/plugin.image.iphoto/master/ into memory
2012-10-30 22:35+0000	INFO	    ResHandler: using language list dwonloaded with github API
2012-10-30 22:35+0000	INFO	    -----------------------------------------------------------------------------
2012-10-30 22:35+0000	INFO	    FetchPOFilesUpstr:	Lang		IDEntry		ClassEntry	CommEntry
2012-10-30 22:35+0000	INFO	    -----------------------------------------------------------------------------
2012-10-30 22:35+0000	INFO	    			en		75		0		6
2012-10-30 22:35+0000	INFO	    			hu		13		0		0
2012-10-30 22:35+0000	INFO	    			pt		9		0		0
2012-10-30 22:35+0000	INFO	    			es		45		0		0

2012-10-30 22:35+0000	INFO	ProjHandler: ****** FETCH Resource from UPSTREAM: plugin.video.sagetv ******
2012-10-30 22:35+0000	INFO	    ResHandler: Starting to load resource from Upsream URL: https://raw.github.com/kricker/plugin.video.sagetv/master/ into memory
2012-10-30 22:35+0000	INFO	    FileUtils: string has Win Style Line Endings. Converted in memory to Linux LF.
2012-10-30 22:35+0000	INFO	    ResHandler: using language list dwonloaded with github API
2012-10-30 22:35+0000	INFO	    HTTPHandler: curlURLToCache finished with success from URL https://api.github.com/repos/kricker/plugin.video.sagetv/contents/resources/language?ref=master to cachefile translations/xbmc-addons-frodo/.httpcache/GEThttps%30--api-github-com-repos-kricker-plugin-video-sagetv-contents-resources-language-ref-master, read filesize: 771bytes
2012-10-30 22:35+0000	INFO	    HTTPHandler: curlURLToCache finished with success from URL https://raw.github.com/kricker/plugin.video.sagetv/master/resources/language/English/strings.xml to cachefile translations/xbmc-addons-frodo/.httpcache/GEThttps%30--raw-github-com-kricker-plugin-video-sagetv-master-resources-language-English-strings-xml, read filesize: 3334bytes
2012-10-30 22:35+0000	INFO	    FileUtils: string has Win Style Line Endings. Converted in memory to Linux LF.
2012-10-30 22:35+0000	INFO	    -----------------------------------------------------------------------------
2012-10-30 22:35+0000	INFO	    FetchPOFilesUpstr:	Lang		IDEntry		ClassEntry	CommEntry
2012-10-30 22:35+0000	INFO	    -----------------------------------------------------------------------------
2012-10-30 22:35+0000	INFO	    			en		53		0		2

2012-10-30 22:35+0000	INFO	*****************
2012-10-30 22:35+0000	INFO	MERGING RESOURCES
2012-10-30 22:35+0000	INFO	*****************
2012-10-30 22:35+0000	INFO	CreateMergedResources started
2012-10-30 22:35+0000	INFO	CreateMergedResources: Merging resource:plugin.image.iphoto
2012-10-30 22:35+0000	INFO	    --------------------------------------------------------------------------------------------
2012-10-30 22:35+0000	INFO	    MergedPOHandler:	Lang		mergedID	mergedClass	updID		updClass
2012-10-30 22:35+0000	INFO	    --------------------------------------------------------------------------------------------
2012-10-30 22:35+0000	INFO	    			en		75		0		75		2
2012-10-30 22:35+0000	INFO	    			es		75		0		45		0
2012-10-30 22:35+0000	INFO	    			hu		75		0		13		2
2012-10-30 22:35+0000	INFO	    			pt		75		0		9		2
2012-10-30 22:35+0000	INFO	CreateMergedResources: Merging resource:plugin.video.sagetv
2012-10-30 22:35+0000	INFO	    --------------------------------------------------------------------------------------------
2012-10-30 22:35+0000	INFO	    MergedPOHandler:	Lang		mergedID	mergedClass	updID		updClass
2012-10-30 22:35+0000	INFO	    --------------------------------------------------------------------------------------------
2012-10-30 22:35+0000	INFO	    			en		53		0		53		2

2012-10-30 22:35+0000	INFO	********************************************
2012-10-30 22:35+0000	INFO	WRITING MERGED AND TXUPDATE RESOURCES TO HDD
2012-10-30 22:35+0000	INFO	********************************************
2012-10-30 22:35+0000	INFO	Deleting merged language file directory

2012-10-30 22:35+0000	INFO	ProjHandler: *** Write Merged Resource: plugin.image.iphoto ***
2012-10-30 22:35+0000	INFO	    --------------------------------------------------------------
2012-10-30 22:35+0000	INFO	    WritePOFiles:	Lang		IDEntry		ClassEntry
2012-10-30 22:35+0000	INFO	    --------------------------------------------------------------
2012-10-30 22:35+0000	INFO	    			en		75		0
2012-10-30 22:35+0000	INFO	    			es		75		0
2012-10-30 22:35+0000	INFO	    			hu		75		0
2012-10-30 22:35+0000	INFO	    			pt		75		0

2012-10-30 22:35+0000	INFO	ProjHandler: *** Write Merged Resource: plugin.video.sagetv ***
2012-10-30 22:35+0000	INFO	    --------------------------------------------------------------
2012-10-30 22:35+0000	INFO	    WritePOFiles:	Lang		IDEntry		ClassEntry
2012-10-30 22:35+0000	INFO	    --------------------------------------------------------------
2012-10-30 22:35+0000	INFO	    			en		53		0
2012-10-30 22:35+0000	INFO	Deleting tx update language file directory

2012-10-30 22:35+0000	INFO	ProjHandler: *** Write UpdTX Resource: plugin.image.iphoto ***
2012-10-30 22:35+0000	INFO	    --------------------------------------------------------------
2012-10-30 22:35+0000	INFO	    WritePOFiles:	Lang		IDEntry		ClassEntry
2012-10-30 22:35+0000	INFO	    --------------------------------------------------------------
2012-10-30 22:35+0000	INFO	    			en		75		2
2012-10-30 22:35+0000	INFO	    			es		45		0
2012-10-30 22:35+0000	INFO	    			hu		13		2
2012-10-30 22:35+0000	INFO	    			pt		9		2

2012-10-30 22:35+0000	INFO	ProjHandler: *** Write UpdTX Resource: plugin.video.sagetv ***
2012-10-30 22:35+0000	INFO	    --------------------------------------------------------------
2012-10-30 22:35+0000	INFO	    WritePOFiles:	Lang		IDEntry		ClassEntry
2012-10-30 22:35+0000	INFO	    --------------------------------------------------------------
2012-10-30 22:35+0000	INFO	    			en		53		2
