XBMC-TXUPDATE v0.932 Syntax-Check Logfile

Addon: plugin.video.vimeo, Lang: es_AR, Warning: count missmatch of char "%"
msgctxt "#30512"
msgid "Subscribe to %s"
msgstr "Subscribirse a %s%"


Addon: plugin.video.vimeo, Lang: es_AR, Warning: count missmatch of char "%"
msgctxt "#30513"
msgid "Unsubscribe from %s"
msgstr "Dar de baja de %s%"


Addon: plugin.video.youtube, Lang: es_AR, Warning: count missmatch of char "%"
msgctxt "#30512"
msgid "Subscribe to %s"
msgstr "Subscribirse a %s%"


Addon: plugin.video.youtube, Lang: es_AR, Warning: count missmatch of char "%"
msgctxt "#30513"
msgid "Unsubscribe from %s"
msgstr "Dar de baja de %s%"


Addon: plugin.video.youtube, Lang: th, Warning: count missmatch of char "\n"
msgctxt "#30219"
msgid "Moderate"
msgstr "	\nปานกลาง"


Addon: plugin.video.youtube, Lang: th, Warning: count missmatch of char "\n"
msgctxt "#30220"
msgid "Strict"
msgstr "	\nเคร่งครัด"


Addon: pvr.mediaportal.tvserver, Lang: lt, Warning: count missmatch of char "%"
msgctxt "#30051"
msgid "Your TVServerXBMC version is too old. Please upgrade to '%s' or higher!"
msgstr "Jūsų TVServer XBMC versija '%s' yra per sena. Prašome atnaujinti į '%s' arba naujesnę!"


Addon: pvr.mediaportal.tvserver, Lang: my, Warning: count missmatch of char "%"
msgctxt "#30051"
msgid "Your TVServerXBMC version is too old. Please upgrade to '%s' or higher!"
msgstr "သင်၏ TVServerXBMC ဗားရှင်း '%s' သည်အရမ်;ဟောင်းနေသည်။'%s' သို့မဟုတ် သူ့ထက်မြင့်သောဗားရှင်းသို့အဆင့်မြင့်ပါ"


Addon: pvr.vdr.vnsi, Lang: ar, Warning: count missmatch of char "%"
msgctxt "#30039"
msgid "Running"
msgstr "%i جزء"


Addon: weather.wunderground, Lang: th, Warning: count missmatch of char "\n"
msgctxt "#32511"
msgid "Watch"
msgstr "	\nเฝ้าดู"


Total Syntax Warnings: 10
