XBMC-TXUPDATE v0.9 Logfile

2012-11-17 10:55+0000	INFO	Root Directory: translations/xbmc-main-frodo/
2012-11-17 10:55+0000	INFO	HTTPHandler: Succesfuly found the .passwsords.xml file: translations/xbmc-main-frodo/.passwords.xml
2012-11-17 10:55+0000	INFO	HTTPHandler: found login credentials for website prefix: https://www.transifex.com/api/2/project/
2012-11-17 10:55+0000	INFO	HTTPHandler: Cache directory set to: translations/xbmc-main-frodo/.httpcache
2012-11-17 10:55+0000	INFO	UpdXMLHandler: Succesfuly found the update.xml file in the specified project directory
2012-11-17 10:55+0000	INFO	UpdXMLHandler: Found projectname in xbmc-txupdate.xml file: XBMC-Main-Frodo
2012-11-17 10:55+0000	INFO	UpdXMLHandler: Found http cache expire time in xbmc-txupdate.xml file: 360
2012-11-17 10:55+0000	INFO	UpdXMLHandler: Found min completion percentage in xbmc-txupdate.xml file: 10%
2012-11-17 10:55+0000	INFO	UpdXMLHandler: No merged language file directory specified in xbmc-txupdate.xml file. Using default value: merged-langfiles
2012-11-17 10:55+0000	INFO	UpdXMLHandler: No temp tx update language file directory specified in xbmc-txupdate.xml file. Using default value: tempfiles_txupdate
2012-11-17 10:55+0000	INFO	UpdXMLHandler: Found support email address in xbmc-txupdate.xml file: http://trac.xbmc.org/
2012-11-17 10:55+0000	INFO	UpdXMLHandler: found resource in update.xml file: script.xbmc.subtitles, Type: addon, SubDir: addons_ext_plugins
2012-11-17 10:55+0000	INFO	UpdXMLHandler: found resource in update.xml file: skin.touched, Type: skin, SubDir: addons_ext_plugins
2012-11-17 10:55+0000	INFO	UpdXMLHandler: found resource in update.xml file: repository.xbmc.org, Type: addon_nostrings, SubDir: addons
2012-11-17 10:55+0000	INFO	UpdXMLHandler: found resource in update.xml file: webinterface.default, Type: addon_nostrings, SubDir: addons
2012-11-17 10:55+0000	INFO	UpdXMLHandler: found resource in update.xml file: screensaver.rsxs.euphoria, Type: addon_nostrings, SubDir: addons
2012-11-17 10:55+0000	INFO	UpdXMLHandler: found resource in update.xml file: screensaver.rsxs.plasma, Type: addon_nostrings, SubDir: addons
2012-11-17 10:55+0000	INFO	UpdXMLHandler: found resource in update.xml file: screensaver.rsxs.solarwinds, Type: addon_nostrings, SubDir: addons
2012-11-17 10:55+0000	INFO	UpdXMLHandler: found resource in update.xml file: screensaver.xbmc.builtin.black, Type: addon_nostrings, SubDir: addons
2012-11-17 10:55+0000	INFO	UpdXMLHandler: found resource in update.xml file: screensaver.xbmc.builtin.dim, Type: addon, SubDir: addons
2012-11-17 10:55+0000	INFO	UpdXMLHandler: found resource in update.xml file: skin.confluence, Type: skin, SubDir: addons
2012-11-17 10:55+0000	INFO	UpdXMLHandler: found resource in update.xml file: visualization.dxspectrum, Type: addon, SubDir: addons
2012-11-17 10:55+0000	INFO	UpdXMLHandler: found resource in update.xml file: visualization.glspectrum, Type: addon, SubDir: addons
2012-11-17 10:55+0000	INFO	UpdXMLHandler: found resource in update.xml file: visualization.itunes, Type: addon_nostrings, SubDir: addons
2012-11-17 10:55+0000	INFO	UpdXMLHandler: found resource in update.xml file: visualization.milkdrop, Type: addon, SubDir: addons
2012-11-17 10:55+0000	INFO	UpdXMLHandler: found resource in update.xml file: visualization.projectm, Type: addon, SubDir: addons
2012-11-17 10:55+0000	INFO	UpdXMLHandler: found resource in update.xml file: visualization.waveform, Type: addon_nostrings, SubDir: addons
2012-11-17 10:55+0000	INFO	UpdXMLHandler: found resource in update.xml file: weather.wunderground, Type: addon, SubDir: addons_ext_plugins
2012-11-17 10:55+0000	INFO	UpdXMLHandler: found resource in update.xml file: pvr.fortherecord.argus, Type: addon, SubDir: addons_ext_pvr
2012-11-17 10:55+0000	INFO	UpdXMLHandler: found resource in update.xml file: pvr.hts, Type: addon, SubDir: addons_ext_pvr
2012-11-17 10:55+0000	INFO	UpdXMLHandler: found resource in update.xml file: pvr.mediaportal.tvserver, Type: addon, SubDir: addons_ext_pvr
2012-11-17 10:55+0000	INFO	UpdXMLHandler: found resource in update.xml file: pvr.nextpvr, Type: addon, SubDir: addons_ext_pvr
2012-11-17 10:55+0000	INFO	UpdXMLHandler: found resource in update.xml file: pvr.vdr.vnsi, Type: addon, SubDir: addons_ext_pvr
2012-11-17 10:55+0000	INFO	UpdXMLHandler: found resource in update.xml file: pvr.vuplus, Type: addon, SubDir: addons_ext_pvr
2012-11-17 10:55+0000	INFO	UpdXMLHandler: found resource in update.xml file: pvr.mythtv.cmyth, Type: addon, SubDir: addons_ext_pvr
2012-11-17 10:55+0000	INFO	UpdXMLHandler: found resource in update.xml file: pvr.dvbviewer, Type: addon, SubDir: addons_ext_pvr
2012-11-17 10:55+0000	INFO	UpdXMLHandler: found resource in update.xml file: metadata.album.universal, Type: addon, SubDir: addons_ext_scapers
2012-11-17 10:55+0000	INFO	UpdXMLHandler: found resource in update.xml file: metadata.artists.universal, Type: addon, SubDir: addons_ext_scapers
2012-11-17 10:55+0000	INFO	UpdXMLHandler: found resource in update.xml file: metadata.themoviedb.org, Type: addon, SubDir: addons_ext_scapers
2012-11-17 10:55+0000	INFO	UpdXMLHandler: found resource in update.xml file: metadata.tvdb.com, Type: addon, SubDir: addons_ext_scapers
2012-11-17 10:55+0000	INFO	UpdXMLHandler: found resource in update.xml file: metadata.musicvideos.last.fm, Type: addon, SubDir: addons_ext_scapers
2012-11-17 10:55+0000	INFO	UpdXMLHandler: found resource in update.xml file: xbmc.core, Type: xbmc_core, SubDir: 
2012-11-17 10:55+0000	INFO	UpdXMLHandler: found resource in update.xml file: plugin.video.youtube, Type: addon, SubDir: addons_ext_plugins
2012-11-17 10:55+0000	INFO	UpdXMLHandler: found resource in update.xml file: webinterface.default, Type: addon_nostrings, SubDir: addons
2012-11-17 10:55+0000	INFO	LCodeHandler: Succesfully fetched 276 language codes from Transifex
2012-11-17 10:55+0000	INFO	JSONHandler: found resource on Transifex server: xbmc-core
2012-11-17 10:55+0000	INFO	JSONHandler: found resource on Transifex server: skin-confluence
2012-11-17 10:55+0000	INFO	JSONHandler: found resource on Transifex server: repository-xbmc-org
2012-11-17 10:55+0000	INFO	JSONHandler: found resource on Transifex server: screensaver-rsxs-euphoria
2012-11-17 10:55+0000	INFO	JSONHandler: found resource on Transifex server: screensaver-rsxs-plasma
2012-11-17 10:55+0000	INFO	JSONHandler: found resource on Transifex server: screensaver-rsxs-solarwinds
2012-11-17 10:55+0000	INFO	JSONHandler: found resource on Transifex server: screensaver-xbmc-builtin-black
2012-11-17 10:55+0000	INFO	JSONHandler: found resource on Transifex server: screensaver-xbmc-builtin-dim
2012-11-17 10:55+0000	INFO	JSONHandler: found resource on Transifex server: screensaver-xbmc-builtin-slideshow
2012-11-17 10:55+0000	INFO	JSONHandler: found resource on Transifex server: visualization-dxspectrum
2012-11-17 10:55+0000	INFO	JSONHandler: found resource on Transifex server: visualization-glspectrum
2012-11-17 10:55+0000	INFO	JSONHandler: found resource on Transifex server: visualization-itunes
2012-11-17 10:55+0000	INFO	JSONHandler: found resource on Transifex server: visualization-milkdrop
2012-11-17 10:55+0000	INFO	JSONHandler: found resource on Transifex server: visualization-projectm
2012-11-17 10:55+0000	INFO	JSONHandler: found resource on Transifex server: visualization-waveform
2012-11-17 10:55+0000	INFO	JSONHandler: found resource on Transifex server: weather-wunderground
2012-11-17 10:55+0000	INFO	JSONHandler: found resource on Transifex server: skin-touched
2012-11-17 10:55+0000	INFO	JSONHandler: found resource on Transifex server: script-xbmc-subtitles
2012-11-17 10:55+0000	INFO	JSONHandler: found resource on Transifex server: metadata-album-universal
2012-11-17 10:55+0000	INFO	JSONHandler: found resource on Transifex server: metadata-artists-universal
2012-11-17 10:55+0000	INFO	JSONHandler: found resource on Transifex server: metadata-musicvideos-last-fm
2012-11-17 10:55+0000	INFO	JSONHandler: found resource on Transifex server: metadata-themoviedb-org
2012-11-17 10:55+0000	INFO	JSONHandler: found resource on Transifex server: metadata-tvdb-com
2012-11-17 10:55+0000	INFO	JSONHandler: found resource on Transifex server: plugin-video-youtube
2012-11-17 10:55+0000	INFO	JSONHandler: found resource on Transifex server: pvr-fortherecord-argus
2012-11-17 10:55+0000	INFO	JSONHandler: found resource on Transifex server: pvr-hts
2012-11-17 10:55+0000	INFO	JSONHandler: found resource on Transifex server: pvr-mediaportal-tvserver
2012-11-17 10:55+0000	INFO	JSONHandler: found resource on Transifex server: pvr-nextpvr
2012-11-17 10:55+0000	INFO	JSONHandler: found resource on Transifex server: pvr-vdr-vnsi
2012-11-17 10:55+0000	INFO	JSONHandler: found resource on Transifex server: pvr-vuplus
2012-11-17 10:55+0000	INFO	JSONHandler: found resource on Transifex server: webinterface-default
2012-11-17 10:55+0000	INFO	JSONHandler: found resource on Transifex server: pvr-mythtv-cmyth
2012-11-17 10:55+0000	INFO	JSONHandler: Found 32 resources at Transifex server
2012-11-17 10:55+0000	INFO	CProjectHandler::UploadTXUpdateFiles: Uploading resource: metadata.album.universal, from langdir: translations/xbmc-main-frodo/tempfiles_txupdate/addons_ext_scapers/metadata.album.universal//resources/language/
2012-11-17 10:55+0000	INFO	CProjectHandler::GetLangsFromDir: no English directory found at langdir: translations/xbmc-main-frodo/tempfiles_txupdate/addons_ext_scapers/metadata.album.universal//resources/language/, skipping upload for this resource.
2012-11-17 10:55+0000	INFO	CProjectHandler::UploadTXUpdateFiles: Uploading resource: metadata.artists.universal, from langdir: translations/xbmc-main-frodo/tempfiles_txupdate/addons_ext_scapers/metadata.artists.universal//resources/language/
2012-11-17 10:55+0000	INFO	CProjectHandler::GetLangsFromDir: no English directory found at langdir: translations/xbmc-main-frodo/tempfiles_txupdate/addons_ext_scapers/metadata.artists.universal//resources/language/, skipping upload for this resource.
2012-11-17 10:55+0000	INFO	CProjectHandler::UploadTXUpdateFiles: Uploading resource: metadata.musicvideos.last.fm, from langdir: translations/xbmc-main-frodo/tempfiles_txupdate/addons_ext_scapers/metadata.musicvideos.last.fm//resources/language/
2012-11-17 10:55+0000	INFO	CProjectHandler::GetLangsFromDir: no English directory found at langdir: translations/xbmc-main-frodo/tempfiles_txupdate/addons_ext_scapers/metadata.musicvideos.last.fm//resources/language/, skipping upload for this resource.
2012-11-17 10:55+0000	INFO	CProjectHandler::UploadTXUpdateFiles: Uploading resource: metadata.themoviedb.org, from langdir: translations/xbmc-main-frodo/tempfiles_txupdate/addons_ext_scapers/metadata.themoviedb.org//resources/language/
2012-11-17 10:55+0000	INFO	CProjectHandler::GetLangsFromDir: no English directory found at langdir: translations/xbmc-main-frodo/tempfiles_txupdate/addons_ext_scapers/metadata.themoviedb.org//resources/language/, skipping upload for this resource.
2012-11-17 10:55+0000	INFO	CProjectHandler::UploadTXUpdateFiles: Uploading resource: metadata.tvdb.com, from langdir: translations/xbmc-main-frodo/tempfiles_txupdate/addons_ext_scapers/metadata.tvdb.com//resources/language/
2012-11-17 10:55+0000	INFO	CProjectHandler::GetLangsFromDir: no English directory found at langdir: translations/xbmc-main-frodo/tempfiles_txupdate/addons_ext_scapers/metadata.tvdb.com//resources/language/, skipping upload for this resource.
2012-11-17 10:55+0000	INFO	CProjectHandler::UploadTXUpdateFiles: Uploading resource: plugin.video.youtube, from langdir: translations/xbmc-main-frodo/tempfiles_txupdate/addons_ext_plugins/plugin.video.youtube//resources/language/
2012-11-17 10:55+0000	INFO	CProjectHandler::GetLangsFromDir: no English directory found at langdir: translations/xbmc-main-frodo/tempfiles_txupdate/addons_ext_plugins/plugin.video.youtube//resources/language/, skipping upload for this resource.
2012-11-17 10:55+0000	INFO	CProjectHandler::UploadTXUpdateFiles: Uploading resource: pvr.dvbviewer, from langdir: translations/xbmc-main-frodo/tempfiles_txupdate/addons_ext_pvr/pvr.dvbviewer/addon/resources/language/
2012-11-17 10:55+0000	INFO	CProjectHandler::UploadTXUpdateFiles: No resource pvr.dvbviewer exists on Transifex. Creating it now.
2012-11-17 10:55+0000	INFO	CHTTPHandler::CreateNewResource finished with success for resource pvr-dvbviewer from EN PO file translations/xbmc-main-frodo/tempfiles_txupdate/addons_ext_pvr/pvr.dvbviewer/addon/resources/language/English/strings.po to URL https://www.transifex.com/api/2/project/XBMC-Main-Frodo/resources/
2012-11-17 10:55+0000	INFO	CProjectHandler::UploadTXUpdateFiles: Resource pvr.dvbviewer was succesfully created with 13 English strings.
2012-11-17 10:55+0000	INFO	CProjectHandler::UploadTXUpdateFiles: Uploading resource: pvr.fortherecord.argus, from langdir: translations/xbmc-main-frodo/tempfiles_txupdate/addons_ext_pvr/pvr.fortherecord.argus//resources/language/
2012-11-17 10:55+0000	INFO	CProjectHandler::GetLangsFromDir: no English directory found at langdir: translations/xbmc-main-frodo/tempfiles_txupdate/addons_ext_pvr/pvr.fortherecord.argus//resources/language/, skipping upload for this resource.
2012-11-17 10:55+0000	INFO	CProjectHandler::UploadTXUpdateFiles: Uploading resource: pvr.hts, from langdir: translations/xbmc-main-frodo/tempfiles_txupdate/addons_ext_pvr/pvr.hts/addon/resources/language/
2012-11-17 10:55+0000	INFO	CProjectHandler::GetLangsFromDir: no English directory found at langdir: translations/xbmc-main-frodo/tempfiles_txupdate/addons_ext_pvr/pvr.hts/addon/resources/language/, skipping upload for this resource.
2012-11-17 10:55+0000	INFO	CProjectHandler::UploadTXUpdateFiles: Uploading resource: pvr.mediaportal.tvserver, from langdir: translations/xbmc-main-frodo/tempfiles_txupdate/addons_ext_pvr/pvr.mediaportal.tvserver/addon/resources/language/
2012-11-17 10:55+0000	INFO	CProjectHandler::GetLangsFromDir: no English directory found at langdir: translations/xbmc-main-frodo/tempfiles_txupdate/addons_ext_pvr/pvr.mediaportal.tvserver/addon/resources/language/, skipping upload for this resource.
2012-11-17 10:55+0000	INFO	CProjectHandler::UploadTXUpdateFiles: Uploading resource: pvr.mythtv.cmyth, from langdir: translations/xbmc-main-frodo/tempfiles_txupdate/addons_ext_pvr/pvr.mythtv.cmyth/addon/resources/language/
2012-11-17 10:55+0000	INFO	HTTPHandler::PutFileToURL: not necesarry to upload file as it has not changed from last upload. File: translations/xbmc-main-frodo/tempfiles_txupdate/addons_ext_pvr/pvr.mythtv.cmyth/addon/resources/language/English/strings.po
2012-11-17 10:55+0000	INFO	CProjectHandler::UploadTXUpdateFiles: Uploading resource: pvr.nextpvr, from langdir: translations/xbmc-main-frodo/tempfiles_txupdate/addons_ext_pvr/pvr.nextpvr/addon/resources/language/
2012-11-17 10:55+0000	INFO	CProjectHandler::GetLangsFromDir: no English directory found at langdir: translations/xbmc-main-frodo/tempfiles_txupdate/addons_ext_pvr/pvr.nextpvr/addon/resources/language/, skipping upload for this resource.
2012-11-17 10:55+0000	INFO	CProjectHandler::UploadTXUpdateFiles: Uploading resource: pvr.vdr.vnsi, from langdir: translations/xbmc-main-frodo/tempfiles_txupdate/addons_ext_pvr/pvr.vdr.vnsi/addon/resources/language/
2012-11-17 10:55+0000	INFO	CProjectHandler::GetLangsFromDir: no English directory found at langdir: translations/xbmc-main-frodo/tempfiles_txupdate/addons_ext_pvr/pvr.vdr.vnsi/addon/resources/language/, skipping upload for this resource.
2012-11-17 10:55+0000	INFO	CProjectHandler::UploadTXUpdateFiles: Uploading resource: pvr.vuplus, from langdir: translations/xbmc-main-frodo/tempfiles_txupdate/addons_ext_pvr/pvr.vuplus/addon/resources/language/
2012-11-17 10:55+0000	INFO	CProjectHandler::GetLangsFromDir: no English directory found at langdir: translations/xbmc-main-frodo/tempfiles_txupdate/addons_ext_pvr/pvr.vuplus/addon/resources/language/, skipping upload for this resource.
2012-11-17 10:55+0000	INFO	CProjectHandler::UploadTXUpdateFiles: Uploading resource: repository.xbmc.org, from langdir: translations/xbmc-main-frodo/tempfiles_txupdate/addons/repository.xbmc.org//resources/language/
2012-11-17 10:55+0000	INFO	CProjectHandler::GetLangsFromDir: no English directory found at langdir: translations/xbmc-main-frodo/tempfiles_txupdate/addons/repository.xbmc.org//resources/language/, skipping upload for this resource.
2012-11-17 10:55+0000	INFO	CProjectHandler::UploadTXUpdateFiles: Uploading resource: screensaver.rsxs.euphoria, from langdir: translations/xbmc-main-frodo/tempfiles_txupdate/addons/screensaver.rsxs.euphoria//resources/language/
2012-11-17 10:55+0000	INFO	CProjectHandler::GetLangsFromDir: no English directory found at langdir: translations/xbmc-main-frodo/tempfiles_txupdate/addons/screensaver.rsxs.euphoria//resources/language/, skipping upload for this resource.
2012-11-17 10:55+0000	INFO	CProjectHandler::UploadTXUpdateFiles: Uploading resource: screensaver.rsxs.plasma, from langdir: translations/xbmc-main-frodo/tempfiles_txupdate/addons/screensaver.rsxs.plasma//resources/language/
2012-11-17 10:55+0000	INFO	CProjectHandler::GetLangsFromDir: no English directory found at langdir: translations/xbmc-main-frodo/tempfiles_txupdate/addons/screensaver.rsxs.plasma//resources/language/, skipping upload for this resource.
2012-11-17 10:55+0000	INFO	CProjectHandler::UploadTXUpdateFiles: Uploading resource: screensaver.rsxs.solarwinds, from langdir: translations/xbmc-main-frodo/tempfiles_txupdate/addons/screensaver.rsxs.solarwinds//resources/language/
2012-11-17 10:55+0000	INFO	CProjectHandler::GetLangsFromDir: no English directory found at langdir: translations/xbmc-main-frodo/tempfiles_txupdate/addons/screensaver.rsxs.solarwinds//resources/language/, skipping upload for this resource.
2012-11-17 10:55+0000	INFO	CProjectHandler::UploadTXUpdateFiles: Uploading resource: screensaver.xbmc.builtin.black, from langdir: translations/xbmc-main-frodo/tempfiles_txupdate/addons/screensaver.xbmc.builtin.black//resources/language/
2012-11-17 10:55+0000	INFO	CProjectHandler::GetLangsFromDir: no English directory found at langdir: translations/xbmc-main-frodo/tempfiles_txupdate/addons/screensaver.xbmc.builtin.black//resources/language/, skipping upload for this resource.
2012-11-17 10:55+0000	INFO	CProjectHandler::UploadTXUpdateFiles: Uploading resource: screensaver.xbmc.builtin.dim, from langdir: translations/xbmc-main-frodo/tempfiles_txupdate/addons/screensaver.xbmc.builtin.dim//resources/language/
2012-11-17 10:55+0000	INFO	CProjectHandler::GetLangsFromDir: no English directory found at langdir: translations/xbmc-main-frodo/tempfiles_txupdate/addons/screensaver.xbmc.builtin.dim//resources/language/, skipping upload for this resource.
2012-11-17 10:55+0000	INFO	CProjectHandler::UploadTXUpdateFiles: Uploading resource: script.xbmc.subtitles, from langdir: translations/xbmc-main-frodo/tempfiles_txupdate/addons_ext_plugins/script.xbmc.subtitles//resources/language/
2012-11-17 10:55+0000	INFO	CProjectHandler::GetLangsFromDir: no English directory found at langdir: translations/xbmc-main-frodo/tempfiles_txupdate/addons_ext_plugins/script.xbmc.subtitles//resources/language/, skipping upload for this resource.
2012-11-17 10:55+0000	INFO	CProjectHandler::UploadTXUpdateFiles: Uploading resource: skin.confluence, from langdir: translations/xbmc-main-frodo/tempfiles_txupdate/addons/skin.confluence//language/
2012-11-17 10:55+0000	INFO	CProjectHandler::GetLangsFromDir: no English directory found at langdir: translations/xbmc-main-frodo/tempfiles_txupdate/addons/skin.confluence//language/, skipping upload for this resource.
2012-11-17 10:55+0000	INFO	CProjectHandler::UploadTXUpdateFiles: Uploading resource: skin.touched, from langdir: translations/xbmc-main-frodo/tempfiles_txupdate/addons_ext_plugins/skin.touched//language/
2012-11-17 10:55+0000	INFO	CProjectHandler::GetLangsFromDir: no English directory found at langdir: translations/xbmc-main-frodo/tempfiles_txupdate/addons_ext_plugins/skin.touched//language/, skipping upload for this resource.
2012-11-17 10:55+0000	INFO	CProjectHandler::UploadTXUpdateFiles: Uploading resource: visualization.dxspectrum, from langdir: translations/xbmc-main-frodo/tempfiles_txupdate/addons/visualization.dxspectrum//resources/language/
2012-11-17 10:55+0000	INFO	CProjectHandler::GetLangsFromDir: no English directory found at langdir: translations/xbmc-main-frodo/tempfiles_txupdate/addons/visualization.dxspectrum//resources/language/, skipping upload for this resource.
2012-11-17 10:55+0000	INFO	CProjectHandler::UploadTXUpdateFiles: Uploading resource: visualization.glspectrum, from langdir: translations/xbmc-main-frodo/tempfiles_txupdate/addons/visualization.glspectrum//resources/language/
2012-11-17 10:55+0000	INFO	CProjectHandler::GetLangsFromDir: no English directory found at langdir: translations/xbmc-main-frodo/tempfiles_txupdate/addons/visualization.glspectrum//resources/language/, skipping upload for this resource.
2012-11-17 10:55+0000	INFO	CProjectHandler::UploadTXUpdateFiles: Uploading resource: visualization.itunes, from langdir: translations/xbmc-main-frodo/tempfiles_txupdate/addons/visualization.itunes//resources/language/
2012-11-17 10:55+0000	INFO	CProjectHandler::GetLangsFromDir: no English directory found at langdir: translations/xbmc-main-frodo/tempfiles_txupdate/addons/visualization.itunes//resources/language/, skipping upload for this resource.
2012-11-17 10:55+0000	INFO	CProjectHandler::UploadTXUpdateFiles: Uploading resource: visualization.milkdrop, from langdir: translations/xbmc-main-frodo/tempfiles_txupdate/addons/visualization.milkdrop//resources/language/
2012-11-17 10:55+0000	INFO	CProjectHandler::GetLangsFromDir: no English directory found at langdir: translations/xbmc-main-frodo/tempfiles_txupdate/addons/visualization.milkdrop//resources/language/, skipping upload for this resource.
2012-11-17 10:55+0000	INFO	CProjectHandler::UploadTXUpdateFiles: Uploading resource: visualization.projectm, from langdir: translations/xbmc-main-frodo/tempfiles_txupdate/addons/visualization.projectm//resources/language/
2012-11-17 10:55+0000	INFO	CProjectHandler::GetLangsFromDir: no English directory found at langdir: translations/xbmc-main-frodo/tempfiles_txupdate/addons/visualization.projectm//resources/language/, skipping upload for this resource.
2012-11-17 10:55+0000	INFO	CProjectHandler::UploadTXUpdateFiles: Uploading resource: visualization.waveform, from langdir: translations/xbmc-main-frodo/tempfiles_txupdate/addons/visualization.waveform//resources/language/
2012-11-17 10:55+0000	INFO	CProjectHandler::GetLangsFromDir: no English directory found at langdir: translations/xbmc-main-frodo/tempfiles_txupdate/addons/visualization.waveform//resources/language/, skipping upload for this resource.
2012-11-17 10:55+0000	INFO	CProjectHandler::UploadTXUpdateFiles: Uploading resource: weather.wunderground, from langdir: translations/xbmc-main-frodo/tempfiles_txupdate/addons_ext_plugins/weather.wunderground//resources/language/
2012-11-17 10:55+0000	INFO	HTTPHandler::PutFileToURL: not necesarry to upload file as it has not changed from last upload. File: translations/xbmc-main-frodo/tempfiles_txupdate/addons_ext_plugins/weather.wunderground//resources/language/English/strings.po
2012-11-17 10:55+0000	INFO	CProjectHandler::UploadTXUpdateFiles: Uploading resource: webinterface.default, from langdir: translations/xbmc-main-frodo/tempfiles_txupdate/addons/webinterface.default//resources/language/
2012-11-17 10:55+0000	INFO	CProjectHandler::GetLangsFromDir: no English directory found at langdir: translations/xbmc-main-frodo/tempfiles_txupdate/addons/webinterface.default//resources/language/, skipping upload for this resource.
2012-11-17 10:55+0000	INFO	CProjectHandler::UploadTXUpdateFiles: Uploading resource: xbmc.core, from langdir: translations/xbmc-main-frodo/tempfiles_txupdate/language/
2012-11-17 10:55+0000	INFO	HTTPHandler::PutFileToURL: not necesarry to upload file as it has not changed from last upload. File: translations/xbmc-main-frodo/tempfiles_txupdate/language/English/strings.po
2012-11-17 10:55+0000	INFO	HTTPHandler::PutFileToURL: not necesarry to upload file as it has not changed from last upload. File: translations/xbmc-main-frodo/tempfiles_txupdate/language/Catalan/strings.po
